[2022-11-21T10:41:38.917+0000] {taskinstance.py:1165} INFO - Dependencies all met for <TaskInstance: python_dependences.task3 scheduled__2022-11-20T00:00:00+00:00 [queued]>
[2022-11-21T10:41:38.948+0000] {taskinstance.py:1165} INFO - Dependencies all met for <TaskInstance: python_dependences.task3 scheduled__2022-11-20T00:00:00+00:00 [queued]>
[2022-11-21T10:41:38.952+0000] {taskinstance.py:1362} INFO - 
--------------------------------------------------------------------------------
[2022-11-21T10:41:38.955+0000] {taskinstance.py:1363} INFO - Starting attempt 1 of 3
[2022-11-21T10:41:38.958+0000] {taskinstance.py:1364} INFO - 
--------------------------------------------------------------------------------
[2022-11-21T10:41:38.989+0000] {taskinstance.py:1383} INFO - Executing <Task(PythonOperator): task3> on 2022-11-20 00:00:00+00:00
[2022-11-21T10:41:39.004+0000] {standard_task_runner.py:55} INFO - Started process 63 to run task
[2022-11-21T10:41:39.040+0000] {standard_task_runner.py:82} INFO - Running: ['***', 'tasks', 'run', 'python_dependences', 'task3', 'scheduled__2022-11-20T00:00:00+00:00', '--job-id', '27', '--raw', '--subdir', 'DAGS_FOLDER/dag_test_with_python_dependence.py', '--cfg-path', '/tmp/tmpeaawgllf']
[2022-11-21T10:41:39.049+0000] {standard_task_runner.py:83} INFO - Job 27: Subtask task3
[2022-11-21T10:41:39.142+0000] {warnings.py:110} WARNING - /home/***/.local/lib/python3.7/site-packages/***/configuration.py:545: DeprecationWarning: The sql_alchemy_conn option in [core] has been moved to the sql_alchemy_conn option in [database] - the old setting has been used, but please update your config.
  option = self._get_environment_variables(deprecated_key, deprecated_section, key, section)

[2022-11-21T10:41:39.305+0000] {task_command.py:376} INFO - Running <TaskInstance: python_dependences.task3 scheduled__2022-11-20T00:00:00+00:00 [running]> on host f05724efbbd1
[2022-11-21T10:41:39.514+0000] {taskinstance.py:1592} INFO - Exporting the following env vars:
AIRFLOW_CTX_DAG_OWNER=klein
AIRFLOW_CTX_DAG_ID=python_dependences
AIRFLOW_CTX_TASK_ID=task3
AIRFLOW_CTX_EXECUTION_DATE=2022-11-20T00:00:00+00:00
AIRFLOW_CTX_TRY_NUMBER=1
AIRFLOW_CTX_DAG_RUN_ID=scheduled__2022-11-20T00:00:00+00:00
[2022-11-21T10:41:40.178+0000] {__init__.py:492} WARNING - Matplotlib created a temporary config/cache directory at /tmp/matplotlib-3fenz7gi because the default path (/home/airflow/.cache/matplotlib) is not a writable directory; it is highly recommended to set the MPLCONFIGDIR environment variable to a writable directory, in particular to speed up the import of Matplotlib and to better support multiprocessing.
[2022-11-21T10:41:40.555+0000] {font_manager.py:1443} INFO - generated new fontManager
[2022-11-21T10:41:44.103+0000] {logging_mixin.py:120} INFO - the version of yellowbrick==1.5
[2022-11-21T10:41:44.119+0000] {python.py:177} INFO - Done. Returned value was: None
[2022-11-21T10:41:44.203+0000] {taskinstance.py:1406} INFO - Marking task as SUCCESS. dag_id=python_dependences, task_id=task3, execution_date=20221120T000000, start_date=20221121T104138, end_date=20221121T104144
[2022-11-21T10:41:44.847+0000] {local_task_job.py:164} INFO - Task exited with return code 0
[2022-11-21T10:41:44.955+0000] {local_task_job.py:273} INFO - 0 downstream tasks scheduled from follow-on schedule check
