[2022-11-24T22:53:56.236+0000] {taskinstance.py:1165} INFO - Dependencies all met for <TaskInstance: Postgres_Data.create_table manual__2022-11-24T22:53:55.061704+00:00 [queued]>
[2022-11-24T22:53:56.247+0000] {taskinstance.py:1165} INFO - Dependencies all met for <TaskInstance: Postgres_Data.create_table manual__2022-11-24T22:53:55.061704+00:00 [queued]>
[2022-11-24T22:53:56.249+0000] {taskinstance.py:1362} INFO - 
--------------------------------------------------------------------------------
[2022-11-24T22:53:56.250+0000] {taskinstance.py:1363} INFO - Starting attempt 1 of 3
[2022-11-24T22:53:56.251+0000] {taskinstance.py:1364} INFO - 
--------------------------------------------------------------------------------
[2022-11-24T22:53:56.263+0000] {taskinstance.py:1383} INFO - Executing <Task(PostgresOperator): create_table> on 2022-11-24 22:53:55.061704+00:00
[2022-11-24T22:53:56.271+0000] {standard_task_runner.py:55} INFO - Started process 65 to run task
[2022-11-24T22:53:56.276+0000] {standard_task_runner.py:82} INFO - Running: ['***', 'tasks', 'run', 'Postgres_Data', 'create_table', 'manual__2022-11-24T22:53:55.061704+00:00', '--job-id', '39', '--raw', '--subdir', 'DAGS_FOLDER/ConnectionTable.py', '--cfg-path', '/tmp/tmpq852dz8r']
[2022-11-24T22:53:56.277+0000] {standard_task_runner.py:83} INFO - Job 39: Subtask create_table
[2022-11-24T22:53:56.340+0000] {task_command.py:376} INFO - Running <TaskInstance: Postgres_Data.create_table manual__2022-11-24T22:53:55.061704+00:00 [running]> on host 89ee96b17a7e
[2022-11-24T22:53:56.401+0000] {taskinstance.py:1592} INFO - Exporting the following env vars:
AIRFLOW_CTX_DAG_OWNER=klein
AIRFLOW_CTX_DAG_ID=Postgres_Data
AIRFLOW_CTX_TASK_ID=create_table
AIRFLOW_CTX_EXECUTION_DATE=2022-11-24T22:53:55.061704+00:00
AIRFLOW_CTX_TRY_NUMBER=1
AIRFLOW_CTX_DAG_RUN_ID=manual__2022-11-24T22:53:55.061704+00:00
[2022-11-24T22:53:56.413+0000] {base.py:71} INFO - Using connection ID 'DB_ytb' for task execution.
[2022-11-24T22:53:56.429+0000] {sql.py:315} INFO - Running statement: CREATE TABLE IF NOT EXISTS COMMENTS (
    authorDisplayName VARCHAR NOT NULL,
    textDisplay VARCHAR NOT NULL
);, parameters: None
[2022-11-24T22:53:56.436+0000] {postgres.py:96} INFO - NOTICE:  relation "comments" already exists, skipping

[2022-11-24T22:53:56.446+0000] {taskinstance.py:1406} INFO - Marking task as SUCCESS. dag_id=Postgres_Data, task_id=create_table, execution_date=20221124T225355, start_date=20221124T225356, end_date=20221124T225356
[2022-11-24T22:53:56.488+0000] {local_task_job.py:164} INFO - Task exited with return code 0
[2022-11-24T22:53:56.508+0000] {local_task_job.py:273} INFO - 0 downstream tasks scheduled from follow-on schedule check
