[2022-11-25T10:31:47.868+0000] {taskinstance.py:1165} INFO - Dependencies all met for <TaskInstance: Postgres_Data.select_data manual__2022-11-25T10:31:44.886455+00:00 [queued]>
[2022-11-25T10:31:47.877+0000] {taskinstance.py:1165} INFO - Dependencies all met for <TaskInstance: Postgres_Data.select_data manual__2022-11-25T10:31:44.886455+00:00 [queued]>
[2022-11-25T10:31:47.881+0000] {taskinstance.py:1362} INFO - 
--------------------------------------------------------------------------------
[2022-11-25T10:31:47.882+0000] {taskinstance.py:1363} INFO - Starting attempt 1 of 3
[2022-11-25T10:31:47.884+0000] {taskinstance.py:1364} INFO - 
--------------------------------------------------------------------------------
[2022-11-25T10:31:47.896+0000] {taskinstance.py:1383} INFO - Executing <Task(PostgresOperator): select_data> on 2022-11-25 10:31:44.886455+00:00
[2022-11-25T10:31:47.903+0000] {standard_task_runner.py:55} INFO - Started process 54 to run task
[2022-11-25T10:31:47.907+0000] {standard_task_runner.py:82} INFO - Running: ['***', 'tasks', 'run', 'Postgres_Data', 'select_data', 'manual__2022-11-25T10:31:44.886455+00:00', '--job-id', '67', '--raw', '--subdir', 'DAGS_FOLDER/ConnectionTable.py', '--cfg-path', '/tmp/tmpo_b8_2hg']
[2022-11-25T10:31:47.908+0000] {standard_task_runner.py:83} INFO - Job 67: Subtask select_data
[2022-11-25T10:31:47.987+0000] {task_command.py:376} INFO - Running <TaskInstance: Postgres_Data.select_data manual__2022-11-25T10:31:44.886455+00:00 [running]> on host 89ee96b17a7e
[2022-11-25T10:31:48.081+0000] {taskinstance.py:1592} INFO - Exporting the following env vars:
AIRFLOW_CTX_DAG_OWNER=klein
AIRFLOW_CTX_DAG_ID=Postgres_Data
AIRFLOW_CTX_TASK_ID=select_data
AIRFLOW_CTX_EXECUTION_DATE=2022-11-25T10:31:44.886455+00:00
AIRFLOW_CTX_TRY_NUMBER=1
AIRFLOW_CTX_DAG_RUN_ID=manual__2022-11-25T10:31:44.886455+00:00
[2022-11-25T10:31:48.096+0000] {base.py:71} INFO - Using connection ID 'DB_ytb' for task execution.
[2022-11-25T10:31:48.115+0000] {sql.py:315} INFO - Running statement: 
        SELECT * FROM COMMENTS
        WHERE textDisplay LIKE '%Merci%' OR textDisplay LIKE '%merci%';
        , parameters: None
[2022-11-25T10:31:48.126+0000] {sql.py:324} INFO - Rows affected: 24
[2022-11-25T10:31:48.149+0000] {taskinstance.py:1406} INFO - Marking task as SUCCESS. dag_id=Postgres_Data, task_id=select_data, execution_date=20221125T103144, start_date=20221125T103147, end_date=20221125T103148
[2022-11-25T10:31:48.204+0000] {local_task_job.py:164} INFO - Task exited with return code 0
[2022-11-25T10:31:48.231+0000] {local_task_job.py:273} INFO - 0 downstream tasks scheduled from follow-on schedule check
