[2022-11-25T09:41:35.735+0000] {taskinstance.py:1165} INFO - Dependencies all met for <TaskInstance: Postgres_Data.create_table manual__2022-11-25T09:41:34.598316+00:00 [queued]>
[2022-11-25T09:41:35.753+0000] {taskinstance.py:1165} INFO - Dependencies all met for <TaskInstance: Postgres_Data.create_table manual__2022-11-25T09:41:34.598316+00:00 [queued]>
[2022-11-25T09:41:35.756+0000] {taskinstance.py:1362} INFO - 
--------------------------------------------------------------------------------
[2022-11-25T09:41:35.758+0000] {taskinstance.py:1363} INFO - Starting attempt 1 of 3
[2022-11-25T09:41:35.760+0000] {taskinstance.py:1364} INFO - 
--------------------------------------------------------------------------------
[2022-11-25T09:41:35.777+0000] {taskinstance.py:1383} INFO - Executing <Task(PostgresOperator): create_table> on 2022-11-25 09:41:34.598316+00:00
[2022-11-25T09:41:35.786+0000] {standard_task_runner.py:55} INFO - Started process 72 to run task
[2022-11-25T09:41:35.792+0000] {standard_task_runner.py:82} INFO - Running: ['***', 'tasks', 'run', 'Postgres_Data', 'create_table', 'manual__2022-11-25T09:41:34.598316+00:00', '--job-id', '53', '--raw', '--subdir', 'DAGS_FOLDER/ConnectionTable.py', '--cfg-path', '/tmp/tmpsl77tqii']
[2022-11-25T09:41:35.795+0000] {standard_task_runner.py:83} INFO - Job 53: Subtask create_table
[2022-11-25T09:41:35.876+0000] {task_command.py:376} INFO - Running <TaskInstance: Postgres_Data.create_table manual__2022-11-25T09:41:34.598316+00:00 [running]> on host 89ee96b17a7e
[2022-11-25T09:41:35.958+0000] {taskinstance.py:1592} INFO - Exporting the following env vars:
AIRFLOW_CTX_DAG_OWNER=klein
AIRFLOW_CTX_DAG_ID=Postgres_Data
AIRFLOW_CTX_TASK_ID=create_table
AIRFLOW_CTX_EXECUTION_DATE=2022-11-25T09:41:34.598316+00:00
AIRFLOW_CTX_TRY_NUMBER=1
AIRFLOW_CTX_DAG_RUN_ID=manual__2022-11-25T09:41:34.598316+00:00
[2022-11-25T09:41:35.970+0000] {base.py:71} INFO - Using connection ID 'DB_ytb' for task execution.
[2022-11-25T09:41:35.991+0000] {sql.py:315} INFO - Running statement: CREATE TABLE IF NOT EXISTS COMMENTS (
    authorDisplayName VARCHAR NOT NULL,
    textDisplay VARCHAR NOT NULL
);, parameters: None
[2022-11-25T09:41:35.999+0000] {postgres.py:96} INFO - NOTICE:  relation "comments" already exists, skipping

[2022-11-25T09:41:36.014+0000] {taskinstance.py:1406} INFO - Marking task as SUCCESS. dag_id=Postgres_Data, task_id=create_table, execution_date=20221125T094134, start_date=20221125T094135, end_date=20221125T094136
[2022-11-25T09:41:36.046+0000] {local_task_job.py:164} INFO - Task exited with return code 0
[2022-11-25T09:41:36.074+0000] {local_task_job.py:273} INFO - 1 downstream tasks scheduled from follow-on schedule check
