[2022-11-25T09:19:07.677+0000] {processor.py:154} INFO - Started process (PID=36) to work on /opt/airflow/dags/dag_with_name.py
[2022-11-25T09:19:07.680+0000] {processor.py:756} INFO - Processing file /opt/airflow/dags/dag_with_name.py for tasks to queue
[2022-11-25T09:19:07.683+0000] {logging_mixin.py:120} INFO - [2022-11-25T09:19:07.682+0000] {dagbag.py:537} INFO - Filling up the DagBag from /opt/airflow/dags/dag_with_name.py
[2022-11-25T09:19:07.828+0000] {processor.py:766} INFO - DAG(s) dict_keys(['py_name']) retrieved from /opt/airflow/dags/dag_with_name.py
[2022-11-25T09:19:07.914+0000] {logging_mixin.py:120} INFO - [2022-11-25T09:19:07.914+0000] {dag.py:2585} INFO - Sync 1 DAGs
[2022-11-25T09:19:07.981+0000] {logging_mixin.py:120} INFO - [2022-11-25T09:19:07.981+0000] {dag.py:3340} INFO - Setting next_dagrun for py_name to 2022-11-24T00:00:00+00:00, run_after=2022-11-25T00:00:00+00:00
[2022-11-25T09:19:08.020+0000] {processor.py:176} INFO - Processing /opt/airflow/dags/dag_with_name.py took 0.386 seconds
[2022-11-25T09:19:38.148+0000] {processor.py:154} INFO - Started process (PID=39) to work on /opt/airflow/dags/dag_with_name.py
[2022-11-25T09:19:38.150+0000] {processor.py:756} INFO - Processing file /opt/airflow/dags/dag_with_name.py for tasks to queue
[2022-11-25T09:19:38.152+0000] {logging_mixin.py:120} INFO - [2022-11-25T09:19:38.152+0000] {dagbag.py:537} INFO - Filling up the DagBag from /opt/airflow/dags/dag_with_name.py
[2022-11-25T09:19:38.183+0000] {processor.py:766} INFO - DAG(s) dict_keys(['py_name']) retrieved from /opt/airflow/dags/dag_with_name.py
[2022-11-25T09:19:38.229+0000] {logging_mixin.py:120} INFO - [2022-11-25T09:19:38.228+0000] {dag.py:2585} INFO - Sync 1 DAGs
[2022-11-25T09:19:38.264+0000] {logging_mixin.py:120} INFO - [2022-11-25T09:19:38.264+0000] {dag.py:3340} INFO - Setting next_dagrun for py_name to 2022-11-24T00:00:00+00:00, run_after=2022-11-25T00:00:00+00:00
[2022-11-25T09:19:38.287+0000] {processor.py:176} INFO - Processing /opt/airflow/dags/dag_with_name.py took 0.141 seconds
[2022-11-25T09:20:09.018+0000] {processor.py:154} INFO - Started process (PID=42) to work on /opt/airflow/dags/dag_with_name.py
[2022-11-25T09:20:09.021+0000] {processor.py:756} INFO - Processing file /opt/airflow/dags/dag_with_name.py for tasks to queue
[2022-11-25T09:20:09.023+0000] {logging_mixin.py:120} INFO - [2022-11-25T09:20:09.023+0000] {dagbag.py:537} INFO - Filling up the DagBag from /opt/airflow/dags/dag_with_name.py
[2022-11-25T09:20:09.050+0000] {processor.py:766} INFO - DAG(s) dict_keys(['py_name']) retrieved from /opt/airflow/dags/dag_with_name.py
[2022-11-25T09:20:09.089+0000] {logging_mixin.py:120} INFO - [2022-11-25T09:20:09.089+0000] {dag.py:2585} INFO - Sync 1 DAGs
[2022-11-25T09:20:09.116+0000] {logging_mixin.py:120} INFO - [2022-11-25T09:20:09.116+0000] {dag.py:3340} INFO - Setting next_dagrun for py_name to 2022-11-24T00:00:00+00:00, run_after=2022-11-25T00:00:00+00:00
[2022-11-25T09:20:09.135+0000] {processor.py:176} INFO - Processing /opt/airflow/dags/dag_with_name.py took 0.121 seconds
[2022-11-25T09:20:39.637+0000] {processor.py:154} INFO - Started process (PID=45) to work on /opt/airflow/dags/dag_with_name.py
[2022-11-25T09:20:39.640+0000] {processor.py:756} INFO - Processing file /opt/airflow/dags/dag_with_name.py for tasks to queue
[2022-11-25T09:20:39.641+0000] {logging_mixin.py:120} INFO - [2022-11-25T09:20:39.641+0000] {dagbag.py:537} INFO - Filling up the DagBag from /opt/airflow/dags/dag_with_name.py
[2022-11-25T09:20:39.661+0000] {processor.py:766} INFO - DAG(s) dict_keys(['py_name']) retrieved from /opt/airflow/dags/dag_with_name.py
[2022-11-25T09:20:39.696+0000] {logging_mixin.py:120} INFO - [2022-11-25T09:20:39.696+0000] {dag.py:2585} INFO - Sync 1 DAGs
[2022-11-25T09:20:39.721+0000] {logging_mixin.py:120} INFO - [2022-11-25T09:20:39.720+0000] {dag.py:3340} INFO - Setting next_dagrun for py_name to 2022-11-24T00:00:00+00:00, run_after=2022-11-25T00:00:00+00:00
[2022-11-25T09:20:39.737+0000] {processor.py:176} INFO - Processing /opt/airflow/dags/dag_with_name.py took 0.102 seconds
[2022-11-25T09:21:10.277+0000] {processor.py:154} INFO - Started process (PID=48) to work on /opt/airflow/dags/dag_with_name.py
[2022-11-25T09:21:10.280+0000] {processor.py:756} INFO - Processing file /opt/airflow/dags/dag_with_name.py for tasks to queue
[2022-11-25T09:21:10.282+0000] {logging_mixin.py:120} INFO - [2022-11-25T09:21:10.282+0000] {dagbag.py:537} INFO - Filling up the DagBag from /opt/airflow/dags/dag_with_name.py
[2022-11-25T09:21:10.302+0000] {processor.py:766} INFO - DAG(s) dict_keys(['py_name']) retrieved from /opt/airflow/dags/dag_with_name.py
[2022-11-25T09:21:10.340+0000] {logging_mixin.py:120} INFO - [2022-11-25T09:21:10.339+0000] {dag.py:2585} INFO - Sync 1 DAGs
[2022-11-25T09:21:10.367+0000] {logging_mixin.py:120} INFO - [2022-11-25T09:21:10.367+0000] {dag.py:3340} INFO - Setting next_dagrun for py_name to 2022-11-24T00:00:00+00:00, run_after=2022-11-25T00:00:00+00:00
[2022-11-25T09:21:10.385+0000] {processor.py:176} INFO - Processing /opt/airflow/dags/dag_with_name.py took 0.110 seconds
[2022-11-25T09:21:41.463+0000] {processor.py:154} INFO - Started process (PID=51) to work on /opt/airflow/dags/dag_with_name.py
[2022-11-25T09:21:41.466+0000] {processor.py:756} INFO - Processing file /opt/airflow/dags/dag_with_name.py for tasks to queue
[2022-11-25T09:21:41.467+0000] {logging_mixin.py:120} INFO - [2022-11-25T09:21:41.467+0000] {dagbag.py:537} INFO - Filling up the DagBag from /opt/airflow/dags/dag_with_name.py
[2022-11-25T09:21:41.491+0000] {processor.py:766} INFO - DAG(s) dict_keys(['py_name']) retrieved from /opt/airflow/dags/dag_with_name.py
[2022-11-25T09:21:41.529+0000] {logging_mixin.py:120} INFO - [2022-11-25T09:21:41.529+0000] {dag.py:2585} INFO - Sync 1 DAGs
[2022-11-25T09:21:41.553+0000] {logging_mixin.py:120} INFO - [2022-11-25T09:21:41.553+0000] {dag.py:3340} INFO - Setting next_dagrun for py_name to 2022-11-24T00:00:00+00:00, run_after=2022-11-25T00:00:00+00:00
[2022-11-25T09:21:41.570+0000] {processor.py:176} INFO - Processing /opt/airflow/dags/dag_with_name.py took 0.109 seconds
[2022-11-25T09:22:12.231+0000] {processor.py:154} INFO - Started process (PID=54) to work on /opt/airflow/dags/dag_with_name.py
[2022-11-25T09:22:12.235+0000] {processor.py:756} INFO - Processing file /opt/airflow/dags/dag_with_name.py for tasks to queue
[2022-11-25T09:22:12.237+0000] {logging_mixin.py:120} INFO - [2022-11-25T09:22:12.237+0000] {dagbag.py:537} INFO - Filling up the DagBag from /opt/airflow/dags/dag_with_name.py
[2022-11-25T09:22:12.267+0000] {processor.py:766} INFO - DAG(s) dict_keys(['py_name']) retrieved from /opt/airflow/dags/dag_with_name.py
[2022-11-25T09:22:12.341+0000] {logging_mixin.py:120} INFO - [2022-11-25T09:22:12.341+0000] {dag.py:2585} INFO - Sync 1 DAGs
[2022-11-25T09:22:12.376+0000] {logging_mixin.py:120} INFO - [2022-11-25T09:22:12.376+0000] {dag.py:3340} INFO - Setting next_dagrun for py_name to 2022-11-24T00:00:00+00:00, run_after=2022-11-25T00:00:00+00:00
[2022-11-25T09:22:12.399+0000] {processor.py:176} INFO - Processing /opt/airflow/dags/dag_with_name.py took 0.172 seconds
[2022-11-25T09:22:42.959+0000] {processor.py:154} INFO - Started process (PID=57) to work on /opt/airflow/dags/dag_with_name.py
[2022-11-25T09:22:42.961+0000] {processor.py:756} INFO - Processing file /opt/airflow/dags/dag_with_name.py for tasks to queue
[2022-11-25T09:22:42.962+0000] {logging_mixin.py:120} INFO - [2022-11-25T09:22:42.962+0000] {dagbag.py:537} INFO - Filling up the DagBag from /opt/airflow/dags/dag_with_name.py
[2022-11-25T09:22:42.981+0000] {processor.py:766} INFO - DAG(s) dict_keys(['py_name']) retrieved from /opt/airflow/dags/dag_with_name.py
[2022-11-25T09:22:43.016+0000] {logging_mixin.py:120} INFO - [2022-11-25T09:22:43.016+0000] {dag.py:2585} INFO - Sync 1 DAGs
[2022-11-25T09:22:43.038+0000] {logging_mixin.py:120} INFO - [2022-11-25T09:22:43.037+0000] {dag.py:3340} INFO - Setting next_dagrun for py_name to 2022-11-24T00:00:00+00:00, run_after=2022-11-25T00:00:00+00:00
[2022-11-25T09:22:43.053+0000] {processor.py:176} INFO - Processing /opt/airflow/dags/dag_with_name.py took 0.097 seconds
[2022-11-25T09:23:13.553+0000] {processor.py:154} INFO - Started process (PID=60) to work on /opt/airflow/dags/dag_with_name.py
[2022-11-25T09:23:13.557+0000] {processor.py:756} INFO - Processing file /opt/airflow/dags/dag_with_name.py for tasks to queue
[2022-11-25T09:23:13.559+0000] {logging_mixin.py:120} INFO - [2022-11-25T09:23:13.559+0000] {dagbag.py:537} INFO - Filling up the DagBag from /opt/airflow/dags/dag_with_name.py
[2022-11-25T09:23:13.583+0000] {processor.py:766} INFO - DAG(s) dict_keys(['py_name']) retrieved from /opt/airflow/dags/dag_with_name.py
[2022-11-25T09:23:13.623+0000] {logging_mixin.py:120} INFO - [2022-11-25T09:23:13.623+0000] {dag.py:2585} INFO - Sync 1 DAGs
[2022-11-25T09:23:13.649+0000] {logging_mixin.py:120} INFO - [2022-11-25T09:23:13.649+0000] {dag.py:3340} INFO - Setting next_dagrun for py_name to 2022-11-24T00:00:00+00:00, run_after=2022-11-25T00:00:00+00:00
[2022-11-25T09:23:13.666+0000] {processor.py:176} INFO - Processing /opt/airflow/dags/dag_with_name.py took 0.116 seconds
[2022-11-25T09:23:44.090+0000] {processor.py:154} INFO - Started process (PID=63) to work on /opt/airflow/dags/dag_with_name.py
[2022-11-25T09:23:44.092+0000] {processor.py:756} INFO - Processing file /opt/airflow/dags/dag_with_name.py for tasks to queue
[2022-11-25T09:23:44.093+0000] {logging_mixin.py:120} INFO - [2022-11-25T09:23:44.093+0000] {dagbag.py:537} INFO - Filling up the DagBag from /opt/airflow/dags/dag_with_name.py
[2022-11-25T09:23:44.113+0000] {processor.py:766} INFO - DAG(s) dict_keys(['py_name']) retrieved from /opt/airflow/dags/dag_with_name.py
[2022-11-25T09:23:44.146+0000] {logging_mixin.py:120} INFO - [2022-11-25T09:23:44.146+0000] {dag.py:2585} INFO - Sync 1 DAGs
[2022-11-25T09:23:44.168+0000] {logging_mixin.py:120} INFO - [2022-11-25T09:23:44.168+0000] {dag.py:3340} INFO - Setting next_dagrun for py_name to 2022-11-24T00:00:00+00:00, run_after=2022-11-25T00:00:00+00:00
[2022-11-25T09:23:44.184+0000] {processor.py:176} INFO - Processing /opt/airflow/dags/dag_with_name.py took 0.097 seconds
[2022-11-25T09:24:14.788+0000] {processor.py:154} INFO - Started process (PID=66) to work on /opt/airflow/dags/dag_with_name.py
[2022-11-25T09:24:14.790+0000] {processor.py:756} INFO - Processing file /opt/airflow/dags/dag_with_name.py for tasks to queue
[2022-11-25T09:24:14.792+0000] {logging_mixin.py:120} INFO - [2022-11-25T09:24:14.792+0000] {dagbag.py:537} INFO - Filling up the DagBag from /opt/airflow/dags/dag_with_name.py
[2022-11-25T09:24:14.827+0000] {processor.py:766} INFO - DAG(s) dict_keys(['py_name']) retrieved from /opt/airflow/dags/dag_with_name.py
[2022-11-25T09:24:14.884+0000] {logging_mixin.py:120} INFO - [2022-11-25T09:24:14.884+0000] {dag.py:2585} INFO - Sync 1 DAGs
[2022-11-25T09:24:14.919+0000] {logging_mixin.py:120} INFO - [2022-11-25T09:24:14.919+0000] {dag.py:3340} INFO - Setting next_dagrun for py_name to 2022-11-24T00:00:00+00:00, run_after=2022-11-25T00:00:00+00:00
[2022-11-25T09:24:14.940+0000] {processor.py:176} INFO - Processing /opt/airflow/dags/dag_with_name.py took 0.156 seconds
[2022-11-25T09:24:45.476+0000] {processor.py:154} INFO - Started process (PID=69) to work on /opt/airflow/dags/dag_with_name.py
[2022-11-25T09:24:45.479+0000] {processor.py:756} INFO - Processing file /opt/airflow/dags/dag_with_name.py for tasks to queue
[2022-11-25T09:24:45.481+0000] {logging_mixin.py:120} INFO - [2022-11-25T09:24:45.481+0000] {dagbag.py:537} INFO - Filling up the DagBag from /opt/airflow/dags/dag_with_name.py
[2022-11-25T09:24:45.505+0000] {processor.py:766} INFO - DAG(s) dict_keys(['py_name']) retrieved from /opt/airflow/dags/dag_with_name.py
[2022-11-25T09:24:45.551+0000] {logging_mixin.py:120} INFO - [2022-11-25T09:24:45.550+0000] {dag.py:2585} INFO - Sync 1 DAGs
[2022-11-25T09:24:45.579+0000] {logging_mixin.py:120} INFO - [2022-11-25T09:24:45.579+0000] {dag.py:3340} INFO - Setting next_dagrun for py_name to 2022-11-24T00:00:00+00:00, run_after=2022-11-25T00:00:00+00:00
[2022-11-25T09:24:45.599+0000] {processor.py:176} INFO - Processing /opt/airflow/dags/dag_with_name.py took 0.127 seconds
[2022-11-25T09:25:16.104+0000] {processor.py:154} INFO - Started process (PID=72) to work on /opt/airflow/dags/dag_with_name.py
[2022-11-25T09:25:16.107+0000] {processor.py:756} INFO - Processing file /opt/airflow/dags/dag_with_name.py for tasks to queue
[2022-11-25T09:25:16.108+0000] {logging_mixin.py:120} INFO - [2022-11-25T09:25:16.108+0000] {dagbag.py:537} INFO - Filling up the DagBag from /opt/airflow/dags/dag_with_name.py
[2022-11-25T09:25:16.131+0000] {processor.py:766} INFO - DAG(s) dict_keys(['py_name']) retrieved from /opt/airflow/dags/dag_with_name.py
[2022-11-25T09:25:16.170+0000] {logging_mixin.py:120} INFO - [2022-11-25T09:25:16.170+0000] {dag.py:2585} INFO - Sync 1 DAGs
[2022-11-25T09:25:16.193+0000] {logging_mixin.py:120} INFO - [2022-11-25T09:25:16.193+0000] {dag.py:3340} INFO - Setting next_dagrun for py_name to 2022-11-24T00:00:00+00:00, run_after=2022-11-25T00:00:00+00:00
[2022-11-25T09:25:16.210+0000] {processor.py:176} INFO - Processing /opt/airflow/dags/dag_with_name.py took 0.109 seconds
[2022-11-25T09:25:46.782+0000] {processor.py:154} INFO - Started process (PID=75) to work on /opt/airflow/dags/dag_with_name.py
[2022-11-25T09:25:46.784+0000] {processor.py:756} INFO - Processing file /opt/airflow/dags/dag_with_name.py for tasks to queue
[2022-11-25T09:25:46.785+0000] {logging_mixin.py:120} INFO - [2022-11-25T09:25:46.785+0000] {dagbag.py:537} INFO - Filling up the DagBag from /opt/airflow/dags/dag_with_name.py
[2022-11-25T09:25:46.805+0000] {processor.py:766} INFO - DAG(s) dict_keys(['py_name']) retrieved from /opt/airflow/dags/dag_with_name.py
[2022-11-25T09:25:46.841+0000] {logging_mixin.py:120} INFO - [2022-11-25T09:25:46.841+0000] {dag.py:2585} INFO - Sync 1 DAGs
[2022-11-25T09:25:46.862+0000] {logging_mixin.py:120} INFO - [2022-11-25T09:25:46.862+0000] {dag.py:3340} INFO - Setting next_dagrun for py_name to 2022-11-24T00:00:00+00:00, run_after=2022-11-25T00:00:00+00:00
[2022-11-25T09:25:46.878+0000] {processor.py:176} INFO - Processing /opt/airflow/dags/dag_with_name.py took 0.099 seconds
[2022-11-25T09:26:17.447+0000] {processor.py:154} INFO - Started process (PID=78) to work on /opt/airflow/dags/dag_with_name.py
[2022-11-25T09:26:17.450+0000] {processor.py:756} INFO - Processing file /opt/airflow/dags/dag_with_name.py for tasks to queue
[2022-11-25T09:26:17.451+0000] {logging_mixin.py:120} INFO - [2022-11-25T09:26:17.451+0000] {dagbag.py:537} INFO - Filling up the DagBag from /opt/airflow/dags/dag_with_name.py
[2022-11-25T09:26:17.471+0000] {processor.py:766} INFO - DAG(s) dict_keys(['py_name']) retrieved from /opt/airflow/dags/dag_with_name.py
[2022-11-25T09:26:17.505+0000] {logging_mixin.py:120} INFO - [2022-11-25T09:26:17.505+0000] {dag.py:2585} INFO - Sync 1 DAGs
[2022-11-25T09:26:17.528+0000] {logging_mixin.py:120} INFO - [2022-11-25T09:26:17.527+0000] {dag.py:3340} INFO - Setting next_dagrun for py_name to 2022-11-24T00:00:00+00:00, run_after=2022-11-25T00:00:00+00:00
[2022-11-25T09:26:17.542+0000] {processor.py:176} INFO - Processing /opt/airflow/dags/dag_with_name.py took 0.098 seconds
[2022-11-25T09:26:48.109+0000] {processor.py:154} INFO - Started process (PID=81) to work on /opt/airflow/dags/dag_with_name.py
[2022-11-25T09:26:48.111+0000] {processor.py:756} INFO - Processing file /opt/airflow/dags/dag_with_name.py for tasks to queue
[2022-11-25T09:26:48.113+0000] {logging_mixin.py:120} INFO - [2022-11-25T09:26:48.113+0000] {dagbag.py:537} INFO - Filling up the DagBag from /opt/airflow/dags/dag_with_name.py
[2022-11-25T09:26:48.136+0000] {processor.py:766} INFO - DAG(s) dict_keys(['py_name']) retrieved from /opt/airflow/dags/dag_with_name.py
[2022-11-25T09:26:48.173+0000] {logging_mixin.py:120} INFO - [2022-11-25T09:26:48.173+0000] {dag.py:2585} INFO - Sync 1 DAGs
[2022-11-25T09:26:48.195+0000] {logging_mixin.py:120} INFO - [2022-11-25T09:26:48.195+0000] {dag.py:3340} INFO - Setting next_dagrun for py_name to 2022-11-24T00:00:00+00:00, run_after=2022-11-25T00:00:00+00:00
[2022-11-25T09:26:48.210+0000] {processor.py:176} INFO - Processing /opt/airflow/dags/dag_with_name.py took 0.104 seconds
[2022-11-25T09:27:18.783+0000] {processor.py:154} INFO - Started process (PID=84) to work on /opt/airflow/dags/dag_with_name.py
[2022-11-25T09:27:18.786+0000] {processor.py:756} INFO - Processing file /opt/airflow/dags/dag_with_name.py for tasks to queue
[2022-11-25T09:27:18.787+0000] {logging_mixin.py:120} INFO - [2022-11-25T09:27:18.787+0000] {dagbag.py:537} INFO - Filling up the DagBag from /opt/airflow/dags/dag_with_name.py
[2022-11-25T09:27:18.808+0000] {processor.py:766} INFO - DAG(s) dict_keys(['py_name']) retrieved from /opt/airflow/dags/dag_with_name.py
[2022-11-25T09:27:18.845+0000] {logging_mixin.py:120} INFO - [2022-11-25T09:27:18.845+0000] {dag.py:2585} INFO - Sync 1 DAGs
[2022-11-25T09:27:18.866+0000] {logging_mixin.py:120} INFO - [2022-11-25T09:27:18.866+0000] {dag.py:3340} INFO - Setting next_dagrun for py_name to 2022-11-24T00:00:00+00:00, run_after=2022-11-25T00:00:00+00:00
[2022-11-25T09:27:18.881+0000] {processor.py:176} INFO - Processing /opt/airflow/dags/dag_with_name.py took 0.102 seconds
[2022-11-25T09:27:49.620+0000] {processor.py:154} INFO - Started process (PID=87) to work on /opt/airflow/dags/dag_with_name.py
[2022-11-25T09:27:49.625+0000] {processor.py:756} INFO - Processing file /opt/airflow/dags/dag_with_name.py for tasks to queue
[2022-11-25T09:27:49.630+0000] {logging_mixin.py:120} INFO - [2022-11-25T09:27:49.630+0000] {dagbag.py:537} INFO - Filling up the DagBag from /opt/airflow/dags/dag_with_name.py
[2022-11-25T09:27:49.675+0000] {processor.py:766} INFO - DAG(s) dict_keys(['py_name']) retrieved from /opt/airflow/dags/dag_with_name.py
[2022-11-25T09:27:49.749+0000] {logging_mixin.py:120} INFO - [2022-11-25T09:27:49.749+0000] {dag.py:2585} INFO - Sync 1 DAGs
[2022-11-25T09:27:49.788+0000] {logging_mixin.py:120} INFO - [2022-11-25T09:27:49.788+0000] {dag.py:3340} INFO - Setting next_dagrun for py_name to 2022-11-24T00:00:00+00:00, run_after=2022-11-25T00:00:00+00:00
[2022-11-25T09:27:49.816+0000] {processor.py:176} INFO - Processing /opt/airflow/dags/dag_with_name.py took 0.199 seconds
[2022-11-25T09:28:20.274+0000] {processor.py:154} INFO - Started process (PID=90) to work on /opt/airflow/dags/dag_with_name.py
[2022-11-25T09:28:20.276+0000] {processor.py:756} INFO - Processing file /opt/airflow/dags/dag_with_name.py for tasks to queue
[2022-11-25T09:28:20.279+0000] {logging_mixin.py:120} INFO - [2022-11-25T09:28:20.278+0000] {dagbag.py:537} INFO - Filling up the DagBag from /opt/airflow/dags/dag_with_name.py
[2022-11-25T09:28:20.303+0000] {processor.py:766} INFO - DAG(s) dict_keys(['py_name']) retrieved from /opt/airflow/dags/dag_with_name.py
[2022-11-25T09:28:20.340+0000] {logging_mixin.py:120} INFO - [2022-11-25T09:28:20.339+0000] {dag.py:2585} INFO - Sync 1 DAGs
[2022-11-25T09:28:20.363+0000] {logging_mixin.py:120} INFO - [2022-11-25T09:28:20.363+0000] {dag.py:3340} INFO - Setting next_dagrun for py_name to 2022-11-24T00:00:00+00:00, run_after=2022-11-25T00:00:00+00:00
[2022-11-25T09:28:20.380+0000] {processor.py:176} INFO - Processing /opt/airflow/dags/dag_with_name.py took 0.111 seconds
[2022-11-25T09:28:50.931+0000] {processor.py:154} INFO - Started process (PID=93) to work on /opt/airflow/dags/dag_with_name.py
[2022-11-25T09:28:50.933+0000] {processor.py:756} INFO - Processing file /opt/airflow/dags/dag_with_name.py for tasks to queue
[2022-11-25T09:28:50.935+0000] {logging_mixin.py:120} INFO - [2022-11-25T09:28:50.934+0000] {dagbag.py:537} INFO - Filling up the DagBag from /opt/airflow/dags/dag_with_name.py
[2022-11-25T09:28:50.954+0000] {processor.py:766} INFO - DAG(s) dict_keys(['py_name']) retrieved from /opt/airflow/dags/dag_with_name.py
[2022-11-25T09:28:50.989+0000] {logging_mixin.py:120} INFO - [2022-11-25T09:28:50.989+0000] {dag.py:2585} INFO - Sync 1 DAGs
[2022-11-25T09:28:51.011+0000] {logging_mixin.py:120} INFO - [2022-11-25T09:28:51.011+0000] {dag.py:3340} INFO - Setting next_dagrun for py_name to 2022-11-24T00:00:00+00:00, run_after=2022-11-25T00:00:00+00:00
[2022-11-25T09:28:51.026+0000] {processor.py:176} INFO - Processing /opt/airflow/dags/dag_with_name.py took 0.099 seconds
[2022-11-25T09:29:21.728+0000] {processor.py:154} INFO - Started process (PID=96) to work on /opt/airflow/dags/dag_with_name.py
[2022-11-25T09:29:21.730+0000] {processor.py:756} INFO - Processing file /opt/airflow/dags/dag_with_name.py for tasks to queue
[2022-11-25T09:29:21.732+0000] {logging_mixin.py:120} INFO - [2022-11-25T09:29:21.732+0000] {dagbag.py:537} INFO - Filling up the DagBag from /opt/airflow/dags/dag_with_name.py
[2022-11-25T09:29:21.758+0000] {processor.py:766} INFO - DAG(s) dict_keys(['py_name']) retrieved from /opt/airflow/dags/dag_with_name.py
[2022-11-25T09:29:21.801+0000] {logging_mixin.py:120} INFO - [2022-11-25T09:29:21.800+0000] {dag.py:2585} INFO - Sync 1 DAGs
[2022-11-25T09:29:21.828+0000] {logging_mixin.py:120} INFO - [2022-11-25T09:29:21.828+0000] {dag.py:3340} INFO - Setting next_dagrun for py_name to 2022-11-24T00:00:00+00:00, run_after=2022-11-25T00:00:00+00:00
[2022-11-25T09:29:21.843+0000] {processor.py:176} INFO - Processing /opt/airflow/dags/dag_with_name.py took 0.118 seconds
[2022-11-25T09:29:52.243+0000] {processor.py:154} INFO - Started process (PID=99) to work on /opt/airflow/dags/dag_with_name.py
[2022-11-25T09:29:52.246+0000] {processor.py:756} INFO - Processing file /opt/airflow/dags/dag_with_name.py for tasks to queue
[2022-11-25T09:29:52.250+0000] {logging_mixin.py:120} INFO - [2022-11-25T09:29:52.250+0000] {dagbag.py:537} INFO - Filling up the DagBag from /opt/airflow/dags/dag_with_name.py
[2022-11-25T09:29:52.293+0000] {processor.py:766} INFO - DAG(s) dict_keys(['py_name']) retrieved from /opt/airflow/dags/dag_with_name.py
[2022-11-25T09:29:52.368+0000] {logging_mixin.py:120} INFO - [2022-11-25T09:29:52.368+0000] {dag.py:2585} INFO - Sync 1 DAGs
[2022-11-25T09:29:52.411+0000] {logging_mixin.py:120} INFO - [2022-11-25T09:29:52.410+0000] {dag.py:3340} INFO - Setting next_dagrun for py_name to 2022-11-24T00:00:00+00:00, run_after=2022-11-25T00:00:00+00:00
[2022-11-25T09:29:52.436+0000] {processor.py:176} INFO - Processing /opt/airflow/dags/dag_with_name.py took 0.199 seconds
[2022-11-25T09:30:23.076+0000] {processor.py:154} INFO - Started process (PID=102) to work on /opt/airflow/dags/dag_with_name.py
[2022-11-25T09:30:23.080+0000] {processor.py:756} INFO - Processing file /opt/airflow/dags/dag_with_name.py for tasks to queue
[2022-11-25T09:30:23.082+0000] {logging_mixin.py:120} INFO - [2022-11-25T09:30:23.082+0000] {dagbag.py:537} INFO - Filling up the DagBag from /opt/airflow/dags/dag_with_name.py
[2022-11-25T09:30:23.136+0000] {processor.py:766} INFO - DAG(s) dict_keys(['py_name']) retrieved from /opt/airflow/dags/dag_with_name.py
[2022-11-25T09:30:23.222+0000] {logging_mixin.py:120} INFO - [2022-11-25T09:30:23.221+0000] {dag.py:2585} INFO - Sync 1 DAGs
[2022-11-25T09:30:23.280+0000] {logging_mixin.py:120} INFO - [2022-11-25T09:30:23.279+0000] {dag.py:3340} INFO - Setting next_dagrun for py_name to 2022-11-24T00:00:00+00:00, run_after=2022-11-25T00:00:00+00:00
[2022-11-25T09:30:23.324+0000] {processor.py:176} INFO - Processing /opt/airflow/dags/dag_with_name.py took 0.254 seconds
[2022-11-25T09:30:53.801+0000] {processor.py:154} INFO - Started process (PID=105) to work on /opt/airflow/dags/dag_with_name.py
[2022-11-25T09:30:53.808+0000] {processor.py:756} INFO - Processing file /opt/airflow/dags/dag_with_name.py for tasks to queue
[2022-11-25T09:30:53.815+0000] {logging_mixin.py:120} INFO - [2022-11-25T09:30:53.815+0000] {dagbag.py:537} INFO - Filling up the DagBag from /opt/airflow/dags/dag_with_name.py
[2022-11-25T09:30:53.872+0000] {processor.py:766} INFO - DAG(s) dict_keys(['py_name']) retrieved from /opt/airflow/dags/dag_with_name.py
[2022-11-25T09:30:53.935+0000] {logging_mixin.py:120} INFO - [2022-11-25T09:30:53.934+0000] {dag.py:2585} INFO - Sync 1 DAGs
[2022-11-25T09:30:53.966+0000] {logging_mixin.py:120} INFO - [2022-11-25T09:30:53.965+0000] {dag.py:3340} INFO - Setting next_dagrun for py_name to 2022-11-24T00:00:00+00:00, run_after=2022-11-25T00:00:00+00:00
[2022-11-25T09:30:53.994+0000] {processor.py:176} INFO - Processing /opt/airflow/dags/dag_with_name.py took 0.198 seconds
[2022-11-25T09:31:24.397+0000] {processor.py:154} INFO - Started process (PID=108) to work on /opt/airflow/dags/dag_with_name.py
[2022-11-25T09:31:24.400+0000] {processor.py:756} INFO - Processing file /opt/airflow/dags/dag_with_name.py for tasks to queue
[2022-11-25T09:31:24.404+0000] {logging_mixin.py:120} INFO - [2022-11-25T09:31:24.403+0000] {dagbag.py:537} INFO - Filling up the DagBag from /opt/airflow/dags/dag_with_name.py
[2022-11-25T09:31:24.451+0000] {processor.py:766} INFO - DAG(s) dict_keys(['py_name']) retrieved from /opt/airflow/dags/dag_with_name.py
[2022-11-25T09:31:24.535+0000] {logging_mixin.py:120} INFO - [2022-11-25T09:31:24.535+0000] {dag.py:2585} INFO - Sync 1 DAGs
[2022-11-25T09:31:24.578+0000] {logging_mixin.py:120} INFO - [2022-11-25T09:31:24.577+0000] {dag.py:3340} INFO - Setting next_dagrun for py_name to 2022-11-24T00:00:00+00:00, run_after=2022-11-25T00:00:00+00:00
[2022-11-25T09:31:24.603+0000] {processor.py:176} INFO - Processing /opt/airflow/dags/dag_with_name.py took 0.211 seconds
[2022-11-25T09:31:55.040+0000] {processor.py:154} INFO - Started process (PID=112) to work on /opt/airflow/dags/dag_with_name.py
[2022-11-25T09:31:55.042+0000] {processor.py:756} INFO - Processing file /opt/airflow/dags/dag_with_name.py for tasks to queue
[2022-11-25T09:31:55.044+0000] {logging_mixin.py:120} INFO - [2022-11-25T09:31:55.044+0000] {dagbag.py:537} INFO - Filling up the DagBag from /opt/airflow/dags/dag_with_name.py
[2022-11-25T09:31:55.085+0000] {processor.py:766} INFO - DAG(s) dict_keys(['py_name']) retrieved from /opt/airflow/dags/dag_with_name.py
[2022-11-25T09:31:55.162+0000] {logging_mixin.py:120} INFO - [2022-11-25T09:31:55.162+0000] {dag.py:2585} INFO - Sync 1 DAGs
[2022-11-25T09:31:55.196+0000] {logging_mixin.py:120} INFO - [2022-11-25T09:31:55.196+0000] {dag.py:3340} INFO - Setting next_dagrun for py_name to 2022-11-24T00:00:00+00:00, run_after=2022-11-25T00:00:00+00:00
[2022-11-25T09:31:55.223+0000] {processor.py:176} INFO - Processing /opt/airflow/dags/dag_with_name.py took 0.186 seconds
[2022-11-25T09:32:25.765+0000] {processor.py:154} INFO - Started process (PID=115) to work on /opt/airflow/dags/dag_with_name.py
[2022-11-25T09:32:25.782+0000] {processor.py:756} INFO - Processing file /opt/airflow/dags/dag_with_name.py for tasks to queue
[2022-11-25T09:32:25.788+0000] {logging_mixin.py:120} INFO - [2022-11-25T09:32:25.788+0000] {dagbag.py:537} INFO - Filling up the DagBag from /opt/airflow/dags/dag_with_name.py
[2022-11-25T09:32:25.890+0000] {processor.py:766} INFO - DAG(s) dict_keys(['py_name']) retrieved from /opt/airflow/dags/dag_with_name.py
[2022-11-25T09:32:25.997+0000] {logging_mixin.py:120} INFO - [2022-11-25T09:32:25.997+0000] {dag.py:2585} INFO - Sync 1 DAGs
[2022-11-25T09:32:26.067+0000] {logging_mixin.py:120} INFO - [2022-11-25T09:32:26.067+0000] {dag.py:3340} INFO - Setting next_dagrun for py_name to 2022-11-24T00:00:00+00:00, run_after=2022-11-25T00:00:00+00:00
[2022-11-25T09:32:26.125+0000] {processor.py:176} INFO - Processing /opt/airflow/dags/dag_with_name.py took 0.375 seconds
[2022-11-25T09:32:56.665+0000] {processor.py:154} INFO - Started process (PID=118) to work on /opt/airflow/dags/dag_with_name.py
[2022-11-25T09:32:56.669+0000] {processor.py:756} INFO - Processing file /opt/airflow/dags/dag_with_name.py for tasks to queue
[2022-11-25T09:32:56.671+0000] {logging_mixin.py:120} INFO - [2022-11-25T09:32:56.671+0000] {dagbag.py:537} INFO - Filling up the DagBag from /opt/airflow/dags/dag_with_name.py
[2022-11-25T09:32:56.720+0000] {processor.py:766} INFO - DAG(s) dict_keys(['py_name']) retrieved from /opt/airflow/dags/dag_with_name.py
[2022-11-25T09:32:56.804+0000] {logging_mixin.py:120} INFO - [2022-11-25T09:32:56.804+0000] {dag.py:2585} INFO - Sync 1 DAGs
[2022-11-25T09:32:56.841+0000] {logging_mixin.py:120} INFO - [2022-11-25T09:32:56.841+0000] {dag.py:3340} INFO - Setting next_dagrun for py_name to 2022-11-24T00:00:00+00:00, run_after=2022-11-25T00:00:00+00:00
[2022-11-25T09:32:56.868+0000] {processor.py:176} INFO - Processing /opt/airflow/dags/dag_with_name.py took 0.211 seconds
[2022-11-25T09:33:27.289+0000] {processor.py:154} INFO - Started process (PID=121) to work on /opt/airflow/dags/dag_with_name.py
[2022-11-25T09:33:27.292+0000] {processor.py:756} INFO - Processing file /opt/airflow/dags/dag_with_name.py for tasks to queue
[2022-11-25T09:33:27.294+0000] {logging_mixin.py:120} INFO - [2022-11-25T09:33:27.293+0000] {dagbag.py:537} INFO - Filling up the DagBag from /opt/airflow/dags/dag_with_name.py
[2022-11-25T09:33:27.326+0000] {processor.py:766} INFO - DAG(s) dict_keys(['py_name']) retrieved from /opt/airflow/dags/dag_with_name.py
[2022-11-25T09:33:27.384+0000] {logging_mixin.py:120} INFO - [2022-11-25T09:33:27.383+0000] {dag.py:2585} INFO - Sync 1 DAGs
[2022-11-25T09:33:27.428+0000] {logging_mixin.py:120} INFO - [2022-11-25T09:33:27.428+0000] {dag.py:3340} INFO - Setting next_dagrun for py_name to 2022-11-24T00:00:00+00:00, run_after=2022-11-25T00:00:00+00:00
[2022-11-25T09:33:27.456+0000] {processor.py:176} INFO - Processing /opt/airflow/dags/dag_with_name.py took 0.170 seconds
[2022-11-25T09:33:57.861+0000] {processor.py:154} INFO - Started process (PID=124) to work on /opt/airflow/dags/dag_with_name.py
[2022-11-25T09:33:57.864+0000] {processor.py:756} INFO - Processing file /opt/airflow/dags/dag_with_name.py for tasks to queue
[2022-11-25T09:33:57.873+0000] {logging_mixin.py:120} INFO - [2022-11-25T09:33:57.873+0000] {dagbag.py:537} INFO - Filling up the DagBag from /opt/airflow/dags/dag_with_name.py
[2022-11-25T09:33:57.916+0000] {processor.py:766} INFO - DAG(s) dict_keys(['py_name']) retrieved from /opt/airflow/dags/dag_with_name.py
[2022-11-25T09:33:57.995+0000] {logging_mixin.py:120} INFO - [2022-11-25T09:33:57.995+0000] {dag.py:2585} INFO - Sync 1 DAGs
[2022-11-25T09:33:58.034+0000] {logging_mixin.py:120} INFO - [2022-11-25T09:33:58.034+0000] {dag.py:3340} INFO - Setting next_dagrun for py_name to 2022-11-24T00:00:00+00:00, run_after=2022-11-25T00:00:00+00:00
[2022-11-25T09:33:58.059+0000] {processor.py:176} INFO - Processing /opt/airflow/dags/dag_with_name.py took 0.204 seconds
[2022-11-25T09:34:28.565+0000] {processor.py:154} INFO - Started process (PID=127) to work on /opt/airflow/dags/dag_with_name.py
[2022-11-25T09:34:28.568+0000] {processor.py:756} INFO - Processing file /opt/airflow/dags/dag_with_name.py for tasks to queue
[2022-11-25T09:34:28.570+0000] {logging_mixin.py:120} INFO - [2022-11-25T09:34:28.570+0000] {dagbag.py:537} INFO - Filling up the DagBag from /opt/airflow/dags/dag_with_name.py
[2022-11-25T09:34:28.616+0000] {processor.py:766} INFO - DAG(s) dict_keys(['py_name']) retrieved from /opt/airflow/dags/dag_with_name.py
[2022-11-25T09:34:28.686+0000] {logging_mixin.py:120} INFO - [2022-11-25T09:34:28.686+0000] {dag.py:2585} INFO - Sync 1 DAGs
[2022-11-25T09:34:28.717+0000] {logging_mixin.py:120} INFO - [2022-11-25T09:34:28.717+0000] {dag.py:3340} INFO - Setting next_dagrun for py_name to 2022-11-24T00:00:00+00:00, run_after=2022-11-25T00:00:00+00:00
[2022-11-25T09:34:28.738+0000] {processor.py:176} INFO - Processing /opt/airflow/dags/dag_with_name.py took 0.178 seconds
[2022-11-25T09:34:59.125+0000] {processor.py:154} INFO - Started process (PID=130) to work on /opt/airflow/dags/dag_with_name.py
[2022-11-25T09:34:59.128+0000] {processor.py:756} INFO - Processing file /opt/airflow/dags/dag_with_name.py for tasks to queue
[2022-11-25T09:34:59.129+0000] {logging_mixin.py:120} INFO - [2022-11-25T09:34:59.129+0000] {dagbag.py:537} INFO - Filling up the DagBag from /opt/airflow/dags/dag_with_name.py
[2022-11-25T09:34:59.163+0000] {processor.py:766} INFO - DAG(s) dict_keys(['py_name']) retrieved from /opt/airflow/dags/dag_with_name.py
[2022-11-25T09:34:59.224+0000] {logging_mixin.py:120} INFO - [2022-11-25T09:34:59.224+0000] {dag.py:2585} INFO - Sync 1 DAGs
[2022-11-25T09:34:59.259+0000] {logging_mixin.py:120} INFO - [2022-11-25T09:34:59.259+0000] {dag.py:3340} INFO - Setting next_dagrun for py_name to 2022-11-24T00:00:00+00:00, run_after=2022-11-25T00:00:00+00:00
[2022-11-25T09:34:59.284+0000] {processor.py:176} INFO - Processing /opt/airflow/dags/dag_with_name.py took 0.171 seconds
[2022-11-25T09:35:29.676+0000] {processor.py:154} INFO - Started process (PID=133) to work on /opt/airflow/dags/dag_with_name.py
[2022-11-25T09:35:29.679+0000] {processor.py:756} INFO - Processing file /opt/airflow/dags/dag_with_name.py for tasks to queue
[2022-11-25T09:35:29.681+0000] {logging_mixin.py:120} INFO - [2022-11-25T09:35:29.680+0000] {dagbag.py:537} INFO - Filling up the DagBag from /opt/airflow/dags/dag_with_name.py
[2022-11-25T09:35:29.716+0000] {processor.py:766} INFO - DAG(s) dict_keys(['py_name']) retrieved from /opt/airflow/dags/dag_with_name.py
[2022-11-25T09:35:29.781+0000] {logging_mixin.py:120} INFO - [2022-11-25T09:35:29.780+0000] {dag.py:2585} INFO - Sync 1 DAGs
[2022-11-25T09:35:29.822+0000] {logging_mixin.py:120} INFO - [2022-11-25T09:35:29.822+0000] {dag.py:3340} INFO - Setting next_dagrun for py_name to 2022-11-24T00:00:00+00:00, run_after=2022-11-25T00:00:00+00:00
[2022-11-25T09:35:29.847+0000] {processor.py:176} INFO - Processing /opt/airflow/dags/dag_with_name.py took 0.176 seconds
[2022-11-25T09:36:00.226+0000] {processor.py:154} INFO - Started process (PID=136) to work on /opt/airflow/dags/dag_with_name.py
[2022-11-25T09:36:00.228+0000] {processor.py:756} INFO - Processing file /opt/airflow/dags/dag_with_name.py for tasks to queue
[2022-11-25T09:36:00.231+0000] {logging_mixin.py:120} INFO - [2022-11-25T09:36:00.231+0000] {dagbag.py:537} INFO - Filling up the DagBag from /opt/airflow/dags/dag_with_name.py
[2022-11-25T09:36:00.264+0000] {processor.py:766} INFO - DAG(s) dict_keys(['py_name']) retrieved from /opt/airflow/dags/dag_with_name.py
[2022-11-25T09:36:00.327+0000] {logging_mixin.py:120} INFO - [2022-11-25T09:36:00.327+0000] {dag.py:2585} INFO - Sync 1 DAGs
[2022-11-25T09:36:00.367+0000] {logging_mixin.py:120} INFO - [2022-11-25T09:36:00.366+0000] {dag.py:3340} INFO - Setting next_dagrun for py_name to 2022-11-24T00:00:00+00:00, run_after=2022-11-25T00:00:00+00:00
[2022-11-25T09:36:00.408+0000] {processor.py:176} INFO - Processing /opt/airflow/dags/dag_with_name.py took 0.187 seconds
[2022-11-25T09:36:30.803+0000] {processor.py:154} INFO - Started process (PID=139) to work on /opt/airflow/dags/dag_with_name.py
[2022-11-25T09:36:30.805+0000] {processor.py:756} INFO - Processing file /opt/airflow/dags/dag_with_name.py for tasks to queue
[2022-11-25T09:36:30.807+0000] {logging_mixin.py:120} INFO - [2022-11-25T09:36:30.807+0000] {dagbag.py:537} INFO - Filling up the DagBag from /opt/airflow/dags/dag_with_name.py
[2022-11-25T09:36:30.827+0000] {processor.py:766} INFO - DAG(s) dict_keys(['py_name']) retrieved from /opt/airflow/dags/dag_with_name.py
[2022-11-25T09:36:30.863+0000] {logging_mixin.py:120} INFO - [2022-11-25T09:36:30.863+0000] {dag.py:2585} INFO - Sync 1 DAGs
[2022-11-25T09:36:30.891+0000] {logging_mixin.py:120} INFO - [2022-11-25T09:36:30.891+0000] {dag.py:3340} INFO - Setting next_dagrun for py_name to 2022-11-24T00:00:00+00:00, run_after=2022-11-25T00:00:00+00:00
[2022-11-25T09:36:30.908+0000] {processor.py:176} INFO - Processing /opt/airflow/dags/dag_with_name.py took 0.110 seconds
[2022-11-25T09:37:01.317+0000] {processor.py:154} INFO - Started process (PID=142) to work on /opt/airflow/dags/dag_with_name.py
[2022-11-25T09:37:01.320+0000] {processor.py:756} INFO - Processing file /opt/airflow/dags/dag_with_name.py for tasks to queue
[2022-11-25T09:37:01.323+0000] {logging_mixin.py:120} INFO - [2022-11-25T09:37:01.322+0000] {dagbag.py:537} INFO - Filling up the DagBag from /opt/airflow/dags/dag_with_name.py
[2022-11-25T09:37:01.366+0000] {processor.py:766} INFO - DAG(s) dict_keys(['py_name']) retrieved from /opt/airflow/dags/dag_with_name.py
[2022-11-25T09:37:01.434+0000] {logging_mixin.py:120} INFO - [2022-11-25T09:37:01.434+0000] {dag.py:2585} INFO - Sync 1 DAGs
[2022-11-25T09:37:01.470+0000] {logging_mixin.py:120} INFO - [2022-11-25T09:37:01.470+0000] {dag.py:3340} INFO - Setting next_dagrun for py_name to 2022-11-24T00:00:00+00:00, run_after=2022-11-25T00:00:00+00:00
[2022-11-25T09:37:01.494+0000] {processor.py:176} INFO - Processing /opt/airflow/dags/dag_with_name.py took 0.183 seconds
[2022-11-25T09:37:32.419+0000] {processor.py:154} INFO - Started process (PID=146) to work on /opt/airflow/dags/dag_with_name.py
[2022-11-25T09:37:32.425+0000] {processor.py:756} INFO - Processing file /opt/airflow/dags/dag_with_name.py for tasks to queue
[2022-11-25T09:37:32.427+0000] {logging_mixin.py:120} INFO - [2022-11-25T09:37:32.427+0000] {dagbag.py:537} INFO - Filling up the DagBag from /opt/airflow/dags/dag_with_name.py
[2022-11-25T09:37:32.470+0000] {processor.py:766} INFO - DAG(s) dict_keys(['py_name']) retrieved from /opt/airflow/dags/dag_with_name.py
[2022-11-25T09:37:32.555+0000] {logging_mixin.py:120} INFO - [2022-11-25T09:37:32.554+0000] {dag.py:2585} INFO - Sync 1 DAGs
[2022-11-25T09:37:32.616+0000] {logging_mixin.py:120} INFO - [2022-11-25T09:37:32.615+0000] {dag.py:3340} INFO - Setting next_dagrun for py_name to 2022-11-24T00:00:00+00:00, run_after=2022-11-25T00:00:00+00:00
[2022-11-25T09:37:32.646+0000] {processor.py:176} INFO - Processing /opt/airflow/dags/dag_with_name.py took 0.232 seconds
[2022-11-25T09:38:03.144+0000] {processor.py:154} INFO - Started process (PID=149) to work on /opt/airflow/dags/dag_with_name.py
[2022-11-25T09:38:03.151+0000] {processor.py:756} INFO - Processing file /opt/airflow/dags/dag_with_name.py for tasks to queue
[2022-11-25T09:38:03.154+0000] {logging_mixin.py:120} INFO - [2022-11-25T09:38:03.154+0000] {dagbag.py:537} INFO - Filling up the DagBag from /opt/airflow/dags/dag_with_name.py
[2022-11-25T09:38:03.236+0000] {processor.py:766} INFO - DAG(s) dict_keys(['py_name']) retrieved from /opt/airflow/dags/dag_with_name.py
[2022-11-25T09:38:03.558+0000] {logging_mixin.py:120} INFO - [2022-11-25T09:38:03.558+0000] {dag.py:2585} INFO - Sync 1 DAGs
[2022-11-25T09:38:03.614+0000] {logging_mixin.py:120} INFO - [2022-11-25T09:38:03.614+0000] {dag.py:3340} INFO - Setting next_dagrun for py_name to 2022-11-24T00:00:00+00:00, run_after=2022-11-25T00:00:00+00:00
[2022-11-25T09:38:03.647+0000] {processor.py:176} INFO - Processing /opt/airflow/dags/dag_with_name.py took 0.513 seconds
[2022-11-25T09:38:34.791+0000] {processor.py:154} INFO - Started process (PID=153) to work on /opt/airflow/dags/dag_with_name.py
[2022-11-25T09:38:34.793+0000] {processor.py:756} INFO - Processing file /opt/airflow/dags/dag_with_name.py for tasks to queue
[2022-11-25T09:38:34.797+0000] {logging_mixin.py:120} INFO - [2022-11-25T09:38:34.797+0000] {dagbag.py:537} INFO - Filling up the DagBag from /opt/airflow/dags/dag_with_name.py
[2022-11-25T09:38:34.819+0000] {processor.py:766} INFO - DAG(s) dict_keys(['py_name']) retrieved from /opt/airflow/dags/dag_with_name.py
[2022-11-25T09:38:34.855+0000] {logging_mixin.py:120} INFO - [2022-11-25T09:38:34.855+0000] {dag.py:2585} INFO - Sync 1 DAGs
[2022-11-25T09:38:34.876+0000] {logging_mixin.py:120} INFO - [2022-11-25T09:38:34.876+0000] {dag.py:3340} INFO - Setting next_dagrun for py_name to 2022-11-24T00:00:00+00:00, run_after=2022-11-25T00:00:00+00:00
[2022-11-25T09:38:34.892+0000] {processor.py:176} INFO - Processing /opt/airflow/dags/dag_with_name.py took 0.105 seconds
[2022-11-25T09:39:05.515+0000] {processor.py:154} INFO - Started process (PID=156) to work on /opt/airflow/dags/dag_with_name.py
[2022-11-25T09:39:05.518+0000] {processor.py:756} INFO - Processing file /opt/airflow/dags/dag_with_name.py for tasks to queue
[2022-11-25T09:39:05.519+0000] {logging_mixin.py:120} INFO - [2022-11-25T09:39:05.519+0000] {dagbag.py:537} INFO - Filling up the DagBag from /opt/airflow/dags/dag_with_name.py
[2022-11-25T09:39:05.543+0000] {processor.py:766} INFO - DAG(s) dict_keys(['py_name']) retrieved from /opt/airflow/dags/dag_with_name.py
[2022-11-25T09:39:05.578+0000] {logging_mixin.py:120} INFO - [2022-11-25T09:39:05.577+0000] {dag.py:2585} INFO - Sync 1 DAGs
[2022-11-25T09:39:05.601+0000] {logging_mixin.py:120} INFO - [2022-11-25T09:39:05.601+0000] {dag.py:3340} INFO - Setting next_dagrun for py_name to 2022-11-24T00:00:00+00:00, run_after=2022-11-25T00:00:00+00:00
[2022-11-25T09:39:05.618+0000] {processor.py:176} INFO - Processing /opt/airflow/dags/dag_with_name.py took 0.107 seconds
[2022-11-25T09:39:36.269+0000] {processor.py:154} INFO - Started process (PID=159) to work on /opt/airflow/dags/dag_with_name.py
[2022-11-25T09:39:36.272+0000] {processor.py:756} INFO - Processing file /opt/airflow/dags/dag_with_name.py for tasks to queue
[2022-11-25T09:39:36.274+0000] {logging_mixin.py:120} INFO - [2022-11-25T09:39:36.274+0000] {dagbag.py:537} INFO - Filling up the DagBag from /opt/airflow/dags/dag_with_name.py
[2022-11-25T09:39:36.293+0000] {processor.py:766} INFO - DAG(s) dict_keys(['py_name']) retrieved from /opt/airflow/dags/dag_with_name.py
[2022-11-25T09:39:36.326+0000] {logging_mixin.py:120} INFO - [2022-11-25T09:39:36.326+0000] {dag.py:2585} INFO - Sync 1 DAGs
[2022-11-25T09:39:36.349+0000] {logging_mixin.py:120} INFO - [2022-11-25T09:39:36.349+0000] {dag.py:3340} INFO - Setting next_dagrun for py_name to 2022-11-24T00:00:00+00:00, run_after=2022-11-25T00:00:00+00:00
[2022-11-25T09:39:36.364+0000] {processor.py:176} INFO - Processing /opt/airflow/dags/dag_with_name.py took 0.098 seconds
[2022-11-25T09:40:06.984+0000] {processor.py:154} INFO - Started process (PID=162) to work on /opt/airflow/dags/dag_with_name.py
[2022-11-25T09:40:06.986+0000] {processor.py:756} INFO - Processing file /opt/airflow/dags/dag_with_name.py for tasks to queue
[2022-11-25T09:40:06.988+0000] {logging_mixin.py:120} INFO - [2022-11-25T09:40:06.988+0000] {dagbag.py:537} INFO - Filling up the DagBag from /opt/airflow/dags/dag_with_name.py
[2022-11-25T09:40:07.013+0000] {processor.py:766} INFO - DAG(s) dict_keys(['py_name']) retrieved from /opt/airflow/dags/dag_with_name.py
[2022-11-25T09:40:07.067+0000] {logging_mixin.py:120} INFO - [2022-11-25T09:40:07.067+0000] {dag.py:2585} INFO - Sync 1 DAGs
[2022-11-25T09:40:07.105+0000] {logging_mixin.py:120} INFO - [2022-11-25T09:40:07.104+0000] {dag.py:3340} INFO - Setting next_dagrun for py_name to 2022-11-24T00:00:00+00:00, run_after=2022-11-25T00:00:00+00:00
[2022-11-25T09:40:07.122+0000] {processor.py:176} INFO - Processing /opt/airflow/dags/dag_with_name.py took 0.142 seconds
[2022-11-25T09:40:37.665+0000] {processor.py:154} INFO - Started process (PID=165) to work on /opt/airflow/dags/dag_with_name.py
[2022-11-25T09:40:37.669+0000] {processor.py:756} INFO - Processing file /opt/airflow/dags/dag_with_name.py for tasks to queue
[2022-11-25T09:40:37.676+0000] {logging_mixin.py:120} INFO - [2022-11-25T09:40:37.676+0000] {dagbag.py:537} INFO - Filling up the DagBag from /opt/airflow/dags/dag_with_name.py
[2022-11-25T09:40:37.702+0000] {processor.py:766} INFO - DAG(s) dict_keys(['py_name']) retrieved from /opt/airflow/dags/dag_with_name.py
[2022-11-25T09:40:37.752+0000] {logging_mixin.py:120} INFO - [2022-11-25T09:40:37.752+0000] {dag.py:2585} INFO - Sync 1 DAGs
[2022-11-25T09:40:37.786+0000] {logging_mixin.py:120} INFO - [2022-11-25T09:40:37.786+0000] {dag.py:3340} INFO - Setting next_dagrun for py_name to 2022-11-24T00:00:00+00:00, run_after=2022-11-25T00:00:00+00:00
[2022-11-25T09:40:37.804+0000] {processor.py:176} INFO - Processing /opt/airflow/dags/dag_with_name.py took 0.143 seconds
[2022-11-25T09:41:08.336+0000] {processor.py:154} INFO - Started process (PID=168) to work on /opt/airflow/dags/dag_with_name.py
[2022-11-25T09:41:08.338+0000] {processor.py:756} INFO - Processing file /opt/airflow/dags/dag_with_name.py for tasks to queue
[2022-11-25T09:41:08.340+0000] {logging_mixin.py:120} INFO - [2022-11-25T09:41:08.340+0000] {dagbag.py:537} INFO - Filling up the DagBag from /opt/airflow/dags/dag_with_name.py
[2022-11-25T09:41:08.373+0000] {processor.py:766} INFO - DAG(s) dict_keys(['py_name']) retrieved from /opt/airflow/dags/dag_with_name.py
[2022-11-25T09:41:08.421+0000] {logging_mixin.py:120} INFO - [2022-11-25T09:41:08.421+0000] {dag.py:2585} INFO - Sync 1 DAGs
[2022-11-25T09:41:08.456+0000] {logging_mixin.py:120} INFO - [2022-11-25T09:41:08.456+0000] {dag.py:3340} INFO - Setting next_dagrun for py_name to 2022-11-24T00:00:00+00:00, run_after=2022-11-25T00:00:00+00:00
[2022-11-25T09:41:08.484+0000] {processor.py:176} INFO - Processing /opt/airflow/dags/dag_with_name.py took 0.151 seconds
[2022-11-25T09:41:38.815+0000] {processor.py:154} INFO - Started process (PID=171) to work on /opt/airflow/dags/dag_with_name.py
[2022-11-25T09:41:38.818+0000] {processor.py:756} INFO - Processing file /opt/airflow/dags/dag_with_name.py for tasks to queue
[2022-11-25T09:41:38.820+0000] {logging_mixin.py:120} INFO - [2022-11-25T09:41:38.820+0000] {dagbag.py:537} INFO - Filling up the DagBag from /opt/airflow/dags/dag_with_name.py
[2022-11-25T09:41:38.852+0000] {processor.py:766} INFO - DAG(s) dict_keys(['py_name']) retrieved from /opt/airflow/dags/dag_with_name.py
[2022-11-25T09:41:38.905+0000] {logging_mixin.py:120} INFO - [2022-11-25T09:41:38.905+0000] {dag.py:2585} INFO - Sync 1 DAGs
[2022-11-25T09:41:38.933+0000] {logging_mixin.py:120} INFO - [2022-11-25T09:41:38.933+0000] {dag.py:3340} INFO - Setting next_dagrun for py_name to 2022-11-24T00:00:00+00:00, run_after=2022-11-25T00:00:00+00:00
[2022-11-25T09:41:38.952+0000] {processor.py:176} INFO - Processing /opt/airflow/dags/dag_with_name.py took 0.141 seconds
[2022-11-25T09:42:09.275+0000] {processor.py:154} INFO - Started process (PID=174) to work on /opt/airflow/dags/dag_with_name.py
[2022-11-25T09:42:09.279+0000] {processor.py:756} INFO - Processing file /opt/airflow/dags/dag_with_name.py for tasks to queue
[2022-11-25T09:42:09.285+0000] {logging_mixin.py:120} INFO - [2022-11-25T09:42:09.284+0000] {dagbag.py:537} INFO - Filling up the DagBag from /opt/airflow/dags/dag_with_name.py
[2022-11-25T09:42:09.346+0000] {processor.py:766} INFO - DAG(s) dict_keys(['py_name']) retrieved from /opt/airflow/dags/dag_with_name.py
[2022-11-25T09:42:09.426+0000] {logging_mixin.py:120} INFO - [2022-11-25T09:42:09.426+0000] {dag.py:2585} INFO - Sync 1 DAGs
[2022-11-25T09:42:09.469+0000] {logging_mixin.py:120} INFO - [2022-11-25T09:42:09.469+0000] {dag.py:3340} INFO - Setting next_dagrun for py_name to 2022-11-24T00:00:00+00:00, run_after=2022-11-25T00:00:00+00:00
[2022-11-25T09:42:09.506+0000] {processor.py:176} INFO - Processing /opt/airflow/dags/dag_with_name.py took 0.236 seconds
[2022-11-25T09:42:39.882+0000] {processor.py:154} INFO - Started process (PID=177) to work on /opt/airflow/dags/dag_with_name.py
[2022-11-25T09:42:39.885+0000] {processor.py:756} INFO - Processing file /opt/airflow/dags/dag_with_name.py for tasks to queue
[2022-11-25T09:42:39.888+0000] {logging_mixin.py:120} INFO - [2022-11-25T09:42:39.887+0000] {dagbag.py:537} INFO - Filling up the DagBag from /opt/airflow/dags/dag_with_name.py
[2022-11-25T09:42:39.925+0000] {processor.py:766} INFO - DAG(s) dict_keys(['py_name']) retrieved from /opt/airflow/dags/dag_with_name.py
[2022-11-25T09:42:39.983+0000] {logging_mixin.py:120} INFO - [2022-11-25T09:42:39.983+0000] {dag.py:2585} INFO - Sync 1 DAGs
[2022-11-25T09:42:40.017+0000] {logging_mixin.py:120} INFO - [2022-11-25T09:42:40.017+0000] {dag.py:3340} INFO - Setting next_dagrun for py_name to 2022-11-24T00:00:00+00:00, run_after=2022-11-25T00:00:00+00:00
[2022-11-25T09:42:40.037+0000] {processor.py:176} INFO - Processing /opt/airflow/dags/dag_with_name.py took 0.158 seconds
[2022-11-25T09:43:10.587+0000] {processor.py:154} INFO - Started process (PID=180) to work on /opt/airflow/dags/dag_with_name.py
[2022-11-25T09:43:10.590+0000] {processor.py:756} INFO - Processing file /opt/airflow/dags/dag_with_name.py for tasks to queue
[2022-11-25T09:43:10.592+0000] {logging_mixin.py:120} INFO - [2022-11-25T09:43:10.592+0000] {dagbag.py:537} INFO - Filling up the DagBag from /opt/airflow/dags/dag_with_name.py
[2022-11-25T09:43:10.616+0000] {processor.py:766} INFO - DAG(s) dict_keys(['py_name']) retrieved from /opt/airflow/dags/dag_with_name.py
[2022-11-25T09:43:10.657+0000] {logging_mixin.py:120} INFO - [2022-11-25T09:43:10.657+0000] {dag.py:2585} INFO - Sync 1 DAGs
[2022-11-25T09:43:10.691+0000] {logging_mixin.py:120} INFO - [2022-11-25T09:43:10.690+0000] {dag.py:3340} INFO - Setting next_dagrun for py_name to 2022-11-24T00:00:00+00:00, run_after=2022-11-25T00:00:00+00:00
[2022-11-25T09:43:10.719+0000] {processor.py:176} INFO - Processing /opt/airflow/dags/dag_with_name.py took 0.136 seconds
[2022-11-25T09:43:41.121+0000] {processor.py:154} INFO - Started process (PID=183) to work on /opt/airflow/dags/dag_with_name.py
[2022-11-25T09:43:41.124+0000] {processor.py:756} INFO - Processing file /opt/airflow/dags/dag_with_name.py for tasks to queue
[2022-11-25T09:43:41.126+0000] {logging_mixin.py:120} INFO - [2022-11-25T09:43:41.126+0000] {dagbag.py:537} INFO - Filling up the DagBag from /opt/airflow/dags/dag_with_name.py
[2022-11-25T09:43:41.148+0000] {processor.py:766} INFO - DAG(s) dict_keys(['py_name']) retrieved from /opt/airflow/dags/dag_with_name.py
[2022-11-25T09:43:41.187+0000] {logging_mixin.py:120} INFO - [2022-11-25T09:43:41.187+0000] {dag.py:2585} INFO - Sync 1 DAGs
[2022-11-25T09:43:41.212+0000] {logging_mixin.py:120} INFO - [2022-11-25T09:43:41.212+0000] {dag.py:3340} INFO - Setting next_dagrun for py_name to 2022-11-24T00:00:00+00:00, run_after=2022-11-25T00:00:00+00:00
[2022-11-25T09:43:41.230+0000] {processor.py:176} INFO - Processing /opt/airflow/dags/dag_with_name.py took 0.113 seconds
[2022-11-25T09:44:11.805+0000] {processor.py:154} INFO - Started process (PID=186) to work on /opt/airflow/dags/dag_with_name.py
[2022-11-25T09:44:11.809+0000] {processor.py:756} INFO - Processing file /opt/airflow/dags/dag_with_name.py for tasks to queue
[2022-11-25T09:44:11.813+0000] {logging_mixin.py:120} INFO - [2022-11-25T09:44:11.812+0000] {dagbag.py:537} INFO - Filling up the DagBag from /opt/airflow/dags/dag_with_name.py
[2022-11-25T09:44:11.884+0000] {processor.py:766} INFO - DAG(s) dict_keys(['py_name']) retrieved from /opt/airflow/dags/dag_with_name.py
[2022-11-25T09:44:11.995+0000] {logging_mixin.py:120} INFO - [2022-11-25T09:44:11.995+0000] {dag.py:2585} INFO - Sync 1 DAGs
[2022-11-25T09:44:12.043+0000] {logging_mixin.py:120} INFO - [2022-11-25T09:44:12.041+0000] {dag.py:3340} INFO - Setting next_dagrun for py_name to 2022-11-24T00:00:00+00:00, run_after=2022-11-25T00:00:00+00:00
[2022-11-25T09:44:12.067+0000] {processor.py:176} INFO - Processing /opt/airflow/dags/dag_with_name.py took 0.272 seconds
[2022-11-25T09:44:42.843+0000] {processor.py:154} INFO - Started process (PID=190) to work on /opt/airflow/dags/dag_with_name.py
[2022-11-25T09:44:42.846+0000] {processor.py:756} INFO - Processing file /opt/airflow/dags/dag_with_name.py for tasks to queue
[2022-11-25T09:44:42.848+0000] {logging_mixin.py:120} INFO - [2022-11-25T09:44:42.847+0000] {dagbag.py:537} INFO - Filling up the DagBag from /opt/airflow/dags/dag_with_name.py
[2022-11-25T09:44:42.888+0000] {processor.py:766} INFO - DAG(s) dict_keys(['py_name']) retrieved from /opt/airflow/dags/dag_with_name.py
[2022-11-25T09:44:42.967+0000] {logging_mixin.py:120} INFO - [2022-11-25T09:44:42.967+0000] {dag.py:2585} INFO - Sync 1 DAGs
[2022-11-25T09:44:43.002+0000] {logging_mixin.py:120} INFO - [2022-11-25T09:44:43.002+0000] {dag.py:3340} INFO - Setting next_dagrun for py_name to 2022-11-24T00:00:00+00:00, run_after=2022-11-25T00:00:00+00:00
[2022-11-25T09:44:43.027+0000] {processor.py:176} INFO - Processing /opt/airflow/dags/dag_with_name.py took 0.188 seconds
[2022-11-25T09:45:13.552+0000] {processor.py:154} INFO - Started process (PID=193) to work on /opt/airflow/dags/dag_with_name.py
[2022-11-25T09:45:13.558+0000] {processor.py:756} INFO - Processing file /opt/airflow/dags/dag_with_name.py for tasks to queue
[2022-11-25T09:45:13.566+0000] {logging_mixin.py:120} INFO - [2022-11-25T09:45:13.566+0000] {dagbag.py:537} INFO - Filling up the DagBag from /opt/airflow/dags/dag_with_name.py
[2022-11-25T09:45:13.651+0000] {processor.py:766} INFO - DAG(s) dict_keys(['py_name']) retrieved from /opt/airflow/dags/dag_with_name.py
[2022-11-25T09:45:13.777+0000] {logging_mixin.py:120} INFO - [2022-11-25T09:45:13.777+0000] {dag.py:2585} INFO - Sync 1 DAGs
[2022-11-25T09:45:13.823+0000] {logging_mixin.py:120} INFO - [2022-11-25T09:45:13.823+0000] {dag.py:3340} INFO - Setting next_dagrun for py_name to 2022-11-24T00:00:00+00:00, run_after=2022-11-25T00:00:00+00:00
[2022-11-25T09:45:13.856+0000] {processor.py:176} INFO - Processing /opt/airflow/dags/dag_with_name.py took 0.313 seconds
[2022-11-25T09:45:44.273+0000] {processor.py:154} INFO - Started process (PID=196) to work on /opt/airflow/dags/dag_with_name.py
[2022-11-25T09:45:44.276+0000] {processor.py:756} INFO - Processing file /opt/airflow/dags/dag_with_name.py for tasks to queue
[2022-11-25T09:45:44.278+0000] {logging_mixin.py:120} INFO - [2022-11-25T09:45:44.277+0000] {dagbag.py:537} INFO - Filling up the DagBag from /opt/airflow/dags/dag_with_name.py
[2022-11-25T09:45:44.313+0000] {processor.py:766} INFO - DAG(s) dict_keys(['py_name']) retrieved from /opt/airflow/dags/dag_with_name.py
[2022-11-25T09:45:44.384+0000] {logging_mixin.py:120} INFO - [2022-11-25T09:45:44.384+0000] {dag.py:2585} INFO - Sync 1 DAGs
[2022-11-25T09:45:44.427+0000] {logging_mixin.py:120} INFO - [2022-11-25T09:45:44.427+0000] {dag.py:3340} INFO - Setting next_dagrun for py_name to 2022-11-24T00:00:00+00:00, run_after=2022-11-25T00:00:00+00:00
[2022-11-25T09:45:44.451+0000] {processor.py:176} INFO - Processing /opt/airflow/dags/dag_with_name.py took 0.183 seconds
[2022-11-25T09:46:14.980+0000] {processor.py:154} INFO - Started process (PID=199) to work on /opt/airflow/dags/dag_with_name.py
[2022-11-25T09:46:14.987+0000] {processor.py:756} INFO - Processing file /opt/airflow/dags/dag_with_name.py for tasks to queue
[2022-11-25T09:46:14.994+0000] {logging_mixin.py:120} INFO - [2022-11-25T09:46:14.993+0000] {dagbag.py:537} INFO - Filling up the DagBag from /opt/airflow/dags/dag_with_name.py
[2022-11-25T09:46:15.047+0000] {processor.py:766} INFO - DAG(s) dict_keys(['py_name']) retrieved from /opt/airflow/dags/dag_with_name.py
[2022-11-25T09:46:15.131+0000] {logging_mixin.py:120} INFO - [2022-11-25T09:46:15.131+0000] {dag.py:2585} INFO - Sync 1 DAGs
[2022-11-25T09:46:15.169+0000] {logging_mixin.py:120} INFO - [2022-11-25T09:46:15.168+0000] {dag.py:3340} INFO - Setting next_dagrun for py_name to 2022-11-24T00:00:00+00:00, run_after=2022-11-25T00:00:00+00:00
[2022-11-25T09:46:15.190+0000] {processor.py:176} INFO - Processing /opt/airflow/dags/dag_with_name.py took 0.222 seconds
[2022-11-25T09:46:45.584+0000] {processor.py:154} INFO - Started process (PID=202) to work on /opt/airflow/dags/dag_with_name.py
[2022-11-25T09:46:45.586+0000] {processor.py:756} INFO - Processing file /opt/airflow/dags/dag_with_name.py for tasks to queue
[2022-11-25T09:46:45.587+0000] {logging_mixin.py:120} INFO - [2022-11-25T09:46:45.587+0000] {dagbag.py:537} INFO - Filling up the DagBag from /opt/airflow/dags/dag_with_name.py
[2022-11-25T09:46:45.608+0000] {processor.py:766} INFO - DAG(s) dict_keys(['py_name']) retrieved from /opt/airflow/dags/dag_with_name.py
[2022-11-25T09:46:45.653+0000] {logging_mixin.py:120} INFO - [2022-11-25T09:46:45.652+0000] {dag.py:2585} INFO - Sync 1 DAGs
[2022-11-25T09:46:45.683+0000] {logging_mixin.py:120} INFO - [2022-11-25T09:46:45.682+0000] {dag.py:3340} INFO - Setting next_dagrun for py_name to 2022-11-24T00:00:00+00:00, run_after=2022-11-25T00:00:00+00:00
[2022-11-25T09:46:45.705+0000] {processor.py:176} INFO - Processing /opt/airflow/dags/dag_with_name.py took 0.125 seconds
[2022-11-25T09:47:16.153+0000] {processor.py:154} INFO - Started process (PID=205) to work on /opt/airflow/dags/dag_with_name.py
[2022-11-25T09:47:16.156+0000] {processor.py:756} INFO - Processing file /opt/airflow/dags/dag_with_name.py for tasks to queue
[2022-11-25T09:47:16.158+0000] {logging_mixin.py:120} INFO - [2022-11-25T09:47:16.157+0000] {dagbag.py:537} INFO - Filling up the DagBag from /opt/airflow/dags/dag_with_name.py
[2022-11-25T09:47:16.217+0000] {processor.py:766} INFO - DAG(s) dict_keys(['py_name']) retrieved from /opt/airflow/dags/dag_with_name.py
[2022-11-25T09:47:16.306+0000] {logging_mixin.py:120} INFO - [2022-11-25T09:47:16.306+0000] {dag.py:2585} INFO - Sync 1 DAGs
[2022-11-25T09:47:16.344+0000] {logging_mixin.py:120} INFO - [2022-11-25T09:47:16.343+0000] {dag.py:3340} INFO - Setting next_dagrun for py_name to 2022-11-24T00:00:00+00:00, run_after=2022-11-25T00:00:00+00:00
[2022-11-25T09:47:16.368+0000] {processor.py:176} INFO - Processing /opt/airflow/dags/dag_with_name.py took 0.219 seconds
[2022-11-25T09:47:46.867+0000] {processor.py:154} INFO - Started process (PID=208) to work on /opt/airflow/dags/dag_with_name.py
[2022-11-25T09:47:46.869+0000] {processor.py:756} INFO - Processing file /opt/airflow/dags/dag_with_name.py for tasks to queue
[2022-11-25T09:47:46.871+0000] {logging_mixin.py:120} INFO - [2022-11-25T09:47:46.871+0000] {dagbag.py:537} INFO - Filling up the DagBag from /opt/airflow/dags/dag_with_name.py
[2022-11-25T09:47:46.924+0000] {processor.py:766} INFO - DAG(s) dict_keys(['py_name']) retrieved from /opt/airflow/dags/dag_with_name.py
[2022-11-25T09:47:46.997+0000] {logging_mixin.py:120} INFO - [2022-11-25T09:47:46.996+0000] {dag.py:2585} INFO - Sync 1 DAGs
[2022-11-25T09:47:47.032+0000] {logging_mixin.py:120} INFO - [2022-11-25T09:47:47.032+0000] {dag.py:3340} INFO - Setting next_dagrun for py_name to 2022-11-24T00:00:00+00:00, run_after=2022-11-25T00:00:00+00:00
[2022-11-25T09:47:47.055+0000] {processor.py:176} INFO - Processing /opt/airflow/dags/dag_with_name.py took 0.193 seconds
[2022-11-25T09:48:17.574+0000] {processor.py:154} INFO - Started process (PID=211) to work on /opt/airflow/dags/dag_with_name.py
[2022-11-25T09:48:17.588+0000] {processor.py:756} INFO - Processing file /opt/airflow/dags/dag_with_name.py for tasks to queue
[2022-11-25T09:48:17.618+0000] {logging_mixin.py:120} INFO - [2022-11-25T09:48:17.615+0000] {dagbag.py:537} INFO - Filling up the DagBag from /opt/airflow/dags/dag_with_name.py
[2022-11-25T09:48:17.761+0000] {processor.py:766} INFO - DAG(s) dict_keys(['py_name']) retrieved from /opt/airflow/dags/dag_with_name.py
[2022-11-25T09:48:18.011+0000] {logging_mixin.py:120} INFO - [2022-11-25T09:48:18.010+0000] {dag.py:2585} INFO - Sync 1 DAGs
[2022-11-25T09:48:18.302+0000] {logging_mixin.py:120} INFO - [2022-11-25T09:48:18.299+0000] {dag.py:3340} INFO - Setting next_dagrun for py_name to 2022-11-24T00:00:00+00:00, run_after=2022-11-25T00:00:00+00:00
[2022-11-25T09:48:18.394+0000] {processor.py:176} INFO - Processing /opt/airflow/dags/dag_with_name.py took 0.837 seconds
[2022-11-25T09:48:48.890+0000] {processor.py:154} INFO - Started process (PID=214) to work on /opt/airflow/dags/dag_with_name.py
[2022-11-25T09:48:48.896+0000] {processor.py:756} INFO - Processing file /opt/airflow/dags/dag_with_name.py for tasks to queue
[2022-11-25T09:48:48.899+0000] {logging_mixin.py:120} INFO - [2022-11-25T09:48:48.899+0000] {dagbag.py:537} INFO - Filling up the DagBag from /opt/airflow/dags/dag_with_name.py
[2022-11-25T09:48:48.965+0000] {processor.py:766} INFO - DAG(s) dict_keys(['py_name']) retrieved from /opt/airflow/dags/dag_with_name.py
[2022-11-25T09:48:49.044+0000] {logging_mixin.py:120} INFO - [2022-11-25T09:48:49.044+0000] {dag.py:2585} INFO - Sync 1 DAGs
[2022-11-25T09:48:49.090+0000] {logging_mixin.py:120} INFO - [2022-11-25T09:48:49.090+0000] {dag.py:3340} INFO - Setting next_dagrun for py_name to 2022-11-24T00:00:00+00:00, run_after=2022-11-25T00:00:00+00:00
[2022-11-25T09:48:49.125+0000] {processor.py:176} INFO - Processing /opt/airflow/dags/dag_with_name.py took 0.243 seconds
[2022-11-25T09:49:19.614+0000] {processor.py:154} INFO - Started process (PID=217) to work on /opt/airflow/dags/dag_with_name.py
[2022-11-25T09:49:19.619+0000] {processor.py:756} INFO - Processing file /opt/airflow/dags/dag_with_name.py for tasks to queue
[2022-11-25T09:49:19.621+0000] {logging_mixin.py:120} INFO - [2022-11-25T09:49:19.621+0000] {dagbag.py:537} INFO - Filling up the DagBag from /opt/airflow/dags/dag_with_name.py
[2022-11-25T09:49:19.663+0000] {processor.py:766} INFO - DAG(s) dict_keys(['py_name']) retrieved from /opt/airflow/dags/dag_with_name.py
[2022-11-25T09:49:19.748+0000] {logging_mixin.py:120} INFO - [2022-11-25T09:49:19.748+0000] {dag.py:2585} INFO - Sync 1 DAGs
[2022-11-25T09:49:19.803+0000] {logging_mixin.py:120} INFO - [2022-11-25T09:49:19.803+0000] {dag.py:3340} INFO - Setting next_dagrun for py_name to 2022-11-24T00:00:00+00:00, run_after=2022-11-25T00:00:00+00:00
[2022-11-25T09:49:19.836+0000] {processor.py:176} INFO - Processing /opt/airflow/dags/dag_with_name.py took 0.226 seconds
[2022-11-25T09:49:50.271+0000] {processor.py:154} INFO - Started process (PID=220) to work on /opt/airflow/dags/dag_with_name.py
[2022-11-25T09:49:50.277+0000] {processor.py:756} INFO - Processing file /opt/airflow/dags/dag_with_name.py for tasks to queue
[2022-11-25T09:49:50.282+0000] {logging_mixin.py:120} INFO - [2022-11-25T09:49:50.282+0000] {dagbag.py:537} INFO - Filling up the DagBag from /opt/airflow/dags/dag_with_name.py
[2022-11-25T09:49:50.372+0000] {processor.py:766} INFO - DAG(s) dict_keys(['py_name']) retrieved from /opt/airflow/dags/dag_with_name.py
[2022-11-25T09:49:50.484+0000] {logging_mixin.py:120} INFO - [2022-11-25T09:49:50.483+0000] {dag.py:2585} INFO - Sync 1 DAGs
[2022-11-25T09:49:50.536+0000] {logging_mixin.py:120} INFO - [2022-11-25T09:49:50.536+0000] {dag.py:3340} INFO - Setting next_dagrun for py_name to 2022-11-24T00:00:00+00:00, run_after=2022-11-25T00:00:00+00:00
[2022-11-25T09:49:50.572+0000] {processor.py:176} INFO - Processing /opt/airflow/dags/dag_with_name.py took 0.317 seconds
[2022-11-25T09:50:20.959+0000] {processor.py:154} INFO - Started process (PID=223) to work on /opt/airflow/dags/dag_with_name.py
[2022-11-25T09:50:20.961+0000] {processor.py:756} INFO - Processing file /opt/airflow/dags/dag_with_name.py for tasks to queue
[2022-11-25T09:50:20.964+0000] {logging_mixin.py:120} INFO - [2022-11-25T09:50:20.963+0000] {dagbag.py:537} INFO - Filling up the DagBag from /opt/airflow/dags/dag_with_name.py
[2022-11-25T09:50:21.005+0000] {processor.py:766} INFO - DAG(s) dict_keys(['py_name']) retrieved from /opt/airflow/dags/dag_with_name.py
[2022-11-25T09:50:21.074+0000] {logging_mixin.py:120} INFO - [2022-11-25T09:50:21.074+0000] {dag.py:2585} INFO - Sync 1 DAGs
[2022-11-25T09:50:21.122+0000] {logging_mixin.py:120} INFO - [2022-11-25T09:50:21.122+0000] {dag.py:3340} INFO - Setting next_dagrun for py_name to 2022-11-24T00:00:00+00:00, run_after=2022-11-25T00:00:00+00:00
[2022-11-25T09:50:21.150+0000] {processor.py:176} INFO - Processing /opt/airflow/dags/dag_with_name.py took 0.197 seconds
[2022-11-25T09:50:51.575+0000] {processor.py:154} INFO - Started process (PID=226) to work on /opt/airflow/dags/dag_with_name.py
[2022-11-25T09:50:51.577+0000] {processor.py:756} INFO - Processing file /opt/airflow/dags/dag_with_name.py for tasks to queue
[2022-11-25T09:50:51.579+0000] {logging_mixin.py:120} INFO - [2022-11-25T09:50:51.579+0000] {dagbag.py:537} INFO - Filling up the DagBag from /opt/airflow/dags/dag_with_name.py
[2022-11-25T09:50:51.620+0000] {processor.py:766} INFO - DAG(s) dict_keys(['py_name']) retrieved from /opt/airflow/dags/dag_with_name.py
[2022-11-25T09:50:51.686+0000] {logging_mixin.py:120} INFO - [2022-11-25T09:50:51.686+0000] {dag.py:2585} INFO - Sync 1 DAGs
[2022-11-25T09:50:51.726+0000] {logging_mixin.py:120} INFO - [2022-11-25T09:50:51.726+0000] {dag.py:3340} INFO - Setting next_dagrun for py_name to 2022-11-24T00:00:00+00:00, run_after=2022-11-25T00:00:00+00:00
[2022-11-25T09:50:51.752+0000] {processor.py:176} INFO - Processing /opt/airflow/dags/dag_with_name.py took 0.180 seconds
[2022-11-25T09:51:22.134+0000] {processor.py:154} INFO - Started process (PID=229) to work on /opt/airflow/dags/dag_with_name.py
[2022-11-25T09:51:22.138+0000] {processor.py:756} INFO - Processing file /opt/airflow/dags/dag_with_name.py for tasks to queue
[2022-11-25T09:51:22.144+0000] {logging_mixin.py:120} INFO - [2022-11-25T09:51:22.143+0000] {dagbag.py:537} INFO - Filling up the DagBag from /opt/airflow/dags/dag_with_name.py
[2022-11-25T09:51:22.186+0000] {processor.py:766} INFO - DAG(s) dict_keys(['py_name']) retrieved from /opt/airflow/dags/dag_with_name.py
[2022-11-25T09:51:22.275+0000] {logging_mixin.py:120} INFO - [2022-11-25T09:51:22.274+0000] {dag.py:2585} INFO - Sync 1 DAGs
[2022-11-25T09:51:22.316+0000] {logging_mixin.py:120} INFO - [2022-11-25T09:51:22.315+0000] {dag.py:3340} INFO - Setting next_dagrun for py_name to 2022-11-24T00:00:00+00:00, run_after=2022-11-25T00:00:00+00:00
[2022-11-25T09:51:22.346+0000] {processor.py:176} INFO - Processing /opt/airflow/dags/dag_with_name.py took 0.216 seconds
[2022-11-25T09:51:52.686+0000] {processor.py:154} INFO - Started process (PID=232) to work on /opt/airflow/dags/dag_with_name.py
[2022-11-25T09:51:52.689+0000] {processor.py:756} INFO - Processing file /opt/airflow/dags/dag_with_name.py for tasks to queue
[2022-11-25T09:51:52.692+0000] {logging_mixin.py:120} INFO - [2022-11-25T09:51:52.692+0000] {dagbag.py:537} INFO - Filling up the DagBag from /opt/airflow/dags/dag_with_name.py
[2022-11-25T09:51:52.734+0000] {processor.py:766} INFO - DAG(s) dict_keys(['py_name']) retrieved from /opt/airflow/dags/dag_with_name.py
[2022-11-25T09:51:52.796+0000] {logging_mixin.py:120} INFO - [2022-11-25T09:51:52.795+0000] {dag.py:2585} INFO - Sync 1 DAGs
[2022-11-25T09:51:52.842+0000] {logging_mixin.py:120} INFO - [2022-11-25T09:51:52.842+0000] {dag.py:3340} INFO - Setting next_dagrun for py_name to 2022-11-24T00:00:00+00:00, run_after=2022-11-25T00:00:00+00:00
[2022-11-25T09:51:52.870+0000] {processor.py:176} INFO - Processing /opt/airflow/dags/dag_with_name.py took 0.191 seconds
[2022-11-25T09:52:23.278+0000] {processor.py:154} INFO - Started process (PID=235) to work on /opt/airflow/dags/dag_with_name.py
[2022-11-25T09:52:23.282+0000] {processor.py:756} INFO - Processing file /opt/airflow/dags/dag_with_name.py for tasks to queue
[2022-11-25T09:52:23.286+0000] {logging_mixin.py:120} INFO - [2022-11-25T09:52:23.286+0000] {dagbag.py:537} INFO - Filling up the DagBag from /opt/airflow/dags/dag_with_name.py
[2022-11-25T09:52:23.352+0000] {processor.py:766} INFO - DAG(s) dict_keys(['py_name']) retrieved from /opt/airflow/dags/dag_with_name.py
[2022-11-25T09:52:23.434+0000] {logging_mixin.py:120} INFO - [2022-11-25T09:52:23.434+0000] {dag.py:2585} INFO - Sync 1 DAGs
[2022-11-25T09:52:23.472+0000] {logging_mixin.py:120} INFO - [2022-11-25T09:52:23.472+0000] {dag.py:3340} INFO - Setting next_dagrun for py_name to 2022-11-24T00:00:00+00:00, run_after=2022-11-25T00:00:00+00:00
[2022-11-25T09:52:23.504+0000] {processor.py:176} INFO - Processing /opt/airflow/dags/dag_with_name.py took 0.233 seconds
[2022-11-25T09:52:53.953+0000] {processor.py:154} INFO - Started process (PID=238) to work on /opt/airflow/dags/dag_with_name.py
[2022-11-25T09:52:53.957+0000] {processor.py:756} INFO - Processing file /opt/airflow/dags/dag_with_name.py for tasks to queue
[2022-11-25T09:52:53.960+0000] {logging_mixin.py:120} INFO - [2022-11-25T09:52:53.960+0000] {dagbag.py:537} INFO - Filling up the DagBag from /opt/airflow/dags/dag_with_name.py
[2022-11-25T09:52:54.019+0000] {processor.py:766} INFO - DAG(s) dict_keys(['py_name']) retrieved from /opt/airflow/dags/dag_with_name.py
[2022-11-25T09:52:54.090+0000] {logging_mixin.py:120} INFO - [2022-11-25T09:52:54.090+0000] {dag.py:2585} INFO - Sync 1 DAGs
[2022-11-25T09:52:54.120+0000] {logging_mixin.py:120} INFO - [2022-11-25T09:52:54.120+0000] {dag.py:3340} INFO - Setting next_dagrun for py_name to 2022-11-24T00:00:00+00:00, run_after=2022-11-25T00:00:00+00:00
[2022-11-25T09:52:54.139+0000] {processor.py:176} INFO - Processing /opt/airflow/dags/dag_with_name.py took 0.194 seconds
