[2022-11-25T09:19:06.615+0000] {processor.py:154} INFO - Started process (PID=35) to work on /opt/airflow/dags/DBconnection.py
[2022-11-25T09:19:06.624+0000] {processor.py:756} INFO - Processing file /opt/airflow/dags/DBconnection.py for tasks to queue
[2022-11-25T09:19:06.652+0000] {logging_mixin.py:120} INFO - [2022-11-25T09:19:06.651+0000] {dagbag.py:537} INFO - Filling up the DagBag from /opt/airflow/dags/DBconnection.py
[2022-11-25T09:19:07.166+0000] {processor.py:766} INFO - DAG(s) dict_keys(['postgres_operators']) retrieved from /opt/airflow/dags/DBconnection.py
[2022-11-25T09:19:07.340+0000] {logging_mixin.py:120} INFO - [2022-11-25T09:19:07.339+0000] {dag.py:2585} INFO - Sync 1 DAGs
[2022-11-25T09:19:07.449+0000] {logging_mixin.py:120} INFO - [2022-11-25T09:19:07.449+0000] {dag.py:3340} INFO - Setting next_dagrun for postgres_operators to 2022-11-24T00:00:00+00:00, run_after=2022-11-25T00:00:00+00:00
[2022-11-25T09:19:07.512+0000] {processor.py:176} INFO - Processing /opt/airflow/dags/DBconnection.py took 0.905 seconds
[2022-11-25T09:19:37.609+0000] {processor.py:154} INFO - Started process (PID=37) to work on /opt/airflow/dags/DBconnection.py
[2022-11-25T09:19:37.620+0000] {processor.py:756} INFO - Processing file /opt/airflow/dags/DBconnection.py for tasks to queue
[2022-11-25T09:19:37.628+0000] {logging_mixin.py:120} INFO - [2022-11-25T09:19:37.628+0000] {dagbag.py:537} INFO - Filling up the DagBag from /opt/airflow/dags/DBconnection.py
[2022-11-25T09:19:37.936+0000] {processor.py:766} INFO - DAG(s) dict_keys(['postgres_operators']) retrieved from /opt/airflow/dags/DBconnection.py
[2022-11-25T09:19:38.036+0000] {logging_mixin.py:120} INFO - [2022-11-25T09:19:38.035+0000] {dag.py:2585} INFO - Sync 1 DAGs
[2022-11-25T09:19:38.086+0000] {logging_mixin.py:120} INFO - [2022-11-25T09:19:38.085+0000] {dag.py:3340} INFO - Setting next_dagrun for postgres_operators to 2022-11-24T00:00:00+00:00, run_after=2022-11-25T00:00:00+00:00
[2022-11-25T09:19:38.109+0000] {processor.py:176} INFO - Processing /opt/airflow/dags/DBconnection.py took 0.511 seconds
[2022-11-25T09:20:08.691+0000] {processor.py:154} INFO - Started process (PID=41) to work on /opt/airflow/dags/DBconnection.py
[2022-11-25T09:20:08.695+0000] {processor.py:756} INFO - Processing file /opt/airflow/dags/DBconnection.py for tasks to queue
[2022-11-25T09:20:08.698+0000] {logging_mixin.py:120} INFO - [2022-11-25T09:20:08.698+0000] {dagbag.py:537} INFO - Filling up the DagBag from /opt/airflow/dags/DBconnection.py
[2022-11-25T09:20:08.854+0000] {processor.py:766} INFO - DAG(s) dict_keys(['postgres_operators']) retrieved from /opt/airflow/dags/DBconnection.py
[2022-11-25T09:20:08.916+0000] {logging_mixin.py:120} INFO - [2022-11-25T09:20:08.916+0000] {dag.py:2585} INFO - Sync 1 DAGs
[2022-11-25T09:20:08.955+0000] {logging_mixin.py:120} INFO - [2022-11-25T09:20:08.955+0000] {dag.py:3340} INFO - Setting next_dagrun for postgres_operators to 2022-11-24T00:00:00+00:00, run_after=2022-11-25T00:00:00+00:00
[2022-11-25T09:20:08.977+0000] {processor.py:176} INFO - Processing /opt/airflow/dags/DBconnection.py took 0.297 seconds
[2022-11-25T09:20:39.356+0000] {processor.py:154} INFO - Started process (PID=44) to work on /opt/airflow/dags/DBconnection.py
[2022-11-25T09:20:39.358+0000] {processor.py:756} INFO - Processing file /opt/airflow/dags/DBconnection.py for tasks to queue
[2022-11-25T09:20:39.363+0000] {logging_mixin.py:120} INFO - [2022-11-25T09:20:39.362+0000] {dagbag.py:537} INFO - Filling up the DagBag from /opt/airflow/dags/DBconnection.py
[2022-11-25T09:20:39.479+0000] {processor.py:766} INFO - DAG(s) dict_keys(['postgres_operators']) retrieved from /opt/airflow/dags/DBconnection.py
[2022-11-25T09:20:39.546+0000] {logging_mixin.py:120} INFO - [2022-11-25T09:20:39.545+0000] {dag.py:2585} INFO - Sync 1 DAGs
[2022-11-25T09:20:39.583+0000] {logging_mixin.py:120} INFO - [2022-11-25T09:20:39.582+0000] {dag.py:3340} INFO - Setting next_dagrun for postgres_operators to 2022-11-24T00:00:00+00:00, run_after=2022-11-25T00:00:00+00:00
[2022-11-25T09:20:39.603+0000] {processor.py:176} INFO - Processing /opt/airflow/dags/DBconnection.py took 0.252 seconds
[2022-11-25T09:21:09.979+0000] {processor.py:154} INFO - Started process (PID=47) to work on /opt/airflow/dags/DBconnection.py
[2022-11-25T09:21:09.982+0000] {processor.py:756} INFO - Processing file /opt/airflow/dags/DBconnection.py for tasks to queue
[2022-11-25T09:21:09.985+0000] {logging_mixin.py:120} INFO - [2022-11-25T09:21:09.985+0000] {dagbag.py:537} INFO - Filling up the DagBag from /opt/airflow/dags/DBconnection.py
[2022-11-25T09:21:10.116+0000] {processor.py:766} INFO - DAG(s) dict_keys(['postgres_operators']) retrieved from /opt/airflow/dags/DBconnection.py
[2022-11-25T09:21:10.181+0000] {logging_mixin.py:120} INFO - [2022-11-25T09:21:10.181+0000] {dag.py:2585} INFO - Sync 1 DAGs
[2022-11-25T09:21:10.217+0000] {logging_mixin.py:120} INFO - [2022-11-25T09:21:10.216+0000] {dag.py:3340} INFO - Setting next_dagrun for postgres_operators to 2022-11-24T00:00:00+00:00, run_after=2022-11-25T00:00:00+00:00
[2022-11-25T09:21:10.241+0000] {processor.py:176} INFO - Processing /opt/airflow/dags/DBconnection.py took 0.269 seconds
[2022-11-25T09:21:41.141+0000] {processor.py:154} INFO - Started process (PID=50) to work on /opt/airflow/dags/DBconnection.py
[2022-11-25T09:21:41.144+0000] {processor.py:756} INFO - Processing file /opt/airflow/dags/DBconnection.py for tasks to queue
[2022-11-25T09:21:41.147+0000] {logging_mixin.py:120} INFO - [2022-11-25T09:21:41.146+0000] {dagbag.py:537} INFO - Filling up the DagBag from /opt/airflow/dags/DBconnection.py
[2022-11-25T09:21:41.276+0000] {processor.py:766} INFO - DAG(s) dict_keys(['postgres_operators']) retrieved from /opt/airflow/dags/DBconnection.py
[2022-11-25T09:21:41.356+0000] {logging_mixin.py:120} INFO - [2022-11-25T09:21:41.356+0000] {dag.py:2585} INFO - Sync 1 DAGs
[2022-11-25T09:21:41.403+0000] {logging_mixin.py:120} INFO - [2022-11-25T09:21:41.403+0000] {dag.py:3340} INFO - Setting next_dagrun for postgres_operators to 2022-11-24T00:00:00+00:00, run_after=2022-11-25T00:00:00+00:00
[2022-11-25T09:21:41.425+0000] {processor.py:176} INFO - Processing /opt/airflow/dags/DBconnection.py took 0.293 seconds
[2022-11-25T09:22:11.826+0000] {processor.py:154} INFO - Started process (PID=53) to work on /opt/airflow/dags/DBconnection.py
[2022-11-25T09:22:11.829+0000] {processor.py:756} INFO - Processing file /opt/airflow/dags/DBconnection.py for tasks to queue
[2022-11-25T09:22:11.832+0000] {logging_mixin.py:120} INFO - [2022-11-25T09:22:11.832+0000] {dagbag.py:537} INFO - Filling up the DagBag from /opt/airflow/dags/DBconnection.py
[2022-11-25T09:22:11.966+0000] {processor.py:766} INFO - DAG(s) dict_keys(['postgres_operators']) retrieved from /opt/airflow/dags/DBconnection.py
[2022-11-25T09:22:12.096+0000] {logging_mixin.py:120} INFO - [2022-11-25T09:22:12.095+0000] {dag.py:2585} INFO - Sync 1 DAGs
[2022-11-25T09:22:12.141+0000] {logging_mixin.py:120} INFO - [2022-11-25T09:22:12.140+0000] {dag.py:3340} INFO - Setting next_dagrun for postgres_operators to 2022-11-24T00:00:00+00:00, run_after=2022-11-25T00:00:00+00:00
[2022-11-25T09:22:12.169+0000] {processor.py:176} INFO - Processing /opt/airflow/dags/DBconnection.py took 0.349 seconds
[2022-11-25T09:22:42.636+0000] {processor.py:154} INFO - Started process (PID=56) to work on /opt/airflow/dags/DBconnection.py
[2022-11-25T09:22:42.641+0000] {processor.py:756} INFO - Processing file /opt/airflow/dags/DBconnection.py for tasks to queue
[2022-11-25T09:22:42.647+0000] {logging_mixin.py:120} INFO - [2022-11-25T09:22:42.646+0000] {dagbag.py:537} INFO - Filling up the DagBag from /opt/airflow/dags/DBconnection.py
[2022-11-25T09:22:42.805+0000] {processor.py:766} INFO - DAG(s) dict_keys(['postgres_operators']) retrieved from /opt/airflow/dags/DBconnection.py
[2022-11-25T09:22:42.870+0000] {logging_mixin.py:120} INFO - [2022-11-25T09:22:42.870+0000] {dag.py:2585} INFO - Sync 1 DAGs
[2022-11-25T09:22:42.904+0000] {logging_mixin.py:120} INFO - [2022-11-25T09:22:42.904+0000] {dag.py:3340} INFO - Setting next_dagrun for postgres_operators to 2022-11-24T00:00:00+00:00, run_after=2022-11-25T00:00:00+00:00
[2022-11-25T09:22:42.928+0000] {processor.py:176} INFO - Processing /opt/airflow/dags/DBconnection.py took 0.300 seconds
[2022-11-25T09:23:13.301+0000] {processor.py:154} INFO - Started process (PID=59) to work on /opt/airflow/dags/DBconnection.py
[2022-11-25T09:23:13.304+0000] {processor.py:756} INFO - Processing file /opt/airflow/dags/DBconnection.py for tasks to queue
[2022-11-25T09:23:13.306+0000] {logging_mixin.py:120} INFO - [2022-11-25T09:23:13.306+0000] {dagbag.py:537} INFO - Filling up the DagBag from /opt/airflow/dags/DBconnection.py
[2022-11-25T09:23:13.406+0000] {processor.py:766} INFO - DAG(s) dict_keys(['postgres_operators']) retrieved from /opt/airflow/dags/DBconnection.py
[2022-11-25T09:23:13.458+0000] {logging_mixin.py:120} INFO - [2022-11-25T09:23:13.458+0000] {dag.py:2585} INFO - Sync 1 DAGs
[2022-11-25T09:23:13.493+0000] {logging_mixin.py:120} INFO - [2022-11-25T09:23:13.492+0000] {dag.py:3340} INFO - Setting next_dagrun for postgres_operators to 2022-11-24T00:00:00+00:00, run_after=2022-11-25T00:00:00+00:00
[2022-11-25T09:23:13.516+0000] {processor.py:176} INFO - Processing /opt/airflow/dags/DBconnection.py took 0.219 seconds
[2022-11-25T09:23:43.856+0000] {processor.py:154} INFO - Started process (PID=62) to work on /opt/airflow/dags/DBconnection.py
[2022-11-25T09:23:43.860+0000] {processor.py:756} INFO - Processing file /opt/airflow/dags/DBconnection.py for tasks to queue
[2022-11-25T09:23:43.862+0000] {logging_mixin.py:120} INFO - [2022-11-25T09:23:43.862+0000] {dagbag.py:537} INFO - Filling up the DagBag from /opt/airflow/dags/DBconnection.py
[2022-11-25T09:23:43.957+0000] {processor.py:766} INFO - DAG(s) dict_keys(['postgres_operators']) retrieved from /opt/airflow/dags/DBconnection.py
[2022-11-25T09:23:44.009+0000] {logging_mixin.py:120} INFO - [2022-11-25T09:23:44.008+0000] {dag.py:2585} INFO - Sync 1 DAGs
[2022-11-25T09:23:44.036+0000] {logging_mixin.py:120} INFO - [2022-11-25T09:23:44.036+0000] {dag.py:3340} INFO - Setting next_dagrun for postgres_operators to 2022-11-24T00:00:00+00:00, run_after=2022-11-25T00:00:00+00:00
[2022-11-25T09:23:44.060+0000] {processor.py:176} INFO - Processing /opt/airflow/dags/DBconnection.py took 0.209 seconds
[2022-11-25T09:24:14.463+0000] {processor.py:154} INFO - Started process (PID=65) to work on /opt/airflow/dags/DBconnection.py
[2022-11-25T09:24:14.466+0000] {processor.py:756} INFO - Processing file /opt/airflow/dags/DBconnection.py for tasks to queue
[2022-11-25T09:24:14.469+0000] {logging_mixin.py:120} INFO - [2022-11-25T09:24:14.469+0000] {dagbag.py:537} INFO - Filling up the DagBag from /opt/airflow/dags/DBconnection.py
[2022-11-25T09:24:14.602+0000] {processor.py:766} INFO - DAG(s) dict_keys(['postgres_operators']) retrieved from /opt/airflow/dags/DBconnection.py
[2022-11-25T09:24:14.671+0000] {logging_mixin.py:120} INFO - [2022-11-25T09:24:14.670+0000] {dag.py:2585} INFO - Sync 1 DAGs
[2022-11-25T09:24:14.719+0000] {logging_mixin.py:120} INFO - [2022-11-25T09:24:14.719+0000] {dag.py:3340} INFO - Setting next_dagrun for postgres_operators to 2022-11-24T00:00:00+00:00, run_after=2022-11-25T00:00:00+00:00
[2022-11-25T09:24:14.748+0000] {processor.py:176} INFO - Processing /opt/airflow/dags/DBconnection.py took 0.293 seconds
[2022-11-25T09:24:45.144+0000] {processor.py:154} INFO - Started process (PID=68) to work on /opt/airflow/dags/DBconnection.py
[2022-11-25T09:24:45.146+0000] {processor.py:756} INFO - Processing file /opt/airflow/dags/DBconnection.py for tasks to queue
[2022-11-25T09:24:45.148+0000] {logging_mixin.py:120} INFO - [2022-11-25T09:24:45.147+0000] {dagbag.py:537} INFO - Filling up the DagBag from /opt/airflow/dags/DBconnection.py
[2022-11-25T09:24:45.270+0000] {processor.py:766} INFO - DAG(s) dict_keys(['postgres_operators']) retrieved from /opt/airflow/dags/DBconnection.py
[2022-11-25T09:24:45.346+0000] {logging_mixin.py:120} INFO - [2022-11-25T09:24:45.346+0000] {dag.py:2585} INFO - Sync 1 DAGs
[2022-11-25T09:24:45.390+0000] {logging_mixin.py:120} INFO - [2022-11-25T09:24:45.390+0000] {dag.py:3340} INFO - Setting next_dagrun for postgres_operators to 2022-11-24T00:00:00+00:00, run_after=2022-11-25T00:00:00+00:00
[2022-11-25T09:24:45.425+0000] {processor.py:176} INFO - Processing /opt/airflow/dags/DBconnection.py took 0.286 seconds
[2022-11-25T09:25:15.802+0000] {processor.py:154} INFO - Started process (PID=71) to work on /opt/airflow/dags/DBconnection.py
[2022-11-25T09:25:15.808+0000] {processor.py:756} INFO - Processing file /opt/airflow/dags/DBconnection.py for tasks to queue
[2022-11-25T09:25:15.816+0000] {logging_mixin.py:120} INFO - [2022-11-25T09:25:15.813+0000] {dagbag.py:537} INFO - Filling up the DagBag from /opt/airflow/dags/DBconnection.py
[2022-11-25T09:25:15.949+0000] {processor.py:766} INFO - DAG(s) dict_keys(['postgres_operators']) retrieved from /opt/airflow/dags/DBconnection.py
[2022-11-25T09:25:16.013+0000] {logging_mixin.py:120} INFO - [2022-11-25T09:25:16.013+0000] {dag.py:2585} INFO - Sync 1 DAGs
[2022-11-25T09:25:16.046+0000] {logging_mixin.py:120} INFO - [2022-11-25T09:25:16.046+0000] {dag.py:3340} INFO - Setting next_dagrun for postgres_operators to 2022-11-24T00:00:00+00:00, run_after=2022-11-25T00:00:00+00:00
[2022-11-25T09:25:16.068+0000] {processor.py:176} INFO - Processing /opt/airflow/dags/DBconnection.py took 0.271 seconds
[2022-11-25T09:25:46.512+0000] {processor.py:154} INFO - Started process (PID=74) to work on /opt/airflow/dags/DBconnection.py
[2022-11-25T09:25:46.514+0000] {processor.py:756} INFO - Processing file /opt/airflow/dags/DBconnection.py for tasks to queue
[2022-11-25T09:25:46.516+0000] {logging_mixin.py:120} INFO - [2022-11-25T09:25:46.516+0000] {dagbag.py:537} INFO - Filling up the DagBag from /opt/airflow/dags/DBconnection.py
[2022-11-25T09:25:46.627+0000] {processor.py:766} INFO - DAG(s) dict_keys(['postgres_operators']) retrieved from /opt/airflow/dags/DBconnection.py
[2022-11-25T09:25:46.700+0000] {logging_mixin.py:120} INFO - [2022-11-25T09:25:46.700+0000] {dag.py:2585} INFO - Sync 1 DAGs
[2022-11-25T09:25:46.730+0000] {logging_mixin.py:120} INFO - [2022-11-25T09:25:46.729+0000] {dag.py:3340} INFO - Setting next_dagrun for postgres_operators to 2022-11-24T00:00:00+00:00, run_after=2022-11-25T00:00:00+00:00
[2022-11-25T09:25:46.748+0000] {processor.py:176} INFO - Processing /opt/airflow/dags/DBconnection.py took 0.241 seconds
[2022-11-25T09:26:17.187+0000] {processor.py:154} INFO - Started process (PID=77) to work on /opt/airflow/dags/DBconnection.py
[2022-11-25T09:26:17.191+0000] {processor.py:756} INFO - Processing file /opt/airflow/dags/DBconnection.py for tasks to queue
[2022-11-25T09:26:17.193+0000] {logging_mixin.py:120} INFO - [2022-11-25T09:26:17.193+0000] {dagbag.py:537} INFO - Filling up the DagBag from /opt/airflow/dags/DBconnection.py
[2022-11-25T09:26:17.317+0000] {processor.py:766} INFO - DAG(s) dict_keys(['postgres_operators']) retrieved from /opt/airflow/dags/DBconnection.py
[2022-11-25T09:26:17.368+0000] {logging_mixin.py:120} INFO - [2022-11-25T09:26:17.367+0000] {dag.py:2585} INFO - Sync 1 DAGs
[2022-11-25T09:26:17.397+0000] {logging_mixin.py:120} INFO - [2022-11-25T09:26:17.397+0000] {dag.py:3340} INFO - Setting next_dagrun for postgres_operators to 2022-11-24T00:00:00+00:00, run_after=2022-11-25T00:00:00+00:00
[2022-11-25T09:26:17.417+0000] {processor.py:176} INFO - Processing /opt/airflow/dags/DBconnection.py took 0.233 seconds
[2022-11-25T09:26:47.829+0000] {processor.py:154} INFO - Started process (PID=80) to work on /opt/airflow/dags/DBconnection.py
[2022-11-25T09:26:47.832+0000] {processor.py:756} INFO - Processing file /opt/airflow/dags/DBconnection.py for tasks to queue
[2022-11-25T09:26:47.834+0000] {logging_mixin.py:120} INFO - [2022-11-25T09:26:47.834+0000] {dagbag.py:537} INFO - Filling up the DagBag from /opt/airflow/dags/DBconnection.py
[2022-11-25T09:26:47.947+0000] {processor.py:766} INFO - DAG(s) dict_keys(['postgres_operators']) retrieved from /opt/airflow/dags/DBconnection.py
[2022-11-25T09:26:48.017+0000] {logging_mixin.py:120} INFO - [2022-11-25T09:26:48.017+0000] {dag.py:2585} INFO - Sync 1 DAGs
[2022-11-25T09:26:48.056+0000] {logging_mixin.py:120} INFO - [2022-11-25T09:26:48.056+0000] {dag.py:3340} INFO - Setting next_dagrun for postgres_operators to 2022-11-24T00:00:00+00:00, run_after=2022-11-25T00:00:00+00:00
[2022-11-25T09:26:48.078+0000] {processor.py:176} INFO - Processing /opt/airflow/dags/DBconnection.py took 0.257 seconds
[2022-11-25T09:27:18.511+0000] {processor.py:154} INFO - Started process (PID=83) to work on /opt/airflow/dags/DBconnection.py
[2022-11-25T09:27:18.514+0000] {processor.py:756} INFO - Processing file /opt/airflow/dags/DBconnection.py for tasks to queue
[2022-11-25T09:27:18.516+0000] {logging_mixin.py:120} INFO - [2022-11-25T09:27:18.515+0000] {dagbag.py:537} INFO - Filling up the DagBag from /opt/airflow/dags/DBconnection.py
[2022-11-25T09:27:18.618+0000] {processor.py:766} INFO - DAG(s) dict_keys(['postgres_operators']) retrieved from /opt/airflow/dags/DBconnection.py
[2022-11-25T09:27:18.686+0000] {logging_mixin.py:120} INFO - [2022-11-25T09:27:18.684+0000] {dag.py:2585} INFO - Sync 1 DAGs
[2022-11-25T09:27:18.727+0000] {logging_mixin.py:120} INFO - [2022-11-25T09:27:18.726+0000] {dag.py:3340} INFO - Setting next_dagrun for postgres_operators to 2022-11-24T00:00:00+00:00, run_after=2022-11-25T00:00:00+00:00
[2022-11-25T09:27:18.747+0000] {processor.py:176} INFO - Processing /opt/airflow/dags/DBconnection.py took 0.240 seconds
[2022-11-25T09:27:49.227+0000] {processor.py:154} INFO - Started process (PID=86) to work on /opt/airflow/dags/DBconnection.py
[2022-11-25T09:27:49.230+0000] {processor.py:756} INFO - Processing file /opt/airflow/dags/DBconnection.py for tasks to queue
[2022-11-25T09:27:49.233+0000] {logging_mixin.py:120} INFO - [2022-11-25T09:27:49.232+0000] {dagbag.py:537} INFO - Filling up the DagBag from /opt/airflow/dags/DBconnection.py
[2022-11-25T09:27:49.387+0000] {processor.py:766} INFO - DAG(s) dict_keys(['postgres_operators']) retrieved from /opt/airflow/dags/DBconnection.py
[2022-11-25T09:27:49.483+0000] {logging_mixin.py:120} INFO - [2022-11-25T09:27:49.483+0000] {dag.py:2585} INFO - Sync 1 DAGs
[2022-11-25T09:27:49.524+0000] {logging_mixin.py:120} INFO - [2022-11-25T09:27:49.524+0000] {dag.py:3340} INFO - Setting next_dagrun for postgres_operators to 2022-11-24T00:00:00+00:00, run_after=2022-11-25T00:00:00+00:00
[2022-11-25T09:27:49.563+0000] {processor.py:176} INFO - Processing /opt/airflow/dags/DBconnection.py took 0.346 seconds
[2022-11-25T09:28:19.962+0000] {processor.py:154} INFO - Started process (PID=89) to work on /opt/airflow/dags/DBconnection.py
[2022-11-25T09:28:19.966+0000] {processor.py:756} INFO - Processing file /opt/airflow/dags/DBconnection.py for tasks to queue
[2022-11-25T09:28:19.969+0000] {logging_mixin.py:120} INFO - [2022-11-25T09:28:19.969+0000] {dagbag.py:537} INFO - Filling up the DagBag from /opt/airflow/dags/DBconnection.py
[2022-11-25T09:28:20.099+0000] {processor.py:766} INFO - DAG(s) dict_keys(['postgres_operators']) retrieved from /opt/airflow/dags/DBconnection.py
[2022-11-25T09:28:20.166+0000] {logging_mixin.py:120} INFO - [2022-11-25T09:28:20.165+0000] {dag.py:2585} INFO - Sync 1 DAGs
[2022-11-25T09:28:20.200+0000] {logging_mixin.py:120} INFO - [2022-11-25T09:28:20.200+0000] {dag.py:3340} INFO - Setting next_dagrun for postgres_operators to 2022-11-24T00:00:00+00:00, run_after=2022-11-25T00:00:00+00:00
[2022-11-25T09:28:20.230+0000] {processor.py:176} INFO - Processing /opt/airflow/dags/DBconnection.py took 0.279 seconds
[2022-11-25T09:28:50.631+0000] {processor.py:154} INFO - Started process (PID=92) to work on /opt/airflow/dags/DBconnection.py
[2022-11-25T09:28:50.634+0000] {processor.py:756} INFO - Processing file /opt/airflow/dags/DBconnection.py for tasks to queue
[2022-11-25T09:28:50.642+0000] {logging_mixin.py:120} INFO - [2022-11-25T09:28:50.642+0000] {dagbag.py:537} INFO - Filling up the DagBag from /opt/airflow/dags/DBconnection.py
[2022-11-25T09:28:50.761+0000] {processor.py:766} INFO - DAG(s) dict_keys(['postgres_operators']) retrieved from /opt/airflow/dags/DBconnection.py
[2022-11-25T09:28:50.834+0000] {logging_mixin.py:120} INFO - [2022-11-25T09:28:50.833+0000] {dag.py:2585} INFO - Sync 1 DAGs
[2022-11-25T09:28:50.874+0000] {logging_mixin.py:120} INFO - [2022-11-25T09:28:50.873+0000] {dag.py:3340} INFO - Setting next_dagrun for postgres_operators to 2022-11-24T00:00:00+00:00, run_after=2022-11-25T00:00:00+00:00
[2022-11-25T09:28:50.894+0000] {processor.py:176} INFO - Processing /opt/airflow/dags/DBconnection.py took 0.268 seconds
[2022-11-25T09:29:21.411+0000] {processor.py:154} INFO - Started process (PID=95) to work on /opt/airflow/dags/DBconnection.py
[2022-11-25T09:29:21.414+0000] {processor.py:756} INFO - Processing file /opt/airflow/dags/DBconnection.py for tasks to queue
[2022-11-25T09:29:21.416+0000] {logging_mixin.py:120} INFO - [2022-11-25T09:29:21.416+0000] {dagbag.py:537} INFO - Filling up the DagBag from /opt/airflow/dags/DBconnection.py
[2022-11-25T09:29:21.550+0000] {processor.py:766} INFO - DAG(s) dict_keys(['postgres_operators']) retrieved from /opt/airflow/dags/DBconnection.py
[2022-11-25T09:29:21.624+0000] {logging_mixin.py:120} INFO - [2022-11-25T09:29:21.623+0000] {dag.py:2585} INFO - Sync 1 DAGs
[2022-11-25T09:29:21.661+0000] {logging_mixin.py:120} INFO - [2022-11-25T09:29:21.661+0000] {dag.py:3340} INFO - Setting next_dagrun for postgres_operators to 2022-11-24T00:00:00+00:00, run_after=2022-11-25T00:00:00+00:00
[2022-11-25T09:29:21.688+0000] {processor.py:176} INFO - Processing /opt/airflow/dags/DBconnection.py took 0.285 seconds
[2022-11-25T09:29:52.236+0000] {processor.py:154} INFO - Started process (PID=98) to work on /opt/airflow/dags/DBconnection.py
[2022-11-25T09:29:52.240+0000] {processor.py:756} INFO - Processing file /opt/airflow/dags/DBconnection.py for tasks to queue
[2022-11-25T09:29:52.244+0000] {logging_mixin.py:120} INFO - [2022-11-25T09:29:52.243+0000] {dagbag.py:537} INFO - Filling up the DagBag from /opt/airflow/dags/DBconnection.py
[2022-11-25T09:29:52.363+0000] {processor.py:766} INFO - DAG(s) dict_keys(['postgres_operators']) retrieved from /opt/airflow/dags/DBconnection.py
[2022-11-25T09:29:52.421+0000] {logging_mixin.py:120} INFO - [2022-11-25T09:29:52.421+0000] {dag.py:2585} INFO - Sync 1 DAGs
[2022-11-25T09:29:52.453+0000] {logging_mixin.py:120} INFO - [2022-11-25T09:29:52.452+0000] {dag.py:3340} INFO - Setting next_dagrun for postgres_operators to 2022-11-24T00:00:00+00:00, run_after=2022-11-25T00:00:00+00:00
[2022-11-25T09:29:52.472+0000] {processor.py:176} INFO - Processing /opt/airflow/dags/DBconnection.py took 0.241 seconds
[2022-11-25T09:30:23.073+0000] {processor.py:154} INFO - Started process (PID=101) to work on /opt/airflow/dags/DBconnection.py
[2022-11-25T09:30:23.080+0000] {processor.py:756} INFO - Processing file /opt/airflow/dags/DBconnection.py for tasks to queue
[2022-11-25T09:30:23.082+0000] {logging_mixin.py:120} INFO - [2022-11-25T09:30:23.082+0000] {dagbag.py:537} INFO - Filling up the DagBag from /opt/airflow/dags/DBconnection.py
[2022-11-25T09:30:23.215+0000] {processor.py:766} INFO - DAG(s) dict_keys(['postgres_operators']) retrieved from /opt/airflow/dags/DBconnection.py
[2022-11-25T09:30:23.285+0000] {logging_mixin.py:120} INFO - [2022-11-25T09:30:23.285+0000] {dag.py:2585} INFO - Sync 1 DAGs
[2022-11-25T09:30:23.321+0000] {logging_mixin.py:120} INFO - [2022-11-25T09:30:23.321+0000] {dag.py:3340} INFO - Setting next_dagrun for postgres_operators to 2022-11-24T00:00:00+00:00, run_after=2022-11-25T00:00:00+00:00
[2022-11-25T09:30:23.344+0000] {processor.py:176} INFO - Processing /opt/airflow/dags/DBconnection.py took 0.278 seconds
[2022-11-25T09:30:53.795+0000] {processor.py:154} INFO - Started process (PID=104) to work on /opt/airflow/dags/DBconnection.py
[2022-11-25T09:30:53.801+0000] {processor.py:756} INFO - Processing file /opt/airflow/dags/DBconnection.py for tasks to queue
[2022-11-25T09:30:53.806+0000] {logging_mixin.py:120} INFO - [2022-11-25T09:30:53.805+0000] {dagbag.py:537} INFO - Filling up the DagBag from /opt/airflow/dags/DBconnection.py
[2022-11-25T09:30:53.931+0000] {processor.py:766} INFO - DAG(s) dict_keys(['postgres_operators']) retrieved from /opt/airflow/dags/DBconnection.py
[2022-11-25T09:30:53.975+0000] {logging_mixin.py:120} INFO - [2022-11-25T09:30:53.975+0000] {dag.py:2585} INFO - Sync 1 DAGs
[2022-11-25T09:30:54.002+0000] {logging_mixin.py:120} INFO - [2022-11-25T09:30:54.002+0000] {dag.py:3340} INFO - Setting next_dagrun for postgres_operators to 2022-11-24T00:00:00+00:00, run_after=2022-11-25T00:00:00+00:00
[2022-11-25T09:30:54.020+0000] {processor.py:176} INFO - Processing /opt/airflow/dags/DBconnection.py took 0.233 seconds
[2022-11-25T09:31:24.408+0000] {processor.py:154} INFO - Started process (PID=107) to work on /opt/airflow/dags/DBconnection.py
[2022-11-25T09:31:24.411+0000] {processor.py:756} INFO - Processing file /opt/airflow/dags/DBconnection.py for tasks to queue
[2022-11-25T09:31:24.413+0000] {logging_mixin.py:120} INFO - [2022-11-25T09:31:24.413+0000] {dagbag.py:537} INFO - Filling up the DagBag from /opt/airflow/dags/DBconnection.py
[2022-11-25T09:31:24.536+0000] {processor.py:766} INFO - DAG(s) dict_keys(['postgres_operators']) retrieved from /opt/airflow/dags/DBconnection.py
[2022-11-25T09:31:24.587+0000] {logging_mixin.py:120} INFO - [2022-11-25T09:31:24.587+0000] {dag.py:2585} INFO - Sync 1 DAGs
[2022-11-25T09:31:24.622+0000] {logging_mixin.py:120} INFO - [2022-11-25T09:31:24.622+0000] {dag.py:3340} INFO - Setting next_dagrun for postgres_operators to 2022-11-24T00:00:00+00:00, run_after=2022-11-25T00:00:00+00:00
[2022-11-25T09:31:24.639+0000] {processor.py:176} INFO - Processing /opt/airflow/dags/DBconnection.py took 0.241 seconds
[2022-11-25T09:31:55.040+0000] {processor.py:154} INFO - Started process (PID=111) to work on /opt/airflow/dags/DBconnection.py
[2022-11-25T09:31:55.042+0000] {processor.py:756} INFO - Processing file /opt/airflow/dags/DBconnection.py for tasks to queue
[2022-11-25T09:31:55.044+0000] {logging_mixin.py:120} INFO - [2022-11-25T09:31:55.044+0000] {dagbag.py:537} INFO - Filling up the DagBag from /opt/airflow/dags/DBconnection.py
[2022-11-25T09:31:55.169+0000] {processor.py:766} INFO - DAG(s) dict_keys(['postgres_operators']) retrieved from /opt/airflow/dags/DBconnection.py
[2022-11-25T09:31:55.222+0000] {logging_mixin.py:120} INFO - [2022-11-25T09:31:55.221+0000] {dag.py:2585} INFO - Sync 1 DAGs
[2022-11-25T09:31:55.248+0000] {logging_mixin.py:120} INFO - [2022-11-25T09:31:55.247+0000] {dag.py:3340} INFO - Setting next_dagrun for postgres_operators to 2022-11-24T00:00:00+00:00, run_after=2022-11-25T00:00:00+00:00
[2022-11-25T09:31:55.262+0000] {processor.py:176} INFO - Processing /opt/airflow/dags/DBconnection.py took 0.227 seconds
[2022-11-25T09:32:25.763+0000] {processor.py:154} INFO - Started process (PID=114) to work on /opt/airflow/dags/DBconnection.py
[2022-11-25T09:32:25.780+0000] {processor.py:756} INFO - Processing file /opt/airflow/dags/DBconnection.py for tasks to queue
[2022-11-25T09:32:25.789+0000] {logging_mixin.py:120} INFO - [2022-11-25T09:32:25.788+0000] {dagbag.py:537} INFO - Filling up the DagBag from /opt/airflow/dags/DBconnection.py
[2022-11-25T09:32:26.026+0000] {processor.py:766} INFO - DAG(s) dict_keys(['postgres_operators']) retrieved from /opt/airflow/dags/DBconnection.py
[2022-11-25T09:32:26.145+0000] {logging_mixin.py:120} INFO - [2022-11-25T09:32:26.145+0000] {dag.py:2585} INFO - Sync 1 DAGs
[2022-11-25T09:32:26.236+0000] {logging_mixin.py:120} INFO - [2022-11-25T09:32:26.235+0000] {dag.py:3340} INFO - Setting next_dagrun for postgres_operators to 2022-11-24T00:00:00+00:00, run_after=2022-11-25T00:00:00+00:00
[2022-11-25T09:32:26.267+0000] {processor.py:176} INFO - Processing /opt/airflow/dags/DBconnection.py took 0.526 seconds
[2022-11-25T09:32:56.665+0000] {processor.py:154} INFO - Started process (PID=117) to work on /opt/airflow/dags/DBconnection.py
[2022-11-25T09:32:56.669+0000] {processor.py:756} INFO - Processing file /opt/airflow/dags/DBconnection.py for tasks to queue
[2022-11-25T09:32:56.671+0000] {logging_mixin.py:120} INFO - [2022-11-25T09:32:56.671+0000] {dagbag.py:537} INFO - Filling up the DagBag from /opt/airflow/dags/DBconnection.py
[2022-11-25T09:32:56.801+0000] {processor.py:766} INFO - DAG(s) dict_keys(['postgres_operators']) retrieved from /opt/airflow/dags/DBconnection.py
[2022-11-25T09:32:56.855+0000] {logging_mixin.py:120} INFO - [2022-11-25T09:32:56.855+0000] {dag.py:2585} INFO - Sync 1 DAGs
[2022-11-25T09:32:56.887+0000] {logging_mixin.py:120} INFO - [2022-11-25T09:32:56.887+0000] {dag.py:3340} INFO - Setting next_dagrun for postgres_operators to 2022-11-24T00:00:00+00:00, run_after=2022-11-25T00:00:00+00:00
[2022-11-25T09:32:56.912+0000] {processor.py:176} INFO - Processing /opt/airflow/dags/DBconnection.py took 0.256 seconds
[2022-11-25T09:33:27.283+0000] {processor.py:154} INFO - Started process (PID=120) to work on /opt/airflow/dags/DBconnection.py
[2022-11-25T09:33:27.287+0000] {processor.py:756} INFO - Processing file /opt/airflow/dags/DBconnection.py for tasks to queue
[2022-11-25T09:33:27.290+0000] {logging_mixin.py:120} INFO - [2022-11-25T09:33:27.289+0000] {dagbag.py:537} INFO - Filling up the DagBag from /opt/airflow/dags/DBconnection.py
[2022-11-25T09:33:27.398+0000] {processor.py:766} INFO - DAG(s) dict_keys(['postgres_operators']) retrieved from /opt/airflow/dags/DBconnection.py
[2022-11-25T09:33:27.450+0000] {logging_mixin.py:120} INFO - [2022-11-25T09:33:27.450+0000] {dag.py:2585} INFO - Sync 1 DAGs
[2022-11-25T09:33:27.485+0000] {logging_mixin.py:120} INFO - [2022-11-25T09:33:27.485+0000] {dag.py:3340} INFO - Setting next_dagrun for postgres_operators to 2022-11-24T00:00:00+00:00, run_after=2022-11-25T00:00:00+00:00
[2022-11-25T09:33:27.501+0000] {processor.py:176} INFO - Processing /opt/airflow/dags/DBconnection.py took 0.223 seconds
[2022-11-25T09:33:57.857+0000] {processor.py:154} INFO - Started process (PID=123) to work on /opt/airflow/dags/DBconnection.py
[2022-11-25T09:33:57.860+0000] {processor.py:756} INFO - Processing file /opt/airflow/dags/DBconnection.py for tasks to queue
[2022-11-25T09:33:57.862+0000] {logging_mixin.py:120} INFO - [2022-11-25T09:33:57.862+0000] {dagbag.py:537} INFO - Filling up the DagBag from /opt/airflow/dags/DBconnection.py
[2022-11-25T09:33:57.995+0000] {processor.py:766} INFO - DAG(s) dict_keys(['postgres_operators']) retrieved from /opt/airflow/dags/DBconnection.py
[2022-11-25T09:33:58.044+0000] {logging_mixin.py:120} INFO - [2022-11-25T09:33:58.044+0000] {dag.py:2585} INFO - Sync 1 DAGs
[2022-11-25T09:33:58.077+0000] {logging_mixin.py:120} INFO - [2022-11-25T09:33:58.077+0000] {dag.py:3340} INFO - Setting next_dagrun for postgres_operators to 2022-11-24T00:00:00+00:00, run_after=2022-11-25T00:00:00+00:00
[2022-11-25T09:33:58.092+0000] {processor.py:176} INFO - Processing /opt/airflow/dags/DBconnection.py took 0.240 seconds
[2022-11-25T09:34:28.555+0000] {processor.py:154} INFO - Started process (PID=126) to work on /opt/airflow/dags/DBconnection.py
[2022-11-25T09:34:28.558+0000] {processor.py:756} INFO - Processing file /opt/airflow/dags/DBconnection.py for tasks to queue
[2022-11-25T09:34:28.560+0000] {logging_mixin.py:120} INFO - [2022-11-25T09:34:28.560+0000] {dagbag.py:537} INFO - Filling up the DagBag from /opt/airflow/dags/DBconnection.py
[2022-11-25T09:34:28.673+0000] {processor.py:766} INFO - DAG(s) dict_keys(['postgres_operators']) retrieved from /opt/airflow/dags/DBconnection.py
[2022-11-25T09:34:28.715+0000] {logging_mixin.py:120} INFO - [2022-11-25T09:34:28.715+0000] {dag.py:2585} INFO - Sync 1 DAGs
[2022-11-25T09:34:28.745+0000] {logging_mixin.py:120} INFO - [2022-11-25T09:34:28.745+0000] {dag.py:3340} INFO - Setting next_dagrun for postgres_operators to 2022-11-24T00:00:00+00:00, run_after=2022-11-25T00:00:00+00:00
[2022-11-25T09:34:28.764+0000] {processor.py:176} INFO - Processing /opt/airflow/dags/DBconnection.py took 0.214 seconds
[2022-11-25T09:34:59.111+0000] {processor.py:154} INFO - Started process (PID=129) to work on /opt/airflow/dags/DBconnection.py
[2022-11-25T09:34:59.113+0000] {processor.py:756} INFO - Processing file /opt/airflow/dags/DBconnection.py for tasks to queue
[2022-11-25T09:34:59.115+0000] {logging_mixin.py:120} INFO - [2022-11-25T09:34:59.115+0000] {dagbag.py:537} INFO - Filling up the DagBag from /opt/airflow/dags/DBconnection.py
[2022-11-25T09:34:59.217+0000] {processor.py:766} INFO - DAG(s) dict_keys(['postgres_operators']) retrieved from /opt/airflow/dags/DBconnection.py
[2022-11-25T09:34:59.263+0000] {logging_mixin.py:120} INFO - [2022-11-25T09:34:59.263+0000] {dag.py:2585} INFO - Sync 1 DAGs
[2022-11-25T09:34:59.295+0000] {logging_mixin.py:120} INFO - [2022-11-25T09:34:59.294+0000] {dag.py:3340} INFO - Setting next_dagrun for postgres_operators to 2022-11-24T00:00:00+00:00, run_after=2022-11-25T00:00:00+00:00
[2022-11-25T09:34:59.312+0000] {processor.py:176} INFO - Processing /opt/airflow/dags/DBconnection.py took 0.206 seconds
[2022-11-25T09:35:29.668+0000] {processor.py:154} INFO - Started process (PID=132) to work on /opt/airflow/dags/DBconnection.py
[2022-11-25T09:35:29.671+0000] {processor.py:756} INFO - Processing file /opt/airflow/dags/DBconnection.py for tasks to queue
[2022-11-25T09:35:29.674+0000] {logging_mixin.py:120} INFO - [2022-11-25T09:35:29.673+0000] {dagbag.py:537} INFO - Filling up the DagBag from /opt/airflow/dags/DBconnection.py
[2022-11-25T09:35:29.786+0000] {processor.py:766} INFO - DAG(s) dict_keys(['postgres_operators']) retrieved from /opt/airflow/dags/DBconnection.py
[2022-11-25T09:35:29.841+0000] {logging_mixin.py:120} INFO - [2022-11-25T09:35:29.841+0000] {dag.py:2585} INFO - Sync 1 DAGs
[2022-11-25T09:35:29.873+0000] {logging_mixin.py:120} INFO - [2022-11-25T09:35:29.873+0000] {dag.py:3340} INFO - Setting next_dagrun for postgres_operators to 2022-11-24T00:00:00+00:00, run_after=2022-11-25T00:00:00+00:00
[2022-11-25T09:35:29.889+0000] {processor.py:176} INFO - Processing /opt/airflow/dags/DBconnection.py took 0.229 seconds
[2022-11-25T09:36:00.221+0000] {processor.py:154} INFO - Started process (PID=135) to work on /opt/airflow/dags/DBconnection.py
[2022-11-25T09:36:00.224+0000] {processor.py:756} INFO - Processing file /opt/airflow/dags/DBconnection.py for tasks to queue
[2022-11-25T09:36:00.226+0000] {logging_mixin.py:120} INFO - [2022-11-25T09:36:00.226+0000] {dagbag.py:537} INFO - Filling up the DagBag from /opt/airflow/dags/DBconnection.py
[2022-11-25T09:36:00.340+0000] {processor.py:766} INFO - DAG(s) dict_keys(['postgres_operators']) retrieved from /opt/airflow/dags/DBconnection.py
[2022-11-25T09:36:00.395+0000] {logging_mixin.py:120} INFO - [2022-11-25T09:36:00.395+0000] {dag.py:2585} INFO - Sync 1 DAGs
[2022-11-25T09:36:00.429+0000] {logging_mixin.py:120} INFO - [2022-11-25T09:36:00.429+0000] {dag.py:3340} INFO - Setting next_dagrun for postgres_operators to 2022-11-24T00:00:00+00:00, run_after=2022-11-25T00:00:00+00:00
[2022-11-25T09:36:00.448+0000] {processor.py:176} INFO - Processing /opt/airflow/dags/DBconnection.py took 0.232 seconds
[2022-11-25T09:36:30.797+0000] {processor.py:154} INFO - Started process (PID=138) to work on /opt/airflow/dags/DBconnection.py
[2022-11-25T09:36:30.800+0000] {processor.py:756} INFO - Processing file /opt/airflow/dags/DBconnection.py for tasks to queue
[2022-11-25T09:36:30.802+0000] {logging_mixin.py:120} INFO - [2022-11-25T09:36:30.802+0000] {dagbag.py:537} INFO - Filling up the DagBag from /opt/airflow/dags/DBconnection.py
[2022-11-25T09:36:30.869+0000] {processor.py:766} INFO - DAG(s) dict_keys(['postgres_operators']) retrieved from /opt/airflow/dags/DBconnection.py
[2022-11-25T09:36:30.907+0000] {logging_mixin.py:120} INFO - [2022-11-25T09:36:30.907+0000] {dag.py:2585} INFO - Sync 1 DAGs
[2022-11-25T09:36:30.931+0000] {logging_mixin.py:120} INFO - [2022-11-25T09:36:30.931+0000] {dag.py:3340} INFO - Setting next_dagrun for postgres_operators to 2022-11-24T00:00:00+00:00, run_after=2022-11-25T00:00:00+00:00
[2022-11-25T09:36:30.947+0000] {processor.py:176} INFO - Processing /opt/airflow/dags/DBconnection.py took 0.155 seconds
[2022-11-25T09:37:01.313+0000] {processor.py:154} INFO - Started process (PID=141) to work on /opt/airflow/dags/DBconnection.py
[2022-11-25T09:37:01.317+0000] {processor.py:756} INFO - Processing file /opt/airflow/dags/DBconnection.py for tasks to queue
[2022-11-25T09:37:01.323+0000] {logging_mixin.py:120} INFO - [2022-11-25T09:37:01.322+0000] {dagbag.py:537} INFO - Filling up the DagBag from /opt/airflow/dags/DBconnection.py
[2022-11-25T09:37:01.430+0000] {processor.py:766} INFO - DAG(s) dict_keys(['postgres_operators']) retrieved from /opt/airflow/dags/DBconnection.py
[2022-11-25T09:37:01.474+0000] {logging_mixin.py:120} INFO - [2022-11-25T09:37:01.474+0000] {dag.py:2585} INFO - Sync 1 DAGs
[2022-11-25T09:37:01.506+0000] {logging_mixin.py:120} INFO - [2022-11-25T09:37:01.506+0000] {dag.py:3340} INFO - Setting next_dagrun for postgres_operators to 2022-11-24T00:00:00+00:00, run_after=2022-11-25T00:00:00+00:00
[2022-11-25T09:37:01.532+0000] {processor.py:176} INFO - Processing /opt/airflow/dags/DBconnection.py took 0.224 seconds
[2022-11-25T09:37:32.419+0000] {processor.py:154} INFO - Started process (PID=145) to work on /opt/airflow/dags/DBconnection.py
[2022-11-25T09:37:32.425+0000] {processor.py:756} INFO - Processing file /opt/airflow/dags/DBconnection.py for tasks to queue
[2022-11-25T09:37:32.427+0000] {logging_mixin.py:120} INFO - [2022-11-25T09:37:32.427+0000] {dagbag.py:537} INFO - Filling up the DagBag from /opt/airflow/dags/DBconnection.py
[2022-11-25T09:37:32.552+0000] {processor.py:766} INFO - DAG(s) dict_keys(['postgres_operators']) retrieved from /opt/airflow/dags/DBconnection.py
[2022-11-25T09:37:32.624+0000] {logging_mixin.py:120} INFO - [2022-11-25T09:37:32.623+0000] {dag.py:2585} INFO - Sync 1 DAGs
[2022-11-25T09:37:32.657+0000] {logging_mixin.py:120} INFO - [2022-11-25T09:37:32.656+0000] {dag.py:3340} INFO - Setting next_dagrun for postgres_operators to 2022-11-24T00:00:00+00:00, run_after=2022-11-25T00:00:00+00:00
[2022-11-25T09:37:32.673+0000] {processor.py:176} INFO - Processing /opt/airflow/dags/DBconnection.py took 0.263 seconds
[2022-11-25T09:38:03.144+0000] {processor.py:154} INFO - Started process (PID=148) to work on /opt/airflow/dags/DBconnection.py
[2022-11-25T09:38:03.151+0000] {processor.py:756} INFO - Processing file /opt/airflow/dags/DBconnection.py for tasks to queue
[2022-11-25T09:38:03.154+0000] {logging_mixin.py:120} INFO - [2022-11-25T09:38:03.154+0000] {dagbag.py:537} INFO - Filling up the DagBag from /opt/airflow/dags/DBconnection.py
[2022-11-25T09:38:03.517+0000] {processor.py:766} INFO - DAG(s) dict_keys(['postgres_operators']) retrieved from /opt/airflow/dags/DBconnection.py
[2022-11-25T09:38:03.600+0000] {logging_mixin.py:120} INFO - [2022-11-25T09:38:03.600+0000] {dag.py:2585} INFO - Sync 1 DAGs
[2022-11-25T09:38:03.642+0000] {logging_mixin.py:120} INFO - [2022-11-25T09:38:03.642+0000] {dag.py:3340} INFO - Setting next_dagrun for postgres_operators to 2022-11-24T00:00:00+00:00, run_after=2022-11-25T00:00:00+00:00
[2022-11-25T09:38:03.697+0000] {processor.py:176} INFO - Processing /opt/airflow/dags/DBconnection.py took 0.562 seconds
[2022-11-25T09:38:34.291+0000] {processor.py:154} INFO - Started process (PID=152) to work on /opt/airflow/dags/DBconnection.py
[2022-11-25T09:38:34.299+0000] {processor.py:756} INFO - Processing file /opt/airflow/dags/DBconnection.py for tasks to queue
[2022-11-25T09:38:34.302+0000] {logging_mixin.py:120} INFO - [2022-11-25T09:38:34.302+0000] {dagbag.py:537} INFO - Filling up the DagBag from /opt/airflow/dags/DBconnection.py
[2022-11-25T09:38:34.573+0000] {processor.py:766} INFO - DAG(s) dict_keys(['postgres_operators']) retrieved from /opt/airflow/dags/DBconnection.py
[2022-11-25T09:38:34.692+0000] {logging_mixin.py:120} INFO - [2022-11-25T09:38:34.692+0000] {dag.py:2585} INFO - Sync 1 DAGs
[2022-11-25T09:38:34.722+0000] {logging_mixin.py:120} INFO - [2022-11-25T09:38:34.722+0000] {dag.py:3340} INFO - Setting next_dagrun for postgres_operators to 2022-11-24T00:00:00+00:00, run_after=2022-11-25T00:00:00+00:00
[2022-11-25T09:38:34.746+0000] {processor.py:176} INFO - Processing /opt/airflow/dags/DBconnection.py took 0.461 seconds
[2022-11-25T09:39:05.109+0000] {processor.py:154} INFO - Started process (PID=155) to work on /opt/airflow/dags/DBconnection.py
[2022-11-25T09:39:05.113+0000] {processor.py:756} INFO - Processing file /opt/airflow/dags/DBconnection.py for tasks to queue
[2022-11-25T09:39:05.118+0000] {logging_mixin.py:120} INFO - [2022-11-25T09:39:05.117+0000] {dagbag.py:537} INFO - Filling up the DagBag from /opt/airflow/dags/DBconnection.py
[2022-11-25T09:39:05.239+0000] {processor.py:766} INFO - DAG(s) dict_keys(['postgres_operators']) retrieved from /opt/airflow/dags/DBconnection.py
[2022-11-25T09:39:05.345+0000] {logging_mixin.py:120} INFO - [2022-11-25T09:39:05.345+0000] {dag.py:2585} INFO - Sync 1 DAGs
[2022-11-25T09:39:05.424+0000] {logging_mixin.py:120} INFO - [2022-11-25T09:39:05.424+0000] {dag.py:3340} INFO - Setting next_dagrun for postgres_operators to 2022-11-24T00:00:00+00:00, run_after=2022-11-25T00:00:00+00:00
[2022-11-25T09:39:05.463+0000] {processor.py:176} INFO - Processing /opt/airflow/dags/DBconnection.py took 0.359 seconds
[2022-11-25T09:39:36.003+0000] {processor.py:154} INFO - Started process (PID=158) to work on /opt/airflow/dags/DBconnection.py
[2022-11-25T09:39:36.006+0000] {processor.py:756} INFO - Processing file /opt/airflow/dags/DBconnection.py for tasks to queue
[2022-11-25T09:39:36.008+0000] {logging_mixin.py:120} INFO - [2022-11-25T09:39:36.008+0000] {dagbag.py:537} INFO - Filling up the DagBag from /opt/airflow/dags/DBconnection.py
[2022-11-25T09:39:36.112+0000] {processor.py:766} INFO - DAG(s) dict_keys(['postgres_operators']) retrieved from /opt/airflow/dags/DBconnection.py
[2022-11-25T09:39:36.177+0000] {logging_mixin.py:120} INFO - [2022-11-25T09:39:36.177+0000] {dag.py:2585} INFO - Sync 1 DAGs
[2022-11-25T09:39:36.212+0000] {logging_mixin.py:120} INFO - [2022-11-25T09:39:36.211+0000] {dag.py:3340} INFO - Setting next_dagrun for postgres_operators to 2022-11-24T00:00:00+00:00, run_after=2022-11-25T00:00:00+00:00
[2022-11-25T09:39:36.234+0000] {processor.py:176} INFO - Processing /opt/airflow/dags/DBconnection.py took 0.236 seconds
[2022-11-25T09:40:06.724+0000] {processor.py:154} INFO - Started process (PID=161) to work on /opt/airflow/dags/DBconnection.py
[2022-11-25T09:40:06.727+0000] {processor.py:756} INFO - Processing file /opt/airflow/dags/DBconnection.py for tasks to queue
[2022-11-25T09:40:06.729+0000] {logging_mixin.py:120} INFO - [2022-11-25T09:40:06.728+0000] {dagbag.py:537} INFO - Filling up the DagBag from /opt/airflow/dags/DBconnection.py
[2022-11-25T09:40:06.835+0000] {processor.py:766} INFO - DAG(s) dict_keys(['postgres_operators']) retrieved from /opt/airflow/dags/DBconnection.py
[2022-11-25T09:40:06.890+0000] {logging_mixin.py:120} INFO - [2022-11-25T09:40:06.890+0000] {dag.py:2585} INFO - Sync 1 DAGs
[2022-11-25T09:40:06.925+0000] {logging_mixin.py:120} INFO - [2022-11-25T09:40:06.925+0000] {dag.py:3340} INFO - Setting next_dagrun for postgres_operators to 2022-11-24T00:00:00+00:00, run_after=2022-11-25T00:00:00+00:00
[2022-11-25T09:40:06.947+0000] {processor.py:176} INFO - Processing /opt/airflow/dags/DBconnection.py took 0.230 seconds
[2022-11-25T09:40:37.355+0000] {processor.py:154} INFO - Started process (PID=164) to work on /opt/airflow/dags/DBconnection.py
[2022-11-25T09:40:37.358+0000] {processor.py:756} INFO - Processing file /opt/airflow/dags/DBconnection.py for tasks to queue
[2022-11-25T09:40:37.360+0000] {logging_mixin.py:120} INFO - [2022-11-25T09:40:37.360+0000] {dagbag.py:537} INFO - Filling up the DagBag from /opt/airflow/dags/DBconnection.py
[2022-11-25T09:40:37.466+0000] {processor.py:766} INFO - DAG(s) dict_keys(['postgres_operators']) retrieved from /opt/airflow/dags/DBconnection.py
[2022-11-25T09:40:37.532+0000] {logging_mixin.py:120} INFO - [2022-11-25T09:40:37.532+0000] {dag.py:2585} INFO - Sync 1 DAGs
[2022-11-25T09:40:37.571+0000] {logging_mixin.py:120} INFO - [2022-11-25T09:40:37.571+0000] {dag.py:3340} INFO - Setting next_dagrun for postgres_operators to 2022-11-24T00:00:00+00:00, run_after=2022-11-25T00:00:00+00:00
[2022-11-25T09:40:37.604+0000] {processor.py:176} INFO - Processing /opt/airflow/dags/DBconnection.py took 0.254 seconds
[2022-11-25T09:41:08.029+0000] {processor.py:154} INFO - Started process (PID=167) to work on /opt/airflow/dags/DBconnection.py
[2022-11-25T09:41:08.033+0000] {processor.py:756} INFO - Processing file /opt/airflow/dags/DBconnection.py for tasks to queue
[2022-11-25T09:41:08.038+0000] {logging_mixin.py:120} INFO - [2022-11-25T09:41:08.037+0000] {dagbag.py:537} INFO - Filling up the DagBag from /opt/airflow/dags/DBconnection.py
[2022-11-25T09:41:08.165+0000] {processor.py:766} INFO - DAG(s) dict_keys(['postgres_operators']) retrieved from /opt/airflow/dags/DBconnection.py
[2022-11-25T09:41:08.239+0000] {logging_mixin.py:120} INFO - [2022-11-25T09:41:08.239+0000] {dag.py:2585} INFO - Sync 1 DAGs
[2022-11-25T09:41:08.273+0000] {logging_mixin.py:120} INFO - [2022-11-25T09:41:08.273+0000] {dag.py:3340} INFO - Setting next_dagrun for postgres_operators to 2022-11-24T00:00:00+00:00, run_after=2022-11-25T00:00:00+00:00
[2022-11-25T09:41:08.299+0000] {processor.py:176} INFO - Processing /opt/airflow/dags/DBconnection.py took 0.280 seconds
[2022-11-25T09:41:38.812+0000] {processor.py:154} INFO - Started process (PID=170) to work on /opt/airflow/dags/DBconnection.py
[2022-11-25T09:41:38.815+0000] {processor.py:756} INFO - Processing file /opt/airflow/dags/DBconnection.py for tasks to queue
[2022-11-25T09:41:38.816+0000] {logging_mixin.py:120} INFO - [2022-11-25T09:41:38.816+0000] {dagbag.py:537} INFO - Filling up the DagBag from /opt/airflow/dags/DBconnection.py
[2022-11-25T09:41:38.906+0000] {processor.py:766} INFO - DAG(s) dict_keys(['postgres_operators']) retrieved from /opt/airflow/dags/DBconnection.py
[2022-11-25T09:41:38.941+0000] {logging_mixin.py:120} INFO - [2022-11-25T09:41:38.941+0000] {dag.py:2585} INFO - Sync 1 DAGs
[2022-11-25T09:41:38.968+0000] {logging_mixin.py:120} INFO - [2022-11-25T09:41:38.968+0000] {dag.py:3340} INFO - Setting next_dagrun for postgres_operators to 2022-11-24T00:00:00+00:00, run_after=2022-11-25T00:00:00+00:00
[2022-11-25T09:41:38.983+0000] {processor.py:176} INFO - Processing /opt/airflow/dags/DBconnection.py took 0.178 seconds
[2022-11-25T09:42:09.273+0000] {processor.py:154} INFO - Started process (PID=173) to work on /opt/airflow/dags/DBconnection.py
[2022-11-25T09:42:09.279+0000] {processor.py:756} INFO - Processing file /opt/airflow/dags/DBconnection.py for tasks to queue
[2022-11-25T09:42:09.285+0000] {logging_mixin.py:120} INFO - [2022-11-25T09:42:09.284+0000] {dagbag.py:537} INFO - Filling up the DagBag from /opt/airflow/dags/DBconnection.py
[2022-11-25T09:42:09.426+0000] {processor.py:766} INFO - DAG(s) dict_keys(['postgres_operators']) retrieved from /opt/airflow/dags/DBconnection.py
[2022-11-25T09:42:09.487+0000] {logging_mixin.py:120} INFO - [2022-11-25T09:42:09.486+0000] {dag.py:2585} INFO - Sync 1 DAGs
[2022-11-25T09:42:09.527+0000] {logging_mixin.py:120} INFO - [2022-11-25T09:42:09.527+0000] {dag.py:3340} INFO - Setting next_dagrun for postgres_operators to 2022-11-24T00:00:00+00:00, run_after=2022-11-25T00:00:00+00:00
[2022-11-25T09:42:09.554+0000] {processor.py:176} INFO - Processing /opt/airflow/dags/DBconnection.py took 0.286 seconds
[2022-11-25T09:42:39.876+0000] {processor.py:154} INFO - Started process (PID=176) to work on /opt/airflow/dags/DBconnection.py
[2022-11-25T09:42:39.879+0000] {processor.py:756} INFO - Processing file /opt/airflow/dags/DBconnection.py for tasks to queue
[2022-11-25T09:42:39.881+0000] {logging_mixin.py:120} INFO - [2022-11-25T09:42:39.881+0000] {dagbag.py:537} INFO - Filling up the DagBag from /opt/airflow/dags/DBconnection.py
[2022-11-25T09:42:39.985+0000] {processor.py:766} INFO - DAG(s) dict_keys(['postgres_operators']) retrieved from /opt/airflow/dags/DBconnection.py
[2022-11-25T09:42:40.025+0000] {logging_mixin.py:120} INFO - [2022-11-25T09:42:40.025+0000] {dag.py:2585} INFO - Sync 1 DAGs
[2022-11-25T09:42:40.051+0000] {logging_mixin.py:120} INFO - [2022-11-25T09:42:40.050+0000] {dag.py:3340} INFO - Setting next_dagrun for postgres_operators to 2022-11-24T00:00:00+00:00, run_after=2022-11-25T00:00:00+00:00
[2022-11-25T09:42:40.066+0000] {processor.py:176} INFO - Processing /opt/airflow/dags/DBconnection.py took 0.197 seconds
[2022-11-25T09:43:10.578+0000] {processor.py:154} INFO - Started process (PID=179) to work on /opt/airflow/dags/DBconnection.py
[2022-11-25T09:43:10.582+0000] {processor.py:756} INFO - Processing file /opt/airflow/dags/DBconnection.py for tasks to queue
[2022-11-25T09:43:10.584+0000] {logging_mixin.py:120} INFO - [2022-11-25T09:43:10.584+0000] {dagbag.py:537} INFO - Filling up the DagBag from /opt/airflow/dags/DBconnection.py
[2022-11-25T09:43:10.671+0000] {processor.py:766} INFO - DAG(s) dict_keys(['postgres_operators']) retrieved from /opt/airflow/dags/DBconnection.py
[2022-11-25T09:43:10.729+0000] {logging_mixin.py:120} INFO - [2022-11-25T09:43:10.729+0000] {dag.py:2585} INFO - Sync 1 DAGs
[2022-11-25T09:43:10.758+0000] {logging_mixin.py:120} INFO - [2022-11-25T09:43:10.757+0000] {dag.py:3340} INFO - Setting next_dagrun for postgres_operators to 2022-11-24T00:00:00+00:00, run_after=2022-11-25T00:00:00+00:00
[2022-11-25T09:43:10.773+0000] {processor.py:176} INFO - Processing /opt/airflow/dags/DBconnection.py took 0.199 seconds
[2022-11-25T09:43:41.113+0000] {processor.py:154} INFO - Started process (PID=182) to work on /opt/airflow/dags/DBconnection.py
[2022-11-25T09:43:41.117+0000] {processor.py:756} INFO - Processing file /opt/airflow/dags/DBconnection.py for tasks to queue
[2022-11-25T09:43:41.119+0000] {logging_mixin.py:120} INFO - [2022-11-25T09:43:41.119+0000] {dagbag.py:537} INFO - Filling up the DagBag from /opt/airflow/dags/DBconnection.py
[2022-11-25T09:43:41.190+0000] {processor.py:766} INFO - DAG(s) dict_keys(['postgres_operators']) retrieved from /opt/airflow/dags/DBconnection.py
[2022-11-25T09:43:41.223+0000] {logging_mixin.py:120} INFO - [2022-11-25T09:43:41.223+0000] {dag.py:2585} INFO - Sync 1 DAGs
[2022-11-25T09:43:41.249+0000] {logging_mixin.py:120} INFO - [2022-11-25T09:43:41.249+0000] {dag.py:3340} INFO - Setting next_dagrun for postgres_operators to 2022-11-24T00:00:00+00:00, run_after=2022-11-25T00:00:00+00:00
[2022-11-25T09:43:41.263+0000] {processor.py:176} INFO - Processing /opt/airflow/dags/DBconnection.py took 0.156 seconds
[2022-11-25T09:44:11.805+0000] {processor.py:154} INFO - Started process (PID=185) to work on /opt/airflow/dags/DBconnection.py
[2022-11-25T09:44:11.810+0000] {processor.py:756} INFO - Processing file /opt/airflow/dags/DBconnection.py for tasks to queue
[2022-11-25T09:44:11.813+0000] {logging_mixin.py:120} INFO - [2022-11-25T09:44:11.812+0000] {dagbag.py:537} INFO - Filling up the DagBag from /opt/airflow/dags/DBconnection.py
[2022-11-25T09:44:11.988+0000] {processor.py:766} INFO - DAG(s) dict_keys(['postgres_operators']) retrieved from /opt/airflow/dags/DBconnection.py
[2022-11-25T09:44:12.049+0000] {logging_mixin.py:120} INFO - [2022-11-25T09:44:12.049+0000] {dag.py:2585} INFO - Sync 1 DAGs
[2022-11-25T09:44:12.085+0000] {logging_mixin.py:120} INFO - [2022-11-25T09:44:12.085+0000] {dag.py:3340} INFO - Setting next_dagrun for postgres_operators to 2022-11-24T00:00:00+00:00, run_after=2022-11-25T00:00:00+00:00
[2022-11-25T09:44:12.105+0000] {processor.py:176} INFO - Processing /opt/airflow/dags/DBconnection.py took 0.309 seconds
[2022-11-25T09:44:42.843+0000] {processor.py:154} INFO - Started process (PID=189) to work on /opt/airflow/dags/DBconnection.py
[2022-11-25T09:44:42.846+0000] {processor.py:756} INFO - Processing file /opt/airflow/dags/DBconnection.py for tasks to queue
[2022-11-25T09:44:42.848+0000] {logging_mixin.py:120} INFO - [2022-11-25T09:44:42.848+0000] {dagbag.py:537} INFO - Filling up the DagBag from /opt/airflow/dags/DBconnection.py
[2022-11-25T09:44:42.967+0000] {processor.py:766} INFO - DAG(s) dict_keys(['postgres_operators']) retrieved from /opt/airflow/dags/DBconnection.py
[2022-11-25T09:44:43.012+0000] {logging_mixin.py:120} INFO - [2022-11-25T09:44:43.011+0000] {dag.py:2585} INFO - Sync 1 DAGs
[2022-11-25T09:44:43.043+0000] {logging_mixin.py:120} INFO - [2022-11-25T09:44:43.042+0000] {dag.py:3340} INFO - Setting next_dagrun for postgres_operators to 2022-11-24T00:00:00+00:00, run_after=2022-11-25T00:00:00+00:00
[2022-11-25T09:44:43.058+0000] {processor.py:176} INFO - Processing /opt/airflow/dags/DBconnection.py took 0.221 seconds
[2022-11-25T09:45:13.552+0000] {processor.py:154} INFO - Started process (PID=192) to work on /opt/airflow/dags/DBconnection.py
[2022-11-25T09:45:13.558+0000] {processor.py:756} INFO - Processing file /opt/airflow/dags/DBconnection.py for tasks to queue
[2022-11-25T09:45:13.566+0000] {logging_mixin.py:120} INFO - [2022-11-25T09:45:13.566+0000] {dagbag.py:537} INFO - Filling up the DagBag from /opt/airflow/dags/DBconnection.py
[2022-11-25T09:45:13.770+0000] {processor.py:766} INFO - DAG(s) dict_keys(['postgres_operators']) retrieved from /opt/airflow/dags/DBconnection.py
[2022-11-25T09:45:13.831+0000] {logging_mixin.py:120} INFO - [2022-11-25T09:45:13.831+0000] {dag.py:2585} INFO - Sync 1 DAGs
[2022-11-25T09:45:13.873+0000] {logging_mixin.py:120} INFO - [2022-11-25T09:45:13.873+0000] {dag.py:3340} INFO - Setting next_dagrun for postgres_operators to 2022-11-24T00:00:00+00:00, run_after=2022-11-25T00:00:00+00:00
[2022-11-25T09:45:13.893+0000] {processor.py:176} INFO - Processing /opt/airflow/dags/DBconnection.py took 0.350 seconds
[2022-11-25T09:45:44.272+0000] {processor.py:154} INFO - Started process (PID=195) to work on /opt/airflow/dags/DBconnection.py
[2022-11-25T09:45:44.276+0000] {processor.py:756} INFO - Processing file /opt/airflow/dags/DBconnection.py for tasks to queue
[2022-11-25T09:45:44.279+0000] {logging_mixin.py:120} INFO - [2022-11-25T09:45:44.278+0000] {dagbag.py:537} INFO - Filling up the DagBag from /opt/airflow/dags/DBconnection.py
[2022-11-25T09:45:44.383+0000] {processor.py:766} INFO - DAG(s) dict_keys(['postgres_operators']) retrieved from /opt/airflow/dags/DBconnection.py
[2022-11-25T09:45:44.439+0000] {logging_mixin.py:120} INFO - [2022-11-25T09:45:44.439+0000] {dag.py:2585} INFO - Sync 1 DAGs
[2022-11-25T09:45:44.468+0000] {logging_mixin.py:120} INFO - [2022-11-25T09:45:44.468+0000] {dag.py:3340} INFO - Setting next_dagrun for postgres_operators to 2022-11-24T00:00:00+00:00, run_after=2022-11-25T00:00:00+00:00
[2022-11-25T09:45:44.484+0000] {processor.py:176} INFO - Processing /opt/airflow/dags/DBconnection.py took 0.218 seconds
[2022-11-25T09:46:14.980+0000] {processor.py:154} INFO - Started process (PID=198) to work on /opt/airflow/dags/DBconnection.py
[2022-11-25T09:46:14.987+0000] {processor.py:756} INFO - Processing file /opt/airflow/dags/DBconnection.py for tasks to queue
[2022-11-25T09:46:14.994+0000] {logging_mixin.py:120} INFO - [2022-11-25T09:46:14.994+0000] {dagbag.py:537} INFO - Filling up the DagBag from /opt/airflow/dags/DBconnection.py
[2022-11-25T09:46:15.126+0000] {processor.py:766} INFO - DAG(s) dict_keys(['postgres_operators']) retrieved from /opt/airflow/dags/DBconnection.py
[2022-11-25T09:46:15.172+0000] {logging_mixin.py:120} INFO - [2022-11-25T09:46:15.172+0000] {dag.py:2585} INFO - Sync 1 DAGs
[2022-11-25T09:46:15.201+0000] {logging_mixin.py:120} INFO - [2022-11-25T09:46:15.201+0000] {dag.py:3340} INFO - Setting next_dagrun for postgres_operators to 2022-11-24T00:00:00+00:00, run_after=2022-11-25T00:00:00+00:00
[2022-11-25T09:46:15.221+0000] {processor.py:176} INFO - Processing /opt/airflow/dags/DBconnection.py took 0.252 seconds
[2022-11-25T09:46:45.581+0000] {processor.py:154} INFO - Started process (PID=201) to work on /opt/airflow/dags/DBconnection.py
[2022-11-25T09:46:45.583+0000] {processor.py:756} INFO - Processing file /opt/airflow/dags/DBconnection.py for tasks to queue
[2022-11-25T09:46:45.585+0000] {logging_mixin.py:120} INFO - [2022-11-25T09:46:45.585+0000] {dagbag.py:537} INFO - Filling up the DagBag from /opt/airflow/dags/DBconnection.py
[2022-11-25T09:46:45.661+0000] {processor.py:766} INFO - DAG(s) dict_keys(['postgres_operators']) retrieved from /opt/airflow/dags/DBconnection.py
[2022-11-25T09:46:45.707+0000] {logging_mixin.py:120} INFO - [2022-11-25T09:46:45.707+0000] {dag.py:2585} INFO - Sync 1 DAGs
[2022-11-25T09:46:45.736+0000] {logging_mixin.py:120} INFO - [2022-11-25T09:46:45.735+0000] {dag.py:3340} INFO - Setting next_dagrun for postgres_operators to 2022-11-24T00:00:00+00:00, run_after=2022-11-25T00:00:00+00:00
[2022-11-25T09:46:45.754+0000] {processor.py:176} INFO - Processing /opt/airflow/dags/DBconnection.py took 0.178 seconds
[2022-11-25T09:47:16.151+0000] {processor.py:154} INFO - Started process (PID=204) to work on /opt/airflow/dags/DBconnection.py
[2022-11-25T09:47:16.154+0000] {processor.py:756} INFO - Processing file /opt/airflow/dags/DBconnection.py for tasks to queue
[2022-11-25T09:47:16.157+0000] {logging_mixin.py:120} INFO - [2022-11-25T09:47:16.157+0000] {dagbag.py:537} INFO - Filling up the DagBag from /opt/airflow/dags/DBconnection.py
[2022-11-25T09:47:16.299+0000] {processor.py:766} INFO - DAG(s) dict_keys(['postgres_operators']) retrieved from /opt/airflow/dags/DBconnection.py
[2022-11-25T09:47:16.349+0000] {logging_mixin.py:120} INFO - [2022-11-25T09:47:16.349+0000] {dag.py:2585} INFO - Sync 1 DAGs
[2022-11-25T09:47:16.386+0000] {logging_mixin.py:120} INFO - [2022-11-25T09:47:16.386+0000] {dag.py:3340} INFO - Setting next_dagrun for postgres_operators to 2022-11-24T00:00:00+00:00, run_after=2022-11-25T00:00:00+00:00
[2022-11-25T09:47:16.404+0000] {processor.py:176} INFO - Processing /opt/airflow/dags/DBconnection.py took 0.262 seconds
[2022-11-25T09:47:46.865+0000] {processor.py:154} INFO - Started process (PID=207) to work on /opt/airflow/dags/DBconnection.py
[2022-11-25T09:47:46.869+0000] {processor.py:756} INFO - Processing file /opt/airflow/dags/DBconnection.py for tasks to queue
[2022-11-25T09:47:46.871+0000] {logging_mixin.py:120} INFO - [2022-11-25T09:47:46.871+0000] {dagbag.py:537} INFO - Filling up the DagBag from /opt/airflow/dags/DBconnection.py
[2022-11-25T09:47:46.994+0000] {processor.py:766} INFO - DAG(s) dict_keys(['postgres_operators']) retrieved from /opt/airflow/dags/DBconnection.py
[2022-11-25T09:47:47.042+0000] {logging_mixin.py:120} INFO - [2022-11-25T09:47:47.042+0000] {dag.py:2585} INFO - Sync 1 DAGs
[2022-11-25T09:47:47.075+0000] {logging_mixin.py:120} INFO - [2022-11-25T09:47:47.075+0000] {dag.py:3340} INFO - Setting next_dagrun for postgres_operators to 2022-11-24T00:00:00+00:00, run_after=2022-11-25T00:00:00+00:00
[2022-11-25T09:47:47.094+0000] {processor.py:176} INFO - Processing /opt/airflow/dags/DBconnection.py took 0.234 seconds
[2022-11-25T09:48:17.574+0000] {processor.py:154} INFO - Started process (PID=210) to work on /opt/airflow/dags/DBconnection.py
[2022-11-25T09:48:17.589+0000] {processor.py:756} INFO - Processing file /opt/airflow/dags/DBconnection.py for tasks to queue
[2022-11-25T09:48:17.608+0000] {logging_mixin.py:120} INFO - [2022-11-25T09:48:17.601+0000] {dagbag.py:537} INFO - Filling up the DagBag from /opt/airflow/dags/DBconnection.py
[2022-11-25T09:48:18.010+0000] {processor.py:766} INFO - DAG(s) dict_keys(['postgres_operators']) retrieved from /opt/airflow/dags/DBconnection.py
[2022-11-25T09:48:18.359+0000] {logging_mixin.py:120} INFO - [2022-11-25T09:48:18.358+0000] {dag.py:2585} INFO - Sync 1 DAGs
[2022-11-25T09:48:18.449+0000] {logging_mixin.py:120} INFO - [2022-11-25T09:48:18.449+0000] {dag.py:3340} INFO - Setting next_dagrun for postgres_operators to 2022-11-24T00:00:00+00:00, run_after=2022-11-25T00:00:00+00:00
[2022-11-25T09:48:18.493+0000] {processor.py:176} INFO - Processing /opt/airflow/dags/DBconnection.py took 0.940 seconds
[2022-11-25T09:48:48.890+0000] {processor.py:154} INFO - Started process (PID=213) to work on /opt/airflow/dags/DBconnection.py
[2022-11-25T09:48:48.896+0000] {processor.py:756} INFO - Processing file /opt/airflow/dags/DBconnection.py for tasks to queue
[2022-11-25T09:48:48.900+0000] {logging_mixin.py:120} INFO - [2022-11-25T09:48:48.900+0000] {dagbag.py:537} INFO - Filling up the DagBag from /opt/airflow/dags/DBconnection.py
[2022-11-25T09:48:49.040+0000] {processor.py:766} INFO - DAG(s) dict_keys(['postgres_operators']) retrieved from /opt/airflow/dags/DBconnection.py
[2022-11-25T09:48:49.097+0000] {logging_mixin.py:120} INFO - [2022-11-25T09:48:49.097+0000] {dag.py:2585} INFO - Sync 1 DAGs
[2022-11-25T09:48:49.136+0000] {logging_mixin.py:120} INFO - [2022-11-25T09:48:49.136+0000] {dag.py:3340} INFO - Setting next_dagrun for postgres_operators to 2022-11-24T00:00:00+00:00, run_after=2022-11-25T00:00:00+00:00
[2022-11-25T09:48:49.155+0000] {processor.py:176} INFO - Processing /opt/airflow/dags/DBconnection.py took 0.273 seconds
[2022-11-25T09:49:19.607+0000] {processor.py:154} INFO - Started process (PID=216) to work on /opt/airflow/dags/DBconnection.py
[2022-11-25T09:49:19.611+0000] {processor.py:756} INFO - Processing file /opt/airflow/dags/DBconnection.py for tasks to queue
[2022-11-25T09:49:19.613+0000] {logging_mixin.py:120} INFO - [2022-11-25T09:49:19.613+0000] {dagbag.py:537} INFO - Filling up the DagBag from /opt/airflow/dags/DBconnection.py
[2022-11-25T09:49:19.744+0000] {processor.py:766} INFO - DAG(s) dict_keys(['postgres_operators']) retrieved from /opt/airflow/dags/DBconnection.py
[2022-11-25T09:49:19.812+0000] {logging_mixin.py:120} INFO - [2022-11-25T09:49:19.812+0000] {dag.py:2585} INFO - Sync 1 DAGs
[2022-11-25T09:49:19.850+0000] {logging_mixin.py:120} INFO - [2022-11-25T09:49:19.849+0000] {dag.py:3340} INFO - Setting next_dagrun for postgres_operators to 2022-11-24T00:00:00+00:00, run_after=2022-11-25T00:00:00+00:00
[2022-11-25T09:49:19.877+0000] {processor.py:176} INFO - Processing /opt/airflow/dags/DBconnection.py took 0.277 seconds
[2022-11-25T09:49:50.264+0000] {processor.py:154} INFO - Started process (PID=219) to work on /opt/airflow/dags/DBconnection.py
[2022-11-25T09:49:50.273+0000] {processor.py:756} INFO - Processing file /opt/airflow/dags/DBconnection.py for tasks to queue
[2022-11-25T09:49:50.278+0000] {logging_mixin.py:120} INFO - [2022-11-25T09:49:50.277+0000] {dagbag.py:537} INFO - Filling up the DagBag from /opt/airflow/dags/DBconnection.py
[2022-11-25T09:49:50.463+0000] {processor.py:766} INFO - DAG(s) dict_keys(['postgres_operators']) retrieved from /opt/airflow/dags/DBconnection.py
[2022-11-25T09:49:50.538+0000] {logging_mixin.py:120} INFO - [2022-11-25T09:49:50.537+0000] {dag.py:2585} INFO - Sync 1 DAGs
[2022-11-25T09:49:50.588+0000] {logging_mixin.py:120} INFO - [2022-11-25T09:49:50.588+0000] {dag.py:3340} INFO - Setting next_dagrun for postgres_operators to 2022-11-24T00:00:00+00:00, run_after=2022-11-25T00:00:00+00:00
[2022-11-25T09:49:50.612+0000] {processor.py:176} INFO - Processing /opt/airflow/dags/DBconnection.py took 0.370 seconds
[2022-11-25T09:50:20.955+0000] {processor.py:154} INFO - Started process (PID=222) to work on /opt/airflow/dags/DBconnection.py
[2022-11-25T09:50:20.959+0000] {processor.py:756} INFO - Processing file /opt/airflow/dags/DBconnection.py for tasks to queue
[2022-11-25T09:50:20.961+0000] {logging_mixin.py:120} INFO - [2022-11-25T09:50:20.961+0000] {dagbag.py:537} INFO - Filling up the DagBag from /opt/airflow/dags/DBconnection.py
[2022-11-25T09:50:21.073+0000] {processor.py:766} INFO - DAG(s) dict_keys(['postgres_operators']) retrieved from /opt/airflow/dags/DBconnection.py
[2022-11-25T09:50:21.129+0000] {logging_mixin.py:120} INFO - [2022-11-25T09:50:21.129+0000] {dag.py:2585} INFO - Sync 1 DAGs
[2022-11-25T09:50:21.170+0000] {logging_mixin.py:120} INFO - [2022-11-25T09:50:21.170+0000] {dag.py:3340} INFO - Setting next_dagrun for postgres_operators to 2022-11-24T00:00:00+00:00, run_after=2022-11-25T00:00:00+00:00
[2022-11-25T09:50:21.193+0000] {processor.py:176} INFO - Processing /opt/airflow/dags/DBconnection.py took 0.244 seconds
[2022-11-25T09:50:51.573+0000] {processor.py:154} INFO - Started process (PID=225) to work on /opt/airflow/dags/DBconnection.py
[2022-11-25T09:50:51.576+0000] {processor.py:756} INFO - Processing file /opt/airflow/dags/DBconnection.py for tasks to queue
[2022-11-25T09:50:51.578+0000] {logging_mixin.py:120} INFO - [2022-11-25T09:50:51.578+0000] {dagbag.py:537} INFO - Filling up the DagBag from /opt/airflow/dags/DBconnection.py
[2022-11-25T09:50:51.686+0000] {processor.py:766} INFO - DAG(s) dict_keys(['postgres_operators']) retrieved from /opt/airflow/dags/DBconnection.py
[2022-11-25T09:50:51.741+0000] {logging_mixin.py:120} INFO - [2022-11-25T09:50:51.741+0000] {dag.py:2585} INFO - Sync 1 DAGs
[2022-11-25T09:50:51.775+0000] {logging_mixin.py:120} INFO - [2022-11-25T09:50:51.775+0000] {dag.py:3340} INFO - Setting next_dagrun for postgres_operators to 2022-11-24T00:00:00+00:00, run_after=2022-11-25T00:00:00+00:00
[2022-11-25T09:50:51.793+0000] {processor.py:176} INFO - Processing /opt/airflow/dags/DBconnection.py took 0.227 seconds
[2022-11-25T09:51:22.134+0000] {processor.py:154} INFO - Started process (PID=228) to work on /opt/airflow/dags/DBconnection.py
[2022-11-25T09:51:22.139+0000] {processor.py:756} INFO - Processing file /opt/airflow/dags/DBconnection.py for tasks to queue
[2022-11-25T09:51:22.142+0000] {logging_mixin.py:120} INFO - [2022-11-25T09:51:22.141+0000] {dagbag.py:537} INFO - Filling up the DagBag from /opt/airflow/dags/DBconnection.py
[2022-11-25T09:51:22.273+0000] {processor.py:766} INFO - DAG(s) dict_keys(['postgres_operators']) retrieved from /opt/airflow/dags/DBconnection.py
[2022-11-25T09:51:22.326+0000] {logging_mixin.py:120} INFO - [2022-11-25T09:51:22.326+0000] {dag.py:2585} INFO - Sync 1 DAGs
[2022-11-25T09:51:22.365+0000] {logging_mixin.py:120} INFO - [2022-11-25T09:51:22.364+0000] {dag.py:3340} INFO - Setting next_dagrun for postgres_operators to 2022-11-24T00:00:00+00:00, run_after=2022-11-25T00:00:00+00:00
[2022-11-25T09:51:22.394+0000] {processor.py:176} INFO - Processing /opt/airflow/dags/DBconnection.py took 0.265 seconds
[2022-11-25T09:51:52.686+0000] {processor.py:154} INFO - Started process (PID=231) to work on /opt/airflow/dags/DBconnection.py
[2022-11-25T09:51:52.690+0000] {processor.py:756} INFO - Processing file /opt/airflow/dags/DBconnection.py for tasks to queue
[2022-11-25T09:51:52.693+0000] {logging_mixin.py:120} INFO - [2022-11-25T09:51:52.692+0000] {dagbag.py:537} INFO - Filling up the DagBag from /opt/airflow/dags/DBconnection.py
[2022-11-25T09:51:52.810+0000] {processor.py:766} INFO - DAG(s) dict_keys(['postgres_operators']) retrieved from /opt/airflow/dags/DBconnection.py
[2022-11-25T09:51:52.866+0000] {logging_mixin.py:120} INFO - [2022-11-25T09:51:52.865+0000] {dag.py:2585} INFO - Sync 1 DAGs
[2022-11-25T09:51:52.897+0000] {logging_mixin.py:120} INFO - [2022-11-25T09:51:52.897+0000] {dag.py:3340} INFO - Setting next_dagrun for postgres_operators to 2022-11-24T00:00:00+00:00, run_after=2022-11-25T00:00:00+00:00
[2022-11-25T09:51:52.912+0000] {processor.py:176} INFO - Processing /opt/airflow/dags/DBconnection.py took 0.233 seconds
[2022-11-25T09:52:23.278+0000] {processor.py:154} INFO - Started process (PID=234) to work on /opt/airflow/dags/DBconnection.py
[2022-11-25T09:52:23.282+0000] {processor.py:756} INFO - Processing file /opt/airflow/dags/DBconnection.py for tasks to queue
[2022-11-25T09:52:23.286+0000] {logging_mixin.py:120} INFO - [2022-11-25T09:52:23.286+0000] {dagbag.py:537} INFO - Filling up the DagBag from /opt/airflow/dags/DBconnection.py
[2022-11-25T09:52:23.428+0000] {processor.py:766} INFO - DAG(s) dict_keys(['postgres_operators']) retrieved from /opt/airflow/dags/DBconnection.py
[2022-11-25T09:52:23.479+0000] {logging_mixin.py:120} INFO - [2022-11-25T09:52:23.479+0000] {dag.py:2585} INFO - Sync 1 DAGs
[2022-11-25T09:52:23.515+0000] {logging_mixin.py:120} INFO - [2022-11-25T09:52:23.515+0000] {dag.py:3340} INFO - Setting next_dagrun for postgres_operators to 2022-11-24T00:00:00+00:00, run_after=2022-11-25T00:00:00+00:00
[2022-11-25T09:52:23.542+0000] {processor.py:176} INFO - Processing /opt/airflow/dags/DBconnection.py took 0.271 seconds
[2022-11-25T09:52:53.951+0000] {processor.py:154} INFO - Started process (PID=237) to work on /opt/airflow/dags/DBconnection.py
[2022-11-25T09:52:53.956+0000] {processor.py:756} INFO - Processing file /opt/airflow/dags/DBconnection.py for tasks to queue
[2022-11-25T09:52:53.959+0000] {logging_mixin.py:120} INFO - [2022-11-25T09:52:53.959+0000] {dagbag.py:537} INFO - Filling up the DagBag from /opt/airflow/dags/DBconnection.py
[2022-11-25T09:52:54.087+0000] {processor.py:766} INFO - DAG(s) dict_keys(['postgres_operators']) retrieved from /opt/airflow/dags/DBconnection.py
[2022-11-25T09:52:54.128+0000] {logging_mixin.py:120} INFO - [2022-11-25T09:52:54.128+0000] {dag.py:2585} INFO - Sync 1 DAGs
[2022-11-25T09:52:54.156+0000] {logging_mixin.py:120} INFO - [2022-11-25T09:52:54.156+0000] {dag.py:3340} INFO - Setting next_dagrun for postgres_operators to 2022-11-24T00:00:00+00:00, run_after=2022-11-25T00:00:00+00:00
[2022-11-25T09:52:54.173+0000] {processor.py:176} INFO - Processing /opt/airflow/dags/DBconnection.py took 0.229 seconds
