[2022-11-25T09:47:59.152+0000] {taskinstance.py:1165} INFO - Dependencies all met for <TaskInstance: Postgres_Data.select_data manual__2022-11-25T09:47:57.157825+00:00 [queued]>
[2022-11-25T09:47:59.162+0000] {taskinstance.py:1165} INFO - Dependencies all met for <TaskInstance: Postgres_Data.select_data manual__2022-11-25T09:47:57.157825+00:00 [queued]>
[2022-11-25T09:47:59.163+0000] {taskinstance.py:1362} INFO - 
--------------------------------------------------------------------------------
[2022-11-25T09:47:59.165+0000] {taskinstance.py:1363} INFO - Starting attempt 1 of 3
[2022-11-25T09:47:59.166+0000] {taskinstance.py:1364} INFO - 
--------------------------------------------------------------------------------
[2022-11-25T09:47:59.180+0000] {taskinstance.py:1383} INFO - Executing <Task(PostgresOperator): select_data> on 2022-11-25 09:47:57.157825+00:00
[2022-11-25T09:47:59.186+0000] {standard_task_runner.py:55} INFO - Started process 86 to run task
[2022-11-25T09:47:59.190+0000] {standard_task_runner.py:82} INFO - Running: ['***', 'tasks', 'run', 'Postgres_Data', 'select_data', 'manual__2022-11-25T09:47:57.157825+00:00', '--job-id', '60', '--raw', '--subdir', 'DAGS_FOLDER/ConnectionTable.py', '--cfg-path', '/tmp/tmpc4zmu26o']
[2022-11-25T09:47:59.191+0000] {standard_task_runner.py:83} INFO - Job 60: Subtask select_data
[2022-11-25T09:47:59.249+0000] {task_command.py:376} INFO - Running <TaskInstance: Postgres_Data.select_data manual__2022-11-25T09:47:57.157825+00:00 [running]> on host 89ee96b17a7e
[2022-11-25T09:47:59.306+0000] {taskinstance.py:1592} INFO - Exporting the following env vars:
AIRFLOW_CTX_DAG_OWNER=klein
AIRFLOW_CTX_DAG_ID=Postgres_Data
AIRFLOW_CTX_TASK_ID=select_data
AIRFLOW_CTX_EXECUTION_DATE=2022-11-25T09:47:57.157825+00:00
AIRFLOW_CTX_TRY_NUMBER=1
AIRFLOW_CTX_DAG_RUN_ID=manual__2022-11-25T09:47:57.157825+00:00
[2022-11-25T09:47:59.316+0000] {base.py:71} INFO - Using connection ID 'DB_ytb' for task execution.
[2022-11-25T09:47:59.328+0000] {sql.py:315} INFO - Running statement: 
        SELECT * FROM COMMENTS
        WHERE textDisplay LIKE '%Merci%';
        , parameters: None
[2022-11-25T09:47:59.334+0000] {sql.py:324} INFO - Rows affected: 17
[2022-11-25T09:47:59.347+0000] {taskinstance.py:1406} INFO - Marking task as SUCCESS. dag_id=Postgres_Data, task_id=select_data, execution_date=20221125T094757, start_date=20221125T094759, end_date=20221125T094759
[2022-11-25T09:47:59.403+0000] {local_task_job.py:164} INFO - Task exited with return code 0
[2022-11-25T09:47:59.421+0000] {local_task_job.py:273} INFO - 0 downstream tasks scheduled from follow-on schedule check
