[2022-11-24T16:37:40.108+0000] {taskinstance.py:1165} INFO - Dependencies all met for <TaskInstance: Postgres_Data.Insert_data manual__2022-11-24T16:37:37.078705+00:00 [queued]>
[2022-11-24T16:37:40.118+0000] {taskinstance.py:1165} INFO - Dependencies all met for <TaskInstance: Postgres_Data.Insert_data manual__2022-11-24T16:37:37.078705+00:00 [queued]>
[2022-11-24T16:37:40.119+0000] {taskinstance.py:1362} INFO - 
--------------------------------------------------------------------------------
[2022-11-24T16:37:40.121+0000] {taskinstance.py:1363} INFO - Starting attempt 1 of 3
[2022-11-24T16:37:40.122+0000] {taskinstance.py:1364} INFO - 
--------------------------------------------------------------------------------
[2022-11-24T16:37:40.133+0000] {taskinstance.py:1383} INFO - Executing <Task(PostgresOperator): Insert_data> on 2022-11-24 16:37:37.078705+00:00
[2022-11-24T16:37:40.139+0000] {standard_task_runner.py:55} INFO - Started process 101 to run task
[2022-11-24T16:37:40.144+0000] {standard_task_runner.py:82} INFO - Running: ['***', 'tasks', 'run', 'Postgres_Data', 'Insert_data', 'manual__2022-11-24T16:37:37.078705+00:00', '--job-id', '25', '--raw', '--subdir', 'DAGS_FOLDER/ConnectionTable.py', '--cfg-path', '/tmp/tmp_82oawg_']
[2022-11-24T16:37:40.146+0000] {standard_task_runner.py:83} INFO - Job 25: Subtask Insert_data
[2022-11-24T16:37:40.208+0000] {task_command.py:376} INFO - Running <TaskInstance: Postgres_Data.Insert_data manual__2022-11-24T16:37:37.078705+00:00 [running]> on host 89ee96b17a7e
[2022-11-24T16:37:40.275+0000] {taskinstance.py:1592} INFO - Exporting the following env vars:
AIRFLOW_CTX_DAG_OWNER=klein
AIRFLOW_CTX_DAG_ID=Postgres_Data
AIRFLOW_CTX_TASK_ID=Insert_data
AIRFLOW_CTX_EXECUTION_DATE=2022-11-24T16:37:37.078705+00:00
AIRFLOW_CTX_TRY_NUMBER=1
AIRFLOW_CTX_DAG_RUN_ID=manual__2022-11-24T16:37:37.078705+00:00
[2022-11-24T16:37:40.288+0000] {base.py:71} INFO - Using connection ID 'DB_ytb' for task execution.
[2022-11-24T16:37:40.303+0000] {sql.py:315} INFO - Running statement: CREATE TABLE IF NOT EXISTS COMMENTS (
    authorDisplayName VARCHAR NOT NULL,
    textDisplay VARCHAR NOT NULL
);, parameters: None
[2022-11-24T16:37:40.310+0000] {postgres.py:96} INFO - NOTICE:  relation "comments" already exists, skipping

[2022-11-24T16:37:40.324+0000] {taskinstance.py:1406} INFO - Marking task as SUCCESS. dag_id=Postgres_Data, task_id=Insert_data, execution_date=20221124T163737, start_date=20221124T163740, end_date=20221124T163740
[2022-11-24T16:37:40.361+0000] {local_task_job.py:164} INFO - Task exited with return code 0
[2022-11-24T16:37:40.380+0000] {local_task_job.py:273} INFO - 0 downstream tasks scheduled from follow-on schedule check
