[2022-11-15T21:45:08.409+0000] {taskinstance.py:1165} INFO - Dependencies all met for <TaskInstance: python_dependences.task2 manual__2022-11-15T21:45:05.411347+00:00 [queued]>
[2022-11-15T21:45:08.440+0000] {taskinstance.py:1165} INFO - Dependencies all met for <TaskInstance: python_dependences.task2 manual__2022-11-15T21:45:05.411347+00:00 [queued]>
[2022-11-15T21:45:08.444+0000] {taskinstance.py:1362} INFO - 
--------------------------------------------------------------------------------
[2022-11-15T21:45:08.447+0000] {taskinstance.py:1363} INFO - Starting attempt 1 of 3
[2022-11-15T21:45:08.450+0000] {taskinstance.py:1364} INFO - 
--------------------------------------------------------------------------------
[2022-11-15T21:45:08.468+0000] {taskinstance.py:1383} INFO - Executing <Task(PythonOperator): task2> on 2022-11-15 21:45:05.411347+00:00
[2022-11-15T21:45:08.477+0000] {standard_task_runner.py:55} INFO - Started process 53 to run task
[2022-11-15T21:45:08.481+0000] {standard_task_runner.py:82} INFO - Running: ['***', 'tasks', 'run', 'python_dependences', 'task2', 'manual__2022-11-15T21:45:05.411347+00:00', '--job-id', '4', '--raw', '--subdir', 'DAGS_FOLDER/dag_test_with_python_dependence.py', '--cfg-path', '/tmp/tmpubx15vkb']
[2022-11-15T21:45:08.489+0000] {standard_task_runner.py:83} INFO - Job 4: Subtask task2
[2022-11-15T21:45:08.624+0000] {task_command.py:376} INFO - Running <TaskInstance: python_dependences.task2 manual__2022-11-15T21:45:05.411347+00:00 [running]> on host 11b3c691ce3c
[2022-11-15T21:45:08.687+0000] {taskinstance.py:1592} INFO - Exporting the following env vars:
AIRFLOW_CTX_DAG_OWNER=klein
AIRFLOW_CTX_DAG_ID=python_dependences
AIRFLOW_CTX_TASK_ID=task2
AIRFLOW_CTX_EXECUTION_DATE=2022-11-15T21:45:05.411347+00:00
AIRFLOW_CTX_TRY_NUMBER=1
AIRFLOW_CTX_DAG_RUN_ID=manual__2022-11-15T21:45:05.411347+00:00
[2022-11-15T21:45:08.895+0000] {python.py:177} INFO - Done. Returned value was: this is the version of sklearn1.0.2
[2022-11-15T21:45:08.916+0000] {taskinstance.py:1406} INFO - Marking task as SUCCESS. dag_id=python_dependences, task_id=task2, execution_date=20221115T214505, start_date=20221115T214508, end_date=20221115T214508
[2022-11-15T21:45:08.967+0000] {local_task_job.py:164} INFO - Task exited with return code 0
[2022-11-15T21:45:08.985+0000] {local_task_job.py:273} INFO - 0 downstream tasks scheduled from follow-on schedule check
