[2022-11-16T09:35:22.992+0000] {taskinstance.py:1165} INFO - Dependencies all met for <TaskInstance: python_dependences.task1 manual__2022-11-16T09:35:21.571698+00:00 [queued]>
[2022-11-16T09:35:23.012+0000] {taskinstance.py:1165} INFO - Dependencies all met for <TaskInstance: python_dependences.task1 manual__2022-11-16T09:35:21.571698+00:00 [queued]>
[2022-11-16T09:35:23.014+0000] {taskinstance.py:1362} INFO - 
--------------------------------------------------------------------------------
[2022-11-16T09:35:23.016+0000] {taskinstance.py:1363} INFO - Starting attempt 1 of 3
[2022-11-16T09:35:23.018+0000] {taskinstance.py:1364} INFO - 
--------------------------------------------------------------------------------
[2022-11-16T09:35:23.033+0000] {taskinstance.py:1383} INFO - Executing <Task(PythonOperator): task1> on 2022-11-16 09:35:21.571698+00:00
[2022-11-16T09:35:23.040+0000] {standard_task_runner.py:55} INFO - Started process 53 to run task
[2022-11-16T09:35:23.044+0000] {standard_task_runner.py:82} INFO - Running: ['***', 'tasks', 'run', 'python_dependences', 'task1', 'manual__2022-11-16T09:35:21.571698+00:00', '--job-id', '8', '--raw', '--subdir', 'DAGS_FOLDER/dag_test_with_python_dependence.py', '--cfg-path', '/tmp/tmpdplo_tc_']
[2022-11-16T09:35:23.046+0000] {standard_task_runner.py:83} INFO - Job 8: Subtask task1
[2022-11-16T09:35:23.121+0000] {task_command.py:376} INFO - Running <TaskInstance: python_dependences.task1 manual__2022-11-16T09:35:21.571698+00:00 [running]> on host f05724efbbd1
[2022-11-16T09:35:23.190+0000] {taskinstance.py:1592} INFO - Exporting the following env vars:
AIRFLOW_CTX_DAG_OWNER=klein
AIRFLOW_CTX_DAG_ID=python_dependences
AIRFLOW_CTX_TASK_ID=task1
AIRFLOW_CTX_EXECUTION_DATE=2022-11-16T09:35:21.571698+00:00
AIRFLOW_CTX_TRY_NUMBER=1
AIRFLOW_CTX_DAG_RUN_ID=manual__2022-11-16T09:35:21.571698+00:00
[2022-11-16T09:35:23.497+0000] {python.py:177} INFO - Done. Returned value was: this is the version of sklearn1.0.2
[2022-11-16T09:35:23.520+0000] {taskinstance.py:1406} INFO - Marking task as SUCCESS. dag_id=python_dependences, task_id=task1, execution_date=20221116T093521, start_date=20221116T093523, end_date=20221116T093523
[2022-11-16T09:35:23.548+0000] {local_task_job.py:164} INFO - Task exited with return code 0
[2022-11-16T09:35:23.576+0000] {local_task_job.py:273} INFO - 1 downstream tasks scheduled from follow-on schedule check
