[2022-11-16T09:35:25.193+0000] {taskinstance.py:1165} INFO - Dependencies all met for <TaskInstance: python_dependences.task3 manual__2022-11-16T09:35:21.571698+00:00 [queued]>
[2022-11-16T09:35:25.209+0000] {taskinstance.py:1165} INFO - Dependencies all met for <TaskInstance: python_dependences.task3 manual__2022-11-16T09:35:21.571698+00:00 [queued]>
[2022-11-16T09:35:25.211+0000] {taskinstance.py:1362} INFO - 
--------------------------------------------------------------------------------
[2022-11-16T09:35:25.213+0000] {taskinstance.py:1363} INFO - Starting attempt 1 of 3
[2022-11-16T09:35:25.215+0000] {taskinstance.py:1364} INFO - 
--------------------------------------------------------------------------------
[2022-11-16T09:35:25.229+0000] {taskinstance.py:1383} INFO - Executing <Task(PythonOperator): task3> on 2022-11-16 09:35:21.571698+00:00
[2022-11-16T09:35:25.236+0000] {standard_task_runner.py:55} INFO - Started process 57 to run task
[2022-11-16T09:35:25.240+0000] {standard_task_runner.py:82} INFO - Running: ['***', 'tasks', 'run', 'python_dependences', 'task3', 'manual__2022-11-16T09:35:21.571698+00:00', '--job-id', '10', '--raw', '--subdir', 'DAGS_FOLDER/dag_test_with_python_dependence.py', '--cfg-path', '/tmp/tmp_nc98dzp']
[2022-11-16T09:35:25.242+0000] {standard_task_runner.py:83} INFO - Job 10: Subtask task3
[2022-11-16T09:35:25.299+0000] {task_command.py:376} INFO - Running <TaskInstance: python_dependences.task3 manual__2022-11-16T09:35:21.571698+00:00 [running]> on host f05724efbbd1
[2022-11-16T09:35:25.373+0000] {taskinstance.py:1592} INFO - Exporting the following env vars:
AIRFLOW_CTX_DAG_OWNER=klein
AIRFLOW_CTX_DAG_ID=python_dependences
AIRFLOW_CTX_TASK_ID=task3
AIRFLOW_CTX_EXECUTION_DATE=2022-11-16T09:35:21.571698+00:00
AIRFLOW_CTX_TRY_NUMBER=1
AIRFLOW_CTX_DAG_RUN_ID=manual__2022-11-16T09:35:21.571698+00:00
[2022-11-16T09:35:25.569+0000] {__init__.py:492} WARNING - Matplotlib created a temporary config/cache directory at /tmp/matplotlib-84w9wnsz because the default path (/home/airflow/.cache/matplotlib) is not a writable directory; it is highly recommended to set the MPLCONFIGDIR environment variable to a writable directory, in particular to speed up the import of Matplotlib and to better support multiprocessing.
[2022-11-16T09:35:25.740+0000] {font_manager.py:1443} INFO - generated new fontManager
[2022-11-16T09:35:26.847+0000] {logging_mixin.py:120} INFO - the version of yellowbrick==1.5
[2022-11-16T09:35:26.851+0000] {python.py:177} INFO - Done. Returned value was: None
[2022-11-16T09:35:26.870+0000] {taskinstance.py:1406} INFO - Marking task as SUCCESS. dag_id=python_dependences, task_id=task3, execution_date=20221116T093521, start_date=20221116T093525, end_date=20221116T093526
[2022-11-16T09:35:26.944+0000] {local_task_job.py:164} INFO - Task exited with return code 0
[2022-11-16T09:35:26.992+0000] {local_task_job.py:273} INFO - 0 downstream tasks scheduled from follow-on schedule check
