[2022-11-20T06:59:59.591+0000] {taskinstance.py:1165} INFO - Dependencies all met for <TaskInstance: python_dependences.task2 scheduled__2022-11-19T00:00:00+00:00 [queued]>
[2022-11-20T06:59:59.764+0000] {taskinstance.py:1165} INFO - Dependencies all met for <TaskInstance: python_dependences.task2 scheduled__2022-11-19T00:00:00+00:00 [queued]>
[2022-11-20T06:59:59.768+0000] {taskinstance.py:1362} INFO - 
--------------------------------------------------------------------------------
[2022-11-20T06:59:59.773+0000] {taskinstance.py:1363} INFO - Starting attempt 1 of 3
[2022-11-20T06:59:59.779+0000] {taskinstance.py:1364} INFO - 
--------------------------------------------------------------------------------
[2022-11-20T07:00:00.038+0000] {taskinstance.py:1383} INFO - Executing <Task(PythonOperator): task2> on 2022-11-19 00:00:00+00:00
[2022-11-20T07:00:00.092+0000] {standard_task_runner.py:55} INFO - Started process 57 to run task
[2022-11-20T07:00:00.183+0000] {standard_task_runner.py:82} INFO - Running: ['***', 'tasks', 'run', 'python_dependences', 'task2', 'scheduled__2022-11-19T00:00:00+00:00', '--job-id', '18', '--raw', '--subdir', 'DAGS_FOLDER/dag_test_with_python_dependence.py', '--cfg-path', '/tmp/tmp3g8_tb61']
[2022-11-20T07:00:00.208+0000] {standard_task_runner.py:83} INFO - Job 18: Subtask task2
[2022-11-20T07:00:00.354+0000] {warnings.py:110} WARNING - /home/***/.local/lib/python3.7/site-packages/***/configuration.py:545: DeprecationWarning: The sql_alchemy_conn option in [core] has been moved to the sql_alchemy_conn option in [database] - the old setting has been used, but please update your config.
  option = self._get_environment_variables(deprecated_key, deprecated_section, key, section)

[2022-11-20T07:00:01.698+0000] {task_command.py:376} INFO - Running <TaskInstance: python_dependences.task2 scheduled__2022-11-19T00:00:00+00:00 [running]> on host f05724efbbd1
[2022-11-20T07:00:03.009+0000] {taskinstance.py:1592} INFO - Exporting the following env vars:
AIRFLOW_CTX_DAG_OWNER=klein
AIRFLOW_CTX_DAG_ID=python_dependences
AIRFLOW_CTX_TASK_ID=task2
AIRFLOW_CTX_EXECUTION_DATE=2022-11-19T00:00:00+00:00
AIRFLOW_CTX_TRY_NUMBER=1
AIRFLOW_CTX_DAG_RUN_ID=scheduled__2022-11-19T00:00:00+00:00
[2022-11-20T07:00:08.146+0000] {python.py:177} INFO - Done. Returned value was: this is the version of sklearn1.0.2
[2022-11-20T07:00:08.369+0000] {taskinstance.py:1406} INFO - Marking task as SUCCESS. dag_id=python_dependences, task_id=task2, execution_date=20221119T000000, start_date=20221120T065959, end_date=20221120T070008
[2022-11-20T07:00:08.754+0000] {local_task_job.py:164} INFO - Task exited with return code 0
[2022-11-20T07:00:09.181+0000] {local_task_job.py:273} INFO - 1 downstream tasks scheduled from follow-on schedule check
